<?xml version="1.0" encoding="UTF-8" ?>
<testsuite errors="0" failures="0" hostname="Anty-PC" name="powertac.household.customer.CustomerTests" tests="5" time="8.315" timestamp="2011-03-26T13:36:20">
  <properties />
  <testcase classname="powertac.household.customer.CustomerTests" name="testCreationAndSubscriptionToDefault" time="3.853" />
  <testcase classname="powertac.household.customer.CustomerTests" name="testPowerConsumption" time="1.139" />
  <testcase classname="powertac.household.customer.CustomerTests" name="testChangingSubscriptions" time="1.123" />
  <testcase classname="powertac.household.customer.CustomerTests" name="testRevokingSubscriptions" time="1.139" />
  <testcase classname="powertac.household.customer.CustomerTests" name="testTariffPublication" time="1.045" />
  <system-out><![CDATA[--Output from testCreationAndSubscriptionToDefault--
Initializing House 0
Initializing House 1
Initializing House 2
Initializing House 3
Initializing House 4
Initializing House 5
Initializing House 6
Initializing House 7
Initializing House 8
Initializing House 9
Day 0
Quarter : 1 Load : 1431
Quarter : 2 Load : 3743
Quarter : 3 Load : 5174
Quarter : 4 Load : 3743
Quarter : 5 Load : 5174
Quarter : 6 Load : 3743
Quarter : 7 Load : 5174
Quarter : 8 Load : 3743
Quarter : 9 Load : 7929
Quarter : 10 Load : 2755
Quarter : 11 Load : 4186
Quarter : 12 Load : 2755
Quarter : 13 Load : 4186
Quarter : 14 Load : 2755
Quarter : 15 Load : 4186
Quarter : 16 Load : 2755
Quarter : 17 Load : 1431
Quarter : 18 Load : 562
Quarter : 19 Load : 1993
Quarter : 20 Load : 562
Quarter : 21 Load : 1993
Quarter : 22 Load : 562
Quarter : 23 Load : 1993
Quarter : 24 Load : 562
Quarter : 25 Load : 23899
Quarter : 26 Load : 17165
Quarter : 27 Load : 8740
Quarter : 28 Load : 6619
Quarter : 29 Load : 8136
Quarter : 30 Load : 3319
Quarter : 31 Load : 3103
Quarter : 32 Load : 3531
Quarter : 33 Load : 3578
Quarter : 34 Load : 894
Quarter : 35 Load : 3177
Quarter : 36 Load : 874
Quarter : 37 Load : 2576
Quarter : 38 Load : 1483
Quarter : 39 Load : 15829
Quarter : 40 Load : 6804
Quarter : 41 Load : 7966
Quarter : 42 Load : 539
Quarter : 43 Load : 2280
Quarter : 44 Load : 1170
Quarter : 45 Load : 2443
Quarter : 46 Load : 1789
Quarter : 47 Load : 3053
Quarter : 48 Load : 5650
Quarter : 49 Load : 5351
Quarter : 50 Load : 1513
Quarter : 51 Load : 4066
Quarter : 52 Load : 2239
Quarter : 53 Load : 6157
Quarter : 54 Load : 3152
Quarter : 55 Load : 3746
Quarter : 56 Load : 5084
Quarter : 57 Load : 9462
Quarter : 58 Load : 2269
Quarter : 59 Load : 6958
Quarter : 60 Load : 5337
Quarter : 61 Load : 4466
Quarter : 62 Load : 3813
Quarter : 63 Load : 5440
Quarter : 64 Load : 4936
Quarter : 65 Load : 3212
Quarter : 66 Load : 3142
Quarter : 67 Load : 2471
Quarter : 68 Load : 737
Quarter : 69 Load : 5295
Quarter : 70 Load : 3638
Quarter : 71 Load : 2822
Quarter : 72 Load : 1253
Quarter : 73 Load : 3473
Quarter : 74 Load : 2688
Quarter : 75 Load : 5964
Quarter : 76 Load : 4563
Quarter : 77 Load : 9089
Quarter : 78 Load : 6152
Quarter : 79 Load : 3744
Quarter : 80 Load : 2447
Quarter : 81 Load : 15083
Quarter : 82 Load : 1896
Quarter : 83 Load : 4592
Quarter : 84 Load : 4057
Quarter : 85 Load : 3215
Quarter : 86 Load : 2146
Quarter : 87 Load : 2347
Quarter : 88 Load : 1545
Quarter : 89 Load : 4295
Quarter : 90 Load : 2220
Quarter : 91 Load : 1499
Quarter : 92 Load : 0
Quarter : 93 Load : 1431
Quarter : 94 Load : 0
Quarter : 95 Load : 1431
Quarter : 96 Load : 0
Day 1
Quarter : 1 Load : 1431
Quarter : 2 Load : 0
Quarter : 3 Load : 1431
Quarter : 4 Load : 0
Quarter : 5 Load : 1431
Quarter : 6 Load : 0
Quarter : 7 Load : 1431
Quarter : 8 Load : 0
Quarter : 9 Load : 1431
Quarter : 10 Load : 0
Quarter : 11 Load : 1431
Quarter : 12 Load : 0
Quarter : 13 Load : 1431
Quarter : 14 Load : 0
Quarter : 15 Load : 1431
Quarter : 16 Load : 4306
Quarter : 17 Load : 5737
Quarter : 18 Load : 5550
Quarter : 19 Load : 6981
Quarter : 20 Load : 8305
Quarter : 21 Load : 9736
Quarter : 22 Load : 8305
Quarter : 23 Load : 9736
Quarter : 24 Load : 4562
Quarter : 25 Load : 22951
Quarter : 26 Load : 18928
Quarter : 27 Load : 11360
Quarter : 28 Load : 5259
Quarter : 29 Load : 4087
Quarter : 30 Load : 5408
Quarter : 31 Load : 4645
Quarter : 32 Load : 577
Quarter : 33 Load : 2677
Quarter : 34 Load : 1299
Quarter : 35 Load : 2124
Quarter : 36 Load : 1167
Quarter : 37 Load : 2002
Quarter : 38 Load : 1739
Quarter : 39 Load : 6632
Quarter : 40 Load : 1767
Quarter : 41 Load : 3621
Quarter : 42 Load : 1873
Quarter : 43 Load : 7045
Quarter : 44 Load : 2294
Quarter : 45 Load : 3264
Quarter : 46 Load : 3644
Quarter : 47 Load : 7540
Quarter : 48 Load : 5422
Quarter : 49 Load : 6475
Quarter : 50 Load : 3063
Quarter : 51 Load : 3340
Quarter : 52 Load : 3285
Quarter : 53 Load : 3288
Quarter : 54 Load : 1692
Quarter : 55 Load : 5776
Quarter : 56 Load : 2236
Quarter : 57 Load : 4580
Quarter : 58 Load : 1144
Quarter : 59 Load : 4496
Quarter : 60 Load : 551
Quarter : 61 Load : 2375
Quarter : 62 Load : 753
Quarter : 63 Load : 3992
Quarter : 64 Load : 2678
Quarter : 65 Load : 3999
Quarter : 66 Load : 17332
Quarter : 67 Load : 8091
Quarter : 68 Load : 4755
Quarter : 69 Load : 3808
Quarter : 70 Load : 2629
Quarter : 71 Load : 6826
Quarter : 72 Load : 1606
Quarter : 73 Load : 3378
Quarter : 74 Load : 1868
Quarter : 75 Load : 4997
Quarter : 76 Load : 694
Quarter : 77 Load : 5371
Quarter : 78 Load : 4188
Quarter : 79 Load : 3643
Quarter : 80 Load : 3371
Quarter : 81 Load : 7780
Quarter : 82 Load : 5360
Quarter : 83 Load : 5421
Quarter : 84 Load : 2003
Quarter : 85 Load : 3004
Quarter : 86 Load : 1051
Quarter : 87 Load : 2095
Quarter : 88 Load : 2010
Quarter : 89 Load : 3689
Quarter : 90 Load : 890
Quarter : 91 Load : 1512
Quarter : 92 Load : 281
Quarter : 93 Load : 1746
Quarter : 94 Load : 0
Quarter : 95 Load : 1431
Quarter : 96 Load : 0
Day 2
Quarter : 1 Load : 1431
Quarter : 2 Load : 0
Quarter : 3 Load : 1431
Quarter : 4 Load : 3743
Quarter : 5 Load : 5174
Quarter : 6 Load : 3743
Quarter : 7 Load : 5174
Quarter : 8 Load : 3743
Quarter : 9 Load : 5174
Quarter : 10 Load : 3743
Quarter : 11 Load : 5174
Quarter : 12 Load : 0
Quarter : 13 Load : 1431
Quarter : 14 Load : 2755
Quarter : 15 Load : 4186
Quarter : 16 Load : 2755
Quarter : 17 Load : 4820
Quarter : 18 Load : 3389
Quarter : 19 Load : 4820
Quarter : 20 Load : 3389
Quarter : 21 Load : 4820
Quarter : 22 Load : 634
Quarter : 23 Load : 2065
Quarter : 24 Load : 634
Quarter : 25 Load : 34510
Quarter : 26 Load : 17889
Quarter : 27 Load : 14980
Quarter : 28 Load : 6508
Quarter : 29 Load : 3736
Quarter : 30 Load : 2987
Quarter : 31 Load : 6824
Quarter : 32 Load : 3763
Quarter : 33 Load : 6422
Quarter : 34 Load : 4292
Quarter : 35 Load : 3340
Quarter : 36 Load : 1596
Quarter : 37 Load : 6209
Quarter : 38 Load : 1863
Quarter : 39 Load : 2739
Quarter : 40 Load : 2147
Quarter : 41 Load : 3007
Quarter : 42 Load : 1050
Quarter : 43 Load : 7507
Quarter : 44 Load : 3490
Quarter : 45 Load : 5743
Quarter : 46 Load : 946
Quarter : 47 Load : 3646
Quarter : 48 Load : 3137
Quarter : 49 Load : 4909
Quarter : 50 Load : 980
Quarter : 51 Load : 2413
Quarter : 52 Load : 1938
Quarter : 53 Load : 6334
Quarter : 54 Load : 785
Quarter : 55 Load : 4283
Quarter : 56 Load : 2069
Quarter : 57 Load : 5000
Quarter : 58 Load : 939
Quarter : 59 Load : 7980
Quarter : 60 Load : 2380
Quarter : 61 Load : 2212
Quarter : 62 Load : 919
Quarter : 63 Load : 2377
Quarter : 64 Load : 285
Quarter : 65 Load : 2569
Quarter : 66 Load : 400
Quarter : 67 Load : 2347
Quarter : 68 Load : 1327
Quarter : 69 Load : 6244
Quarter : 70 Load : 970
Quarter : 71 Load : 1593
Quarter : 72 Load : 847
Quarter : 73 Load : 3581
Quarter : 74 Load : 4326
Quarter : 75 Load : 5896
Quarter : 76 Load : 3443
Quarter : 77 Load : 15798
Quarter : 78 Load : 2288
Quarter : 79 Load : 3437
Quarter : 80 Load : 2790
Quarter : 81 Load : 3474
Quarter : 82 Load : 1744
Quarter : 83 Load : 3205
Quarter : 84 Load : 1540
Quarter : 85 Load : 3542
Quarter : 86 Load : 2018
Quarter : 87 Load : 2722
Quarter : 88 Load : 1646
Quarter : 89 Load : 5498
Quarter : 90 Load : 3170
Quarter : 91 Load : 1431
Quarter : 92 Load : 0
Quarter : 93 Load : 1431
Quarter : 94 Load : 0
Quarter : 95 Load : 1712
Quarter : 96 Load : 0
Day 3
Quarter : 1 Load : 1431
Quarter : 2 Load : 0
Quarter : 3 Load : 1431
Quarter : 4 Load : 0
Quarter : 5 Load : 1431
Quarter : 6 Load : 0
Quarter : 7 Load : 1431
Quarter : 8 Load : 0
Quarter : 9 Load : 4186
Quarter : 10 Load : 6498
Quarter : 11 Load : 7929
Quarter : 12 Load : 6498
Quarter : 13 Load : 7929
Quarter : 14 Load : 6498
Quarter : 15 Load : 7929
Quarter : 16 Load : 7066
Quarter : 17 Load : 5742
Quarter : 18 Load : 568
Quarter : 19 Load : 1999
Quarter : 20 Load : 568
Quarter : 21 Load : 1999
Quarter : 22 Load : 568
Quarter : 23 Load : 1999
Quarter : 24 Load : 568
Quarter : 25 Load : 32601
Quarter : 26 Load : 16440
Quarter : 27 Load : 11237
Quarter : 28 Load : 6856
Quarter : 29 Load : 1711
Quarter : 30 Load : 2938
Quarter : 31 Load : 5982
Quarter : 32 Load : 6436
Quarter : 33 Load : 6541
Quarter : 34 Load : 546
Quarter : 35 Load : 1847
Quarter : 36 Load : 4846
Quarter : 37 Load : 8144
Quarter : 38 Load : 985
Quarter : 39 Load : 1770
Quarter : 40 Load : 706
Quarter : 41 Load : 3274
Quarter : 42 Load : 6088
Quarter : 43 Load : 8324
Quarter : 44 Load : 3368
Quarter : 45 Load : 3648
Quarter : 46 Load : 1117
Quarter : 47 Load : 3704
Quarter : 48 Load : 5003
Quarter : 49 Load : 7548
Quarter : 50 Load : 1040
Quarter : 51 Load : 3194
Quarter : 52 Load : 1876
Quarter : 53 Load : 4657
Quarter : 54 Load : 1204
Quarter : 55 Load : 4524
Quarter : 56 Load : 2326
Quarter : 57 Load : 4539
Quarter : 58 Load : 2096
Quarter : 59 Load : 5460
Quarter : 60 Load : 1875
Quarter : 61 Load : 2990
Quarter : 62 Load : 1647
Quarter : 63 Load : 2306
Quarter : 64 Load : 4036
Quarter : 65 Load : 7719
Quarter : 66 Load : 3099
Quarter : 67 Load : 4462
Quarter : 68 Load : 3404
Quarter : 69 Load : 3241
Quarter : 70 Load : 2897
Quarter : 71 Load : 3758
Quarter : 72 Load : 3102
Quarter : 73 Load : 3645
Quarter : 74 Load : 4234
Quarter : 75 Load : 7091
Quarter : 76 Load : 2494
Quarter : 77 Load : 2991
Quarter : 78 Load : 1418
Quarter : 79 Load : 3263
Quarter : 80 Load : 3396
Quarter : 81 Load : 5906
Quarter : 82 Load : 16631
Quarter : 83 Load : 5333
Quarter : 84 Load : 2830
Quarter : 85 Load : 3574
Quarter : 86 Load : 1273
Quarter : 87 Load : 3748
Quarter : 88 Load : 5547
Quarter : 89 Load : 4636
Quarter : 90 Load : 2574
Quarter : 91 Load : 2438
Quarter : 92 Load : 780
Quarter : 93 Load : 1431
Quarter : 94 Load : 0
Quarter : 95 Load : 1431
Quarter : 96 Load : 0
Day 4
Quarter : 1 Load : 1431
Quarter : 2 Load : 0
Quarter : 3 Load : 1431
Quarter : 4 Load : 3743
Quarter : 5 Load : 5174
Quarter : 6 Load : 3743
Quarter : 7 Load : 5174
Quarter : 8 Load : 3743
Quarter : 9 Load : 5174
Quarter : 10 Load : 3743
Quarter : 11 Load : 5174
Quarter : 12 Load : 0
Quarter : 13 Load : 4186
Quarter : 14 Load : 2755
Quarter : 15 Load : 4186
Quarter : 16 Load : 2755
Quarter : 17 Load : 4186
Quarter : 18 Load : 2755
Quarter : 19 Load : 4186
Quarter : 20 Load : 2755
Quarter : 21 Load : 1431
Quarter : 22 Load : 0
Quarter : 23 Load : 1431
Quarter : 24 Load : 0
Quarter : 25 Load : 16683
Quarter : 26 Load : 13024
Quarter : 27 Load : 24871
Quarter : 28 Load : 6626
Quarter : 29 Load : 15292
Quarter : 30 Load : 4071
Quarter : 31 Load : 8469
Quarter : 32 Load : 5015
Quarter : 33 Load : 3506
Quarter : 34 Load : 2427
Quarter : 35 Load : 4026
Quarter : 36 Load : 4569
Quarter : 37 Load : 3015
Quarter : 38 Load : 2362
Quarter : 39 Load : 2555
Quarter : 40 Load : 773
Quarter : 41 Load : 2555
Quarter : 42 Load : 1725
Quarter : 43 Load : 6516
Quarter : 44 Load : 455
Quarter : 45 Load : 2377
Quarter : 46 Load : 2033
Quarter : 47 Load : 2175
Quarter : 48 Load : 1613
Quarter : 49 Load : 4826
Quarter : 50 Load : 3547
Quarter : 51 Load : 6679
Quarter : 52 Load : 6247
Quarter : 53 Load : 2976
Quarter : 54 Load : 2419
Quarter : 55 Load : 2058
Quarter : 56 Load : 1927
Quarter : 57 Load : 2871
Quarter : 58 Load : 1879
Quarter : 59 Load : 9566
Quarter : 60 Load : 6181
Quarter : 61 Load : 7566
Quarter : 62 Load : 2877
Quarter : 63 Load : 4267
Quarter : 64 Load : 2737
Quarter : 65 Load : 5323
Quarter : 66 Load : 2546
Quarter : 67 Load : 3151
Quarter : 68 Load : 5662
Quarter : 69 Load : 3448
Quarter : 70 Load : 706
Quarter : 71 Load : 4393
Quarter : 72 Load : 3043
Quarter : 73 Load : 2989
Quarter : 74 Load : 1707
Quarter : 75 Load : 7021
Quarter : 76 Load : 5124
Quarter : 77 Load : 2949
Quarter : 78 Load : 3399
Quarter : 79 Load : 6146
Quarter : 80 Load : 1106
Quarter : 81 Load : 4981
Quarter : 82 Load : 5327
Quarter : 83 Load : 4964
Quarter : 84 Load : 1564
Quarter : 85 Load : 3303
Quarter : 86 Load : 2094
Quarter : 87 Load : 3863
Quarter : 88 Load : 2089
Quarter : 89 Load : 5129
Quarter : 90 Load : 1523
Quarter : 91 Load : 2869
Quarter : 92 Load : 736
Quarter : 93 Load : 1545
Quarter : 94 Load : 0
Quarter : 95 Load : 1431
Quarter : 96 Load : 0
Day 5
Quarter : 1 Load : 1431
Quarter : 2 Load : 0
Quarter : 3 Load : 1431
Quarter : 4 Load : 0
Quarter : 5 Load : 1431
Quarter : 6 Load : 0
Quarter : 7 Load : 1431
Quarter : 8 Load : 0
Quarter : 9 Load : 1431
Quarter : 10 Load : 0
Quarter : 11 Load : 1431
Quarter : 12 Load : 0
Quarter : 13 Load : 1431
Quarter : 14 Load : 0
Quarter : 15 Load : 1431
Quarter : 16 Load : 0
Quarter : 17 Load : 1431
Quarter : 18 Load : 0
Quarter : 19 Load : 5174
Quarter : 20 Load : 3743
Quarter : 21 Load : 5174
Quarter : 22 Load : 4479
Quarter : 23 Load : 5910
Quarter : 24 Load : 4479
Quarter : 25 Load : 26453
Quarter : 26 Load : 26621
Quarter : 27 Load : 11169
Quarter : 28 Load : 16087
Quarter : 29 Load : 4029
Quarter : 30 Load : 3277
Quarter : 31 Load : 2430
Quarter : 32 Load : 1433
Quarter : 33 Load : 2968
Quarter : 34 Load : 5295
Quarter : 35 Load : 5888
Quarter : 36 Load : 5221
Quarter : 37 Load : 4854
Quarter : 38 Load : 3332
Quarter : 39 Load : 5393
Quarter : 40 Load : 5765
Quarter : 41 Load : 10426
Quarter : 42 Load : 7281
Quarter : 43 Load : 2730
Quarter : 44 Load : 562
Quarter : 45 Load : 5185
Quarter : 46 Load : 2836
Quarter : 47 Load : 2862
Quarter : 48 Load : 1459
Quarter : 49 Load : 2444
Quarter : 50 Load : 1184
Quarter : 51 Load : 2603
Quarter : 52 Load : 1029
Quarter : 53 Load : 3724
Quarter : 54 Load : 14536
Quarter : 55 Load : 2936
Quarter : 56 Load : 434
Quarter : 57 Load : 4730
Quarter : 58 Load : 4908
Quarter : 59 Load : 2543
Quarter : 60 Load : 3101
Quarter : 61 Load : 4394
Quarter : 62 Load : 1482
Quarter : 63 Load : 2927
Quarter : 64 Load : 848
Quarter : 65 Load : 2965
Quarter : 66 Load : 1042
Quarter : 67 Load : 4592
Quarter : 68 Load : 3413
Quarter : 69 Load : 3168
Quarter : 70 Load : 1149
Quarter : 71 Load : 2574
Quarter : 72 Load : 1517
Quarter : 73 Load : 4898
Quarter : 74 Load : 5878
Quarter : 75 Load : 5515
Quarter : 76 Load : 6377
Quarter : 77 Load : 5422
Quarter : 78 Load : 1608
Quarter : 79 Load : 5578
Quarter : 80 Load : 3724
Quarter : 81 Load : 3450
Quarter : 82 Load : 1998
Quarter : 83 Load : 4813
Quarter : 84 Load : 3519
Quarter : 85 Load : 3765
Quarter : 86 Load : 2638
Quarter : 87 Load : 3571
Quarter : 88 Load : 2718
Quarter : 89 Load : 8283
Quarter : 90 Load : 2662
Quarter : 91 Load : 1731
Quarter : 92 Load : 0
Quarter : 93 Load : 1544
Quarter : 94 Load : 395
Quarter : 95 Load : 1431
Quarter : 96 Load : 0
Day 6
Quarter : 1 Load : 1431
Quarter : 2 Load : 0
Quarter : 3 Load : 1431
Quarter : 4 Load : 0
Quarter : 5 Load : 1431
Quarter : 6 Load : 0
Quarter : 7 Load : 1431
Quarter : 8 Load : 0
Quarter : 9 Load : 4186
Quarter : 10 Load : 2755
Quarter : 11 Load : 7929
Quarter : 12 Load : 6498
Quarter : 13 Load : 7929
Quarter : 14 Load : 6498
Quarter : 15 Load : 7929
Quarter : 16 Load : 6498
Quarter : 17 Load : 5174
Quarter : 18 Load : 3743
Quarter : 19 Load : 1431
Quarter : 20 Load : 0
Quarter : 21 Load : 1431
Quarter : 22 Load : 0
Quarter : 23 Load : 1431
Quarter : 24 Load : 0
Quarter : 25 Load : 33568
Quarter : 26 Load : 18014
Quarter : 27 Load : 11014
Quarter : 28 Load : 9810
Quarter : 29 Load : 5220
Quarter : 30 Load : 1586
Quarter : 31 Load : 2154
Quarter : 32 Load : 4359
Quarter : 33 Load : 1852
Quarter : 34 Load : 5050
Quarter : 35 Load : 1971
Quarter : 36 Load : 1409
Quarter : 37 Load : 4778
Quarter : 38 Load : 3211
Quarter : 39 Load : 2131
Quarter : 40 Load : 2826
Quarter : 41 Load : 4684
Quarter : 42 Load : 1802
Quarter : 43 Load : 3559
Quarter : 44 Load : 390
Quarter : 45 Load : 2253
Quarter : 46 Load : 475
Quarter : 47 Load : 2691
Quarter : 48 Load : 6130
Quarter : 49 Load : 6372
Quarter : 50 Load : 5790
Quarter : 51 Load : 3021
Quarter : 52 Load : 2156
Quarter : 53 Load : 2932
Quarter : 54 Load : 789
Quarter : 55 Load : 1973
Quarter : 56 Load : 1274
Quarter : 57 Load : 3044
Quarter : 58 Load : 1878
Quarter : 59 Load : 3250
Quarter : 60 Load : 634
Quarter : 61 Load : 2060
Quarter : 62 Load : 1727
Quarter : 63 Load : 2080
Quarter : 64 Load : 5296
Quarter : 65 Load : 5161
Quarter : 66 Load : 6522
Quarter : 67 Load : 5099
Quarter : 68 Load : 3379
Quarter : 69 Load : 1972
Quarter : 70 Load : 2301
Quarter : 71 Load : 3865
Quarter : 72 Load : 3755
Quarter : 73 Load : 3213
Quarter : 74 Load : 1598
Quarter : 75 Load : 3228
Quarter : 76 Load : 713
Quarter : 77 Load : 3231
Quarter : 78 Load : 1265
Quarter : 79 Load : 3050
Quarter : 80 Load : 3423
Quarter : 81 Load : 6898
Quarter : 82 Load : 2559
Quarter : 83 Load : 2144
Quarter : 84 Load : 1655
Quarter : 85 Load : 1984
Quarter : 86 Load : 668
Quarter : 87 Load : 2000
Quarter : 88 Load : 907
Quarter : 89 Load : 3366
Quarter : 90 Load : 1346
Quarter : 91 Load : 2219
Quarter : 92 Load : 0
Quarter : 93 Load : 1544
Quarter : 94 Load : 0
Quarter : 95 Load : 1431
Quarter : 96 Load : 0
Day 0
Hour : 1 Load : 14091
Hour : 2 Load : 17834
Hour : 3 Load : 17625
Hour : 4 Load : 13882
Hour : 5 Load : 4548
Hour : 6 Load : 5110
Hour : 7 Load : 56423
Hour : 8 Load : 18089
Hour : 9 Load : 8523
Hour : 10 Load : 26692
Hour : 11 Load : 11955
Hour : 12 Load : 12935
Hour : 13 Load : 13169
Hour : 14 Load : 18139
Hour : 15 Load : 24026
Hour : 16 Load : 18655
Hour : 17 Load : 9562
Hour : 18 Load : 13008
Hour : 19 Load : 16688
Hour : 20 Load : 21432
Hour : 21 Load : 25628
Hour : 22 Load : 9253
Hour : 23 Load : 8014
Hour : 24 Load : 2862
Day 1
Hour : 1 Load : 2862
Hour : 2 Load : 2862
Hour : 3 Load : 2862
Hour : 4 Load : 7168
Hour : 5 Load : 26573
Hour : 6 Load : 32339
Hour : 7 Load : 58498
Hour : 8 Load : 14717
Hour : 9 Load : 7267
Hour : 10 Load : 12140
Hour : 11 Load : 14833
Hour : 12 Load : 19870
Hour : 13 Load : 16163
Hour : 14 Load : 12992
Hour : 15 Load : 10771
Hour : 16 Load : 9798
Hour : 17 Load : 34177
Hour : 18 Load : 14869
Hour : 19 Load : 10937
Hour : 20 Load : 16573
Hour : 21 Load : 20564
Hour : 22 Load : 8160
Hour : 23 Load : 6372
Hour : 24 Load : 3177
Day 2
Hour : 1 Load : 6605
Hour : 2 Load : 17834
Hour : 3 Load : 14091
Hour : 4 Load : 11127
Hour : 5 Load : 16418
Hour : 6 Load : 8153
Hour : 7 Load : 73887
Hour : 8 Load : 17310
Hour : 9 Load : 15650
Hour : 10 Load : 12958
Hour : 11 Load : 15054
Hour : 12 Load : 13472
Hour : 13 Load : 10240
Hour : 14 Load : 13471
Hour : 15 Load : 16299
Hour : 16 Load : 5793
Hour : 17 Load : 6643
Hour : 18 Load : 9654
Hour : 19 Load : 17246
Hour : 20 Load : 24313
Hour : 21 Load : 9963
Hour : 22 Load : 9928
Hour : 23 Load : 10099
Hour : 24 Load : 3143
Day 3
Hour : 1 Load : 2862
Hour : 2 Load : 2862
Hour : 3 Load : 25111
Hour : 4 Load : 29422
Hour : 5 Load : 8877
Hour : 6 Load : 5134
Hour : 7 Load : 67134
Hour : 8 Load : 17067
Hour : 9 Load : 13780
Hour : 10 Load : 11605
Hour : 11 Load : 21054
Hour : 12 Load : 13472
Hour : 13 Load : 13658
Hour : 14 Load : 12711
Hour : 15 Load : 13970
Hour : 16 Load : 10979
Hour : 17 Load : 18684
Hour : 18 Load : 12998
Hour : 19 Load : 17464
Hour : 20 Load : 11068
Hour : 21 Load : 30700
Hour : 22 Load : 14142
Hour : 23 Load : 10428
Hour : 24 Load : 2862
Day 4
Hour : 1 Load : 6605
Hour : 2 Load : 17834
Hour : 3 Load : 14091
Hour : 4 Load : 13882
Hour : 5 Load : 13882
Hour : 6 Load : 2862
Hour : 7 Load : 61204
Hour : 8 Load : 32847
Hour : 9 Load : 14528
Hour : 10 Load : 8705
Hour : 11 Load : 11251
Hour : 12 Load : 8198
Hour : 13 Load : 21299
Hour : 14 Load : 9380
Hour : 15 Load : 20497
Hour : 16 Load : 17447
Hour : 17 Load : 16682
Hour : 18 Load : 11590
Hour : 19 Load : 16841
Hour : 20 Load : 13600
Hour : 21 Load : 16836
Hour : 22 Load : 11349
Hour : 23 Load : 10257
Hour : 24 Load : 2976
Day 5
Hour : 1 Load : 2862
Hour : 2 Load : 2862
Hour : 3 Load : 2862
Hour : 4 Load : 2862
Hour : 5 Load : 10348
Hour : 6 Load : 20042
Hour : 7 Load : 80330
Hour : 8 Load : 11169
Hour : 9 Load : 19372
Hour : 10 Load : 19344
Hour : 11 Load : 20999
Hour : 12 Load : 12342
Hour : 13 Load : 7260
Hour : 14 Load : 21630
Hour : 15 Load : 15282
Hour : 16 Load : 9651
Hour : 17 Load : 12012
Hour : 18 Load : 8408
Hour : 19 Load : 22668
Hour : 20 Load : 16332
Hour : 21 Load : 13780
Hour : 22 Load : 12692
Hour : 23 Load : 12676
Hour : 24 Load : 3370
Day 6
Hour : 1 Load : 2862
Hour : 2 Load : 2862
Hour : 3 Load : 21368
Hour : 4 Load : 28854
Hour : 5 Load : 10348
Hour : 6 Load : 2862
Hour : 7 Load : 72406
Hour : 8 Load : 13319
Hour : 9 Load : 10282
Hour : 10 Load : 12946
Hour : 11 Load : 10435
Hour : 12 Load : 11549
Hour : 13 Load : 17339
Hour : 14 Load : 6968
Hour : 15 Load : 8806
Hour : 16 Load : 11163
Hour : 17 Load : 20161
Hour : 18 Load : 11893
Hour : 19 Load : 8752
Hour : 20 Load : 10969
Hour : 21 Load : 13256
Hour : 22 Load : 5559
Hour : 23 Load : 6931
Hour : 24 Load : 2975
Initializing House 0
Initializing House 1
Initializing House 2
Initializing House 3
Initializing House 4
Initializing House 5
Initializing House 6
Initializing House 7
Initializing House 8
Initializing House 9
Day 0
Quarter : 1 Load : 1442
Quarter : 2 Load : 0
Quarter : 3 Load : 1442
Quarter : 4 Load : 0
Quarter : 5 Load : 1442
Quarter : 6 Load : 0
Quarter : 7 Load : 1442
Quarter : 8 Load : 0
Quarter : 9 Load : 1442
Quarter : 10 Load : 0
Quarter : 11 Load : 1442
Quarter : 12 Load : 0
Quarter : 13 Load : 1442
Quarter : 14 Load : 0
Quarter : 15 Load : 1442
Quarter : 16 Load : 0
Quarter : 17 Load : 1442
Quarter : 18 Load : 0
Quarter : 19 Load : 1442
Quarter : 20 Load : 0
Quarter : 21 Load : 1442
Quarter : 22 Load : 0
Quarter : 23 Load : 2106
Quarter : 24 Load : 664
Quarter : 25 Load : 17232
Quarter : 26 Load : 12810
Quarter : 27 Load : 11923
Quarter : 28 Load : 7548
Quarter : 29 Load : 4444
Quarter : 30 Load : 5648
Quarter : 31 Load : 6400
Quarter : 32 Load : 1551
Quarter : 33 Load : 3479
Quarter : 34 Load : 2208
Quarter : 35 Load : 2493
Quarter : 36 Load : 3253
Quarter : 37 Load : 3285
Quarter : 38 Load : 3658
Quarter : 39 Load : 4276
Quarter : 40 Load : 4419
Quarter : 41 Load : 3787
Quarter : 42 Load : 2787
Quarter : 43 Load : 5028
Quarter : 44 Load : 1759
Quarter : 45 Load : 3666
Quarter : 46 Load : 1815
Quarter : 47 Load : 2655
Quarter : 48 Load : 2834
Quarter : 49 Load : 8202
Quarter : 50 Load : 17345
Quarter : 51 Load : 2684
Quarter : 52 Load : 1090
Quarter : 53 Load : 3888
Quarter : 54 Load : 1449
Quarter : 55 Load : 3497
Quarter : 56 Load : 1263
Quarter : 57 Load : 4854
Quarter : 58 Load : 3669
Quarter : 59 Load : 4564
Quarter : 60 Load : 2168
Quarter : 61 Load : 2474
Quarter : 62 Load : 1584
Quarter : 63 Load : 3441
Quarter : 64 Load : 1985
Quarter : 65 Load : 3985
Quarter : 66 Load : 2190
Quarter : 67 Load : 3287
Quarter : 68 Load : 921
Quarter : 69 Load : 4291
Quarter : 70 Load : 3354
Quarter : 71 Load : 1967
Quarter : 72 Load : 2128
Quarter : 73 Load : 5449
Quarter : 74 Load : 4265
Quarter : 75 Load : 2187
Quarter : 76 Load : 14689
Quarter : 77 Load : 7661
Quarter : 78 Load : 3071
Quarter : 79 Load : 3051
Quarter : 80 Load : 11744
Quarter : 81 Load : 2767
Quarter : 82 Load : 1862
Quarter : 83 Load : 2913
Quarter : 84 Load : 2529
Quarter : 85 Load : 3281
Quarter : 86 Load : 2932
Quarter : 87 Load : 3486
Quarter : 88 Load : 878
Quarter : 89 Load : 2953
Quarter : 90 Load : 2092
Quarter : 91 Load : 2398
Quarter : 92 Load : 100
Quarter : 93 Load : 1442
Quarter : 94 Load : 0
Quarter : 95 Load : 1442
Quarter : 96 Load : 0
Day 1
Quarter : 1 Load : 1442
Quarter : 2 Load : 0
Quarter : 3 Load : 1442
Quarter : 4 Load : 0
Quarter : 5 Load : 1442
Quarter : 6 Load : 0
Quarter : 7 Load : 1442
Quarter : 8 Load : 0
Quarter : 9 Load : 1442
Quarter : 10 Load : 0
Quarter : 11 Load : 1442
Quarter : 12 Load : 0
Quarter : 13 Load : 1442
Quarter : 14 Load : 0
Quarter : 15 Load : 1442
Quarter : 16 Load : 0
Quarter : 17 Load : 1442
Quarter : 18 Load : 1955
Quarter : 19 Load : 3397
Quarter : 20 Load : 1955
Quarter : 21 Load : 3397
Quarter : 22 Load : 1955
Quarter : 23 Load : 3968
Quarter : 24 Load : 2526
Quarter : 25 Load : 46659
Quarter : 26 Load : 32223
Quarter : 27 Load : 10895
Quarter : 28 Load : 7186
Quarter : 29 Load : 4799
Quarter : 30 Load : 3835
Quarter : 31 Load : 4915
Quarter : 32 Load : 1937
Quarter : 33 Load : 2431
Quarter : 34 Load : 3864
Quarter : 35 Load : 6077
Quarter : 36 Load : 1124
Quarter : 37 Load : 2794
Quarter : 38 Load : 758
Quarter : 39 Load : 2670
Quarter : 40 Load : 613
Quarter : 41 Load : 2546
Quarter : 42 Load : 1711
Quarter : 43 Load : 2704
Quarter : 44 Load : 1773
Quarter : 45 Load : 3444
Quarter : 46 Load : 1219
Quarter : 47 Load : 3394
Quarter : 48 Load : 1554
Quarter : 49 Load : 4640
Quarter : 50 Load : 3882
Quarter : 51 Load : 3619
Quarter : 52 Load : 2419
Quarter : 53 Load : 3713
Quarter : 54 Load : 2316
Quarter : 55 Load : 2761
Quarter : 56 Load : 2560
Quarter : 57 Load : 3684
Quarter : 58 Load : 1911
Quarter : 59 Load : 2678
Quarter : 60 Load : 2051
Quarter : 61 Load : 3997
Quarter : 62 Load : 1593
Quarter : 63 Load : 2120
Quarter : 64 Load : 927
Quarter : 65 Load : 4663
Quarter : 66 Load : 4295
Quarter : 67 Load : 5738
Quarter : 68 Load : 1341
Quarter : 69 Load : 4148
Quarter : 70 Load : 1551
Quarter : 71 Load : 4247
Quarter : 72 Load : 3986
Quarter : 73 Load : 2692
Quarter : 74 Load : 474
Quarter : 75 Load : 5320
Quarter : 76 Load : 4394
Quarter : 77 Load : 2646
Quarter : 78 Load : 3888
Quarter : 79 Load : 4405
Quarter : 80 Load : 585
Quarter : 81 Load : 2849
Quarter : 82 Load : 2135
Quarter : 83 Load : 4746
Quarter : 84 Load : 3881
Quarter : 85 Load : 4060
Quarter : 86 Load : 1904
Quarter : 87 Load : 2680
Quarter : 88 Load : 2313
Quarter : 89 Load : 2451
Quarter : 90 Load : 2256
Quarter : 91 Load : 1831
Quarter : 92 Load : 543
Quarter : 93 Load : 1442
Quarter : 94 Load : 0
Quarter : 95 Load : 1442
Quarter : 96 Load : 0
Day 2
Quarter : 1 Load : 1442
Quarter : 2 Load : 0
Quarter : 3 Load : 1442
Quarter : 4 Load : 0
Quarter : 5 Load : 1442
Quarter : 6 Load : 0
Quarter : 7 Load : 1442
Quarter : 8 Load : 0
Quarter : 9 Load : 1442
Quarter : 10 Load : 0
Quarter : 11 Load : 1442
Quarter : 12 Load : 0
Quarter : 13 Load : 1442
Quarter : 14 Load : 0
Quarter : 15 Load : 1442
Quarter : 16 Load : 871
Quarter : 17 Load : 2313
Quarter : 18 Load : 1556
Quarter : 19 Load : 2998
Quarter : 20 Load : 2081
Quarter : 21 Load : 3523
Quarter : 22 Load : 2081
Quarter : 23 Load : 3523
Quarter : 24 Load : 2081
Quarter : 25 Load : 28532
Quarter : 26 Load : 13960
Quarter : 27 Load : 7755
Quarter : 28 Load : 2995
Quarter : 29 Load : 4851
Quarter : 30 Load : 3765
Quarter : 31 Load : 6710
Quarter : 32 Load : 5089
Quarter : 33 Load : 3948
Quarter : 34 Load : 4609
Quarter : 35 Load : 5753
Quarter : 36 Load : 1337
Quarter : 37 Load : 3712
Quarter : 38 Load : 787
Quarter : 39 Load : 3699
Quarter : 40 Load : 984
Quarter : 41 Load : 3557
Quarter : 42 Load : 4509
Quarter : 43 Load : 6198
Quarter : 44 Load : 3030
Quarter : 45 Load : 7283
Quarter : 46 Load : 3601
Quarter : 47 Load : 5375
Quarter : 48 Load : 2761
Quarter : 49 Load : 2787
Quarter : 50 Load : 799
Quarter : 51 Load : 2615
Quarter : 52 Load : 3296
Quarter : 53 Load : 4535
Quarter : 54 Load : 11934
Quarter : 55 Load : 2799
Quarter : 56 Load : 980
Quarter : 57 Load : 2455
Quarter : 58 Load : 1796
Quarter : 59 Load : 3446
Quarter : 60 Load : 2125
Quarter : 61 Load : 3521
Quarter : 62 Load : 2684
Quarter : 63 Load : 3441
Quarter : 64 Load : 2527
Quarter : 65 Load : 4623
Quarter : 66 Load : 4215
Quarter : 67 Load : 3587
Quarter : 68 Load : 1713
Quarter : 69 Load : 4518
Quarter : 70 Load : 2488
Quarter : 71 Load : 3540
Quarter : 72 Load : 1293
Quarter : 73 Load : 3569
Quarter : 74 Load : 1493
Quarter : 75 Load : 2810
Quarter : 76 Load : 1209
Quarter : 77 Load : 4298
Quarter : 78 Load : 3586
Quarter : 79 Load : 5260
Quarter : 80 Load : 2070
Quarter : 81 Load : 4698
Quarter : 82 Load : 14335
Quarter : 83 Load : 3982
Quarter : 84 Load : 822
Quarter : 85 Load : 3762
Quarter : 86 Load : 1146
Quarter : 87 Load : 2635
Quarter : 88 Load : 3088
Quarter : 89 Load : 4335
Quarter : 90 Load : 2541
Quarter : 91 Load : 1442
Quarter : 92 Load : 373
Quarter : 93 Load : 1961
Quarter : 94 Load : 0
Quarter : 95 Load : 1442
Quarter : 96 Load : 0
Day 3
Quarter : 1 Load : 1442
Quarter : 2 Load : 0
Quarter : 3 Load : 1442
Quarter : 4 Load : 0
Quarter : 5 Load : 1442
Quarter : 6 Load : 0
Quarter : 7 Load : 1442
Quarter : 8 Load : 0
Quarter : 9 Load : 1442
Quarter : 10 Load : 0
Quarter : 11 Load : 1442
Quarter : 12 Load : 0
Quarter : 13 Load : 1442
Quarter : 14 Load : 0
Quarter : 15 Load : 1442
Quarter : 16 Load : 891
Quarter : 17 Load : 2333
Quarter : 18 Load : 1555
Quarter : 19 Load : 3669
Quarter : 20 Load : 2227
Quarter : 21 Load : 3669
Quarter : 22 Load : 2227
Quarter : 23 Load : 3669
Quarter : 24 Load : 2227
Quarter : 25 Load : 33401
Quarter : 26 Load : 19769
Quarter : 27 Load : 10958
Quarter : 28 Load : 6733
Quarter : 29 Load : 5201
Quarter : 30 Load : 2502
Quarter : 31 Load : 2491
Quarter : 32 Load : 3384
Quarter : 33 Load : 3476
Quarter : 34 Load : 2589
Quarter : 35 Load : 2749
Quarter : 36 Load : 813
Quarter : 37 Load : 5069
Quarter : 38 Load : 2090
Quarter : 39 Load : 2781
Quarter : 40 Load : 788
Quarter : 41 Load : 2784
Quarter : 42 Load : 1100
Quarter : 43 Load : 5021
Quarter : 44 Load : 3386
Quarter : 45 Load : 2846
Quarter : 46 Load : 696
Quarter : 47 Load : 3276
Quarter : 48 Load : 1186
Quarter : 49 Load : 2801
Quarter : 50 Load : 1273
Quarter : 51 Load : 2431
Quarter : 52 Load : 4001
Quarter : 53 Load : 5164
Quarter : 54 Load : 2946
Quarter : 55 Load : 4226
Quarter : 56 Load : 2254
Quarter : 57 Load : 4264
Quarter : 58 Load : 2616
Quarter : 59 Load : 6943
Quarter : 60 Load : 3832
Quarter : 61 Load : 3195
Quarter : 62 Load : 2568
Quarter : 63 Load : 3141
Quarter : 64 Load : 1690
Quarter : 65 Load : 2968
Quarter : 66 Load : 3006
Quarter : 67 Load : 4281
Quarter : 68 Load : 2590
Quarter : 69 Load : 2879
Quarter : 70 Load : 1911
Quarter : 71 Load : 5951
Quarter : 72 Load : 6085
Quarter : 73 Load : 5670
Quarter : 74 Load : 3142
Quarter : 75 Load : 4064
Quarter : 76 Load : 2341
Quarter : 77 Load : 3955
Quarter : 78 Load : 3557
Quarter : 79 Load : 5131
Quarter : 80 Load : 1517
Quarter : 81 Load : 2641
Quarter : 82 Load : 2691
Quarter : 83 Load : 2571
Quarter : 84 Load : 1565
Quarter : 85 Load : 2938
Quarter : 86 Load : 1208
Quarter : 87 Load : 13831
Quarter : 88 Load : 1665
Quarter : 89 Load : 13624
Quarter : 90 Load : 2348
Quarter : 91 Load : 2390
Quarter : 92 Load : 888
Quarter : 93 Load : 1442
Quarter : 94 Load : 100
Quarter : 95 Load : 1442
Quarter : 96 Load : 0
Day 4
Quarter : 1 Load : 1442
Quarter : 2 Load : 0
Quarter : 3 Load : 1442
Quarter : 4 Load : 0
Quarter : 5 Load : 1442
Quarter : 6 Load : 0
Quarter : 7 Load : 1442
Quarter : 8 Load : 0
Quarter : 9 Load : 1442
Quarter : 10 Load : 0
Quarter : 11 Load : 1442
Quarter : 12 Load : 0
Quarter : 13 Load : 1442
Quarter : 14 Load : 0
Quarter : 15 Load : 1442
Quarter : 16 Load : 464
Quarter : 17 Load : 1906
Quarter : 18 Load : 464
Quarter : 19 Load : 1906
Quarter : 20 Load : 464
Quarter : 21 Load : 1906
Quarter : 22 Load : 1048
Quarter : 23 Load : 2490
Quarter : 24 Load : 1048
Quarter : 25 Load : 15581
Quarter : 26 Load : 12404
Quarter : 27 Load : 8720
Quarter : 28 Load : 4852
Quarter : 29 Load : 5195
Quarter : 30 Load : 4365
Quarter : 31 Load : 4374
Quarter : 32 Load : 4469
Quarter : 33 Load : 5160
Quarter : 34 Load : 2349
Quarter : 35 Load : 2976
Quarter : 36 Load : 3777
Quarter : 37 Load : 5841
Quarter : 38 Load : 4749
Quarter : 39 Load : 3346
Quarter : 40 Load : 975
Quarter : 41 Load : 3641
Quarter : 42 Load : 2079
Quarter : 43 Load : 3546
Quarter : 44 Load : 1516
Quarter : 45 Load : 2384
Quarter : 46 Load : 460
Quarter : 47 Load : 5805
Quarter : 48 Load : 3843
Quarter : 49 Load : 2779
Quarter : 50 Load : 2461
Quarter : 51 Load : 3740
Quarter : 52 Load : 3202
Quarter : 53 Load : 3591
Quarter : 54 Load : 2530
Quarter : 55 Load : 3983
Quarter : 56 Load : 3312
Quarter : 57 Load : 4115
Quarter : 58 Load : 14222
Quarter : 59 Load : 4717
Quarter : 60 Load : 4386
Quarter : 61 Load : 4730
Quarter : 62 Load : 4575
Quarter : 63 Load : 4872
Quarter : 64 Load : 5162
Quarter : 65 Load : 6199
Quarter : 66 Load : 3002
Quarter : 67 Load : 5449
Quarter : 68 Load : 1444
Quarter : 69 Load : 2564
Quarter : 70 Load : 4422
Quarter : 71 Load : 6583
Quarter : 72 Load : 1367
Quarter : 73 Load : 4852
Quarter : 74 Load : 4976
Quarter : 75 Load : 5255
Quarter : 76 Load : 12443
Quarter : 77 Load : 2823
Quarter : 78 Load : 2248
Quarter : 79 Load : 3207
Quarter : 80 Load : 1937
Quarter : 81 Load : 2489
Quarter : 82 Load : 1226
Quarter : 83 Load : 4061
Quarter : 84 Load : 1418
Quarter : 85 Load : 2427
Quarter : 86 Load : 3143
Quarter : 87 Load : 5283
Quarter : 88 Load : 2206
Quarter : 89 Load : 3366
Quarter : 90 Load : 12013
Quarter : 91 Load : 1599
Quarter : 92 Load : 1029
Quarter : 93 Load : 1442
Quarter : 94 Load : 0
Quarter : 95 Load : 1442
Quarter : 96 Load : 0
Day 5
Quarter : 1 Load : 1442
Quarter : 2 Load : 0
Quarter : 3 Load : 1442
Quarter : 4 Load : 0
Quarter : 5 Load : 1442
Quarter : 6 Load : 0
Quarter : 7 Load : 1442
Quarter : 8 Load : 0
Quarter : 9 Load : 1442
Quarter : 10 Load : 0
Quarter : 11 Load : 1442
Quarter : 12 Load : 0
Quarter : 13 Load : 1442
Quarter : 14 Load : 0
Quarter : 15 Load : 1442
Quarter : 16 Load : 672
Quarter : 17 Load : 2114
Quarter : 18 Load : 1169
Quarter : 19 Load : 2611
Quarter : 20 Load : 1169
Quarter : 21 Load : 2611
Quarter : 22 Load : 1169
Quarter : 23 Load : 2611
Quarter : 24 Load : 1169
Quarter : 25 Load : 29108
Quarter : 26 Load : 16110
Quarter : 27 Load : 9630
Quarter : 28 Load : 3719
Quarter : 29 Load : 4698
Quarter : 30 Load : 1751
Quarter : 31 Load : 4373
Quarter : 32 Load : 1840
Quarter : 33 Load : 3151
Quarter : 34 Load : 3019
Quarter : 35 Load : 4245
Quarter : 36 Load : 3726
Quarter : 37 Load : 4889
Quarter : 38 Load : 976
Quarter : 39 Load : 3026
Quarter : 40 Load : 3029
Quarter : 41 Load : 6730
Quarter : 42 Load : 2621
Quarter : 43 Load : 2698
Quarter : 44 Load : 3151
Quarter : 45 Load : 5315
Quarter : 46 Load : 3692
Quarter : 47 Load : 3841
Quarter : 48 Load : 1330
Quarter : 49 Load : 4373
Quarter : 50 Load : 1719
Quarter : 51 Load : 3506
Quarter : 52 Load : 1935
Quarter : 53 Load : 4357
Quarter : 54 Load : 2260
Quarter : 55 Load : 2606
Quarter : 56 Load : 1687
Quarter : 57 Load : 3184
Quarter : 58 Load : 1717
Quarter : 59 Load : 1794
Quarter : 60 Load : 1358
Quarter : 61 Load : 4610
Quarter : 62 Load : 4841
Quarter : 63 Load : 2521
Quarter : 64 Load : 853
Quarter : 65 Load : 2999
Quarter : 66 Load : 3395
Quarter : 67 Load : 4558
Quarter : 68 Load : 1805
Quarter : 69 Load : 3037
Quarter : 70 Load : 942
Quarter : 71 Load : 2165
Quarter : 72 Load : 1708
Quarter : 73 Load : 2740
Quarter : 74 Load : 1650
Quarter : 75 Load : 4575
Quarter : 76 Load : 570
Quarter : 77 Load : 2756
Quarter : 78 Load : 13142
Quarter : 79 Load : 1716
Quarter : 80 Load : 948
Quarter : 81 Load : 3935
Quarter : 82 Load : 1019
Quarter : 83 Load : 3047
Quarter : 84 Load : 14378
Quarter : 85 Load : 5646
Quarter : 86 Load : 3552
Quarter : 87 Load : 3108
Quarter : 88 Load : 2379
Quarter : 89 Load : 1997
Quarter : 90 Load : 1186
Quarter : 91 Load : 2061
Quarter : 92 Load : 468
Quarter : 93 Load : 1791
Quarter : 94 Load : 0
Quarter : 95 Load : 1442
Quarter : 96 Load : 0
Day 6
Quarter : 1 Load : 1442
Quarter : 2 Load : 0
Quarter : 3 Load : 1442
Quarter : 4 Load : 0
Quarter : 5 Load : 1442
Quarter : 6 Load : 0
Quarter : 7 Load : 1442
Quarter : 8 Load : 0
Quarter : 9 Load : 1442
Quarter : 10 Load : 0
Quarter : 11 Load : 1442
Quarter : 12 Load : 0
Quarter : 13 Load : 1442
Quarter : 14 Load : 0
Quarter : 15 Load : 1442
Quarter : 16 Load : 0
Quarter : 17 Load : 1442
Quarter : 18 Load : 0
Quarter : 19 Load : 1442
Quarter : 20 Load : 0
Quarter : 21 Load : 1442
Quarter : 22 Load : 0
Quarter : 23 Load : 1442
Quarter : 24 Load : 0
Quarter : 25 Load : 25332
Quarter : 26 Load : 11134
Quarter : 27 Load : 6218
Quarter : 28 Load : 3666
Quarter : 29 Load : 2536
Quarter : 30 Load : 1460
Quarter : 31 Load : 2228
Quarter : 32 Load : 1192
Quarter : 33 Load : 4166
Quarter : 34 Load : 789
Quarter : 35 Load : 3228
Quarter : 36 Load : 659
Quarter : 37 Load : 2640
Quarter : 38 Load : 2331
Quarter : 39 Load : 3525
Quarter : 40 Load : 1289
Quarter : 41 Load : 2442
Quarter : 42 Load : 1555
Quarter : 43 Load : 3221
Quarter : 44 Load : 1898
Quarter : 45 Load : 6487
Quarter : 46 Load : 5066
Quarter : 47 Load : 4021
Quarter : 48 Load : 687
Quarter : 49 Load : 3729
Quarter : 50 Load : 1462
Quarter : 51 Load : 2371
Quarter : 52 Load : 1451
Quarter : 53 Load : 4374
Quarter : 54 Load : 1868
Quarter : 55 Load : 5172
Quarter : 56 Load : 3900
Quarter : 57 Load : 5245
Quarter : 58 Load : 7877
Quarter : 59 Load : 5305
Quarter : 60 Load : 2604
Quarter : 61 Load : 4280
Quarter : 62 Load : 3186
Quarter : 63 Load : 1993
Quarter : 64 Load : 327
Quarter : 65 Load : 2825
Quarter : 66 Load : 2545
Quarter : 67 Load : 3038
Quarter : 68 Load : 1733
Quarter : 69 Load : 3958
Quarter : 70 Load : 4863
Quarter : 71 Load : 3333
Quarter : 72 Load : 2657
Quarter : 73 Load : 3879
Quarter : 74 Load : 3104
Quarter : 75 Load : 4627
Quarter : 76 Load : 12090
Quarter : 77 Load : 2593
Quarter : 78 Load : 1469
Quarter : 79 Load : 3044
Quarter : 80 Load : 523
Quarter : 81 Load : 3259
Quarter : 82 Load : 2439
Quarter : 83 Load : 4346
Quarter : 84 Load : 3685
Quarter : 85 Load : 6175
Quarter : 86 Load : 13339
Quarter : 87 Load : 2098
Quarter : 88 Load : 1814
Quarter : 89 Load : 2127
Quarter : 90 Load : 1764
Quarter : 91 Load : 2320
Quarter : 92 Load : 0
Quarter : 93 Load : 2067
Quarter : 94 Load : 0
Quarter : 95 Load : 1442
Quarter : 96 Load : 0
Day 0
Hour : 1 Load : 2884
Hour : 2 Load : 2884
Hour : 3 Load : 2884
Hour : 4 Load : 2884
Hour : 5 Load : 2884
Hour : 6 Load : 4212
Hour : 7 Load : 49513
Hour : 8 Load : 18043
Hour : 9 Load : 11433
Hour : 10 Load : 15638
Hour : 11 Load : 13361
Hour : 12 Load : 10970
Hour : 13 Load : 29321
Hour : 14 Load : 10097
Hour : 15 Load : 15255
Hour : 16 Load : 9484
Hour : 17 Load : 10383
Hour : 18 Load : 11740
Hour : 19 Load : 26590
Hour : 20 Load : 25527
Hour : 21 Load : 10071
Hour : 22 Load : 10577
Hour : 23 Load : 7543
Hour : 24 Load : 2884
Day 1
Hour : 1 Load : 2884
Hour : 2 Load : 2884
Hour : 3 Load : 2884
Hour : 4 Load : 2884
Hour : 5 Load : 8749
Hour : 6 Load : 11846
Hour : 7 Load : 96963
Hour : 8 Load : 15486
Hour : 9 Load : 13496
Hour : 10 Load : 6835
Hour : 11 Load : 8734
Hour : 12 Load : 9611
Hour : 13 Load : 14560
Hour : 14 Load : 11350
Hour : 15 Load : 10324
Hour : 16 Load : 8637
Hour : 17 Load : 16037
Hour : 18 Load : 13932
Hour : 19 Load : 12880
Hour : 20 Load : 11524
Hour : 21 Load : 13611
Hour : 22 Load : 10957
Hour : 23 Load : 7081
Hour : 24 Load : 2884
Day 2
Hour : 1 Load : 2884
Hour : 2 Load : 2884
Hour : 3 Load : 2884
Hour : 4 Load : 3755
Hour : 5 Load : 8948
Hour : 6 Load : 11208
Hour : 7 Load : 53242
Hour : 8 Load : 20415
Hour : 9 Load : 15647
Hour : 10 Load : 9182
Hour : 11 Load : 17294
Hour : 12 Load : 19020
Hour : 13 Load : 9497
Hour : 14 Load : 20248
Hour : 15 Load : 9822
Hour : 16 Load : 12173
Hour : 17 Load : 14138
Hour : 18 Load : 11839
Hour : 19 Load : 9081
Hour : 20 Load : 15214
Hour : 21 Load : 23837
Hour : 22 Load : 10631
Hour : 23 Load : 8691
Hour : 24 Load : 3403
Day 3
Hour : 1 Load : 2884
Hour : 2 Load : 2884
Hour : 3 Load : 2884
Hour : 4 Load : 3775
Hour : 5 Load : 9784
Hour : 6 Load : 11792
Hour : 7 Load : 70861
Hour : 8 Load : 13578
Hour : 9 Load : 9627
Hour : 10 Load : 10728
Hour : 11 Load : 12291
Hour : 12 Load : 8004
Hour : 13 Load : 10506
Hour : 14 Load : 14590
Hour : 15 Load : 17655
Hour : 16 Load : 10594
Hour : 17 Load : 12845
Hour : 18 Load : 16826
Hour : 19 Load : 15217
Hour : 20 Load : 14160
Hour : 21 Load : 9468
Hour : 22 Load : 19642
Hour : 23 Load : 19250
Hour : 24 Load : 2984
Day 4
Hour : 1 Load : 2884
Hour : 2 Load : 2884
Hour : 3 Load : 2884
Hour : 4 Load : 3348
Hour : 5 Load : 4740
Hour : 6 Load : 6492
Hour : 7 Load : 41557
Hour : 8 Load : 18403
Hour : 9 Load : 14262
Hour : 10 Load : 14911
Hour : 11 Load : 10782
Hour : 12 Load : 12492
Hour : 13 Load : 12182
Hour : 14 Load : 13416
Hour : 15 Load : 27440
Hour : 16 Load : 19339
Hour : 17 Load : 16094
Hour : 18 Load : 14936
Hour : 19 Load : 27526
Hour : 20 Load : 10215
Hour : 21 Load : 9194
Hour : 22 Load : 13059
Hour : 23 Load : 18007
Hour : 24 Load : 2884
Day 5
Hour : 1 Load : 2884
Hour : 2 Load : 2884
Hour : 3 Load : 2884
Hour : 4 Load : 3556
Hour : 5 Load : 7063
Hour : 6 Load : 7560
Hour : 7 Load : 58567
Hour : 8 Load : 12662
Hour : 9 Load : 14141
Hour : 10 Load : 11920
Hour : 11 Load : 15200
Hour : 12 Load : 14178
Hour : 13 Load : 11533
Hour : 14 Load : 10910
Hour : 15 Load : 8053
Hour : 16 Load : 12825
Hour : 17 Load : 12757
Hour : 18 Load : 7852
Hour : 19 Load : 9535
Hour : 20 Load : 18562
Hour : 21 Load : 22379
Hour : 22 Load : 14685
Hour : 23 Load : 5712
Hour : 24 Load : 3233
Day 6
Hour : 1 Load : 2884
Hour : 2 Load : 2884
Hour : 3 Load : 2884
Hour : 4 Load : 2884
Hour : 5 Load : 2884
Hour : 6 Load : 2884
Hour : 7 Load : 46350
Hour : 8 Load : 7416
Hour : 9 Load : 8842
Hour : 10 Load : 9785
Hour : 11 Load : 9116
Hour : 12 Load : 16261
Hour : 13 Load : 9013
Hour : 14 Load : 15314
Hour : 15 Load : 21031
Hour : 16 Load : 9786
Hour : 17 Load : 10141
Hour : 18 Load : 14811
Hour : 19 Load : 23700
Hour : 20 Load : 7629
Hour : 21 Load : 13729
Hour : 22 Load : 23426
Hour : 23 Load : 6211
Hour : 24 Load : 3509
End of initialization

--Output from testPowerConsumption--
Initializing House 0
Initializing House 1
Initializing House 2
Initializing House 3
Initializing House 4
Initializing House 5
Initializing House 6
Initializing House 7
Initializing House 8
Initializing House 9
Day 0
Quarter : 1 Load : 1428
Quarter : 2 Load : 0
Quarter : 3 Load : 1428
Quarter : 4 Load : 0
Quarter : 5 Load : 1428
Quarter : 6 Load : 0
Quarter : 7 Load : 1428
Quarter : 8 Load : 0
Quarter : 9 Load : 1428
Quarter : 10 Load : 0
Quarter : 11 Load : 1428
Quarter : 12 Load : 0
Quarter : 13 Load : 1428
Quarter : 14 Load : 0
Quarter : 15 Load : 1428
Quarter : 16 Load : 674
Quarter : 17 Load : 2102
Quarter : 18 Load : 1885
Quarter : 19 Load : 3313
Quarter : 20 Load : 1885
Quarter : 21 Load : 3313
Quarter : 22 Load : 2253
Quarter : 23 Load : 3681
Quarter : 24 Load : 2253
Quarter : 25 Load : 30989
Quarter : 26 Load : 14655
Quarter : 27 Load : 26174
Quarter : 28 Load : 7188
Quarter : 29 Load : 7169
Quarter : 30 Load : 3259
Quarter : 31 Load : 10111
Quarter : 32 Load : 7661
Quarter : 33 Load : 6534
Quarter : 34 Load : 4916
Quarter : 35 Load : 6941
Quarter : 36 Load : 6272
Quarter : 37 Load : 7487
Quarter : 38 Load : 5823
Quarter : 39 Load : 3405
Quarter : 40 Load : 2703
Quarter : 41 Load : 4303
Quarter : 42 Load : 2934
Quarter : 43 Load : 3914
Quarter : 44 Load : 4841
Quarter : 45 Load : 5945
Quarter : 46 Load : 1871
Quarter : 47 Load : 2353
Quarter : 48 Load : 2747
Quarter : 49 Load : 6341
Quarter : 50 Load : 17899
Quarter : 51 Load : 2846
Quarter : 52 Load : 1670
Quarter : 53 Load : 4695
Quarter : 54 Load : 6842
Quarter : 55 Load : 3408
Quarter : 56 Load : 3533
Quarter : 57 Load : 5316
Quarter : 58 Load : 840
Quarter : 59 Load : 2416
Quarter : 60 Load : 1552
Quarter : 61 Load : 2426
Quarter : 62 Load : 1519
Quarter : 63 Load : 2638
Quarter : 64 Load : 2136
Quarter : 65 Load : 1915
Quarter : 66 Load : 567
Quarter : 67 Load : 3090
Quarter : 68 Load : 1464
Quarter : 69 Load : 1973
Quarter : 70 Load : 5286
Quarter : 71 Load : 1661
Quarter : 72 Load : 1548
Quarter : 73 Load : 2743
Quarter : 74 Load : 1580
Quarter : 75 Load : 2991
Quarter : 76 Load : 756
Quarter : 77 Load : 5131
Quarter : 78 Load : 2292
Quarter : 79 Load : 3517
Quarter : 80 Load : 1352
Quarter : 81 Load : 3392
Quarter : 82 Load : 14840
Quarter : 83 Load : 3620
Quarter : 84 Load : 2235
Quarter : 85 Load : 2669
Quarter : 86 Load : 5096
Quarter : 87 Load : 4143
Quarter : 88 Load : 2261
Quarter : 89 Load : 3229
Quarter : 90 Load : 1543
Quarter : 91 Load : 2779
Quarter : 92 Load : 1163
Quarter : 93 Load : 1784
Quarter : 94 Load : 211
Quarter : 95 Load : 1428
Quarter : 96 Load : 0
Day 1
Quarter : 1 Load : 1428
Quarter : 2 Load : 3311
Quarter : 3 Load : 4739
Quarter : 4 Load : 3311
Quarter : 5 Load : 4739
Quarter : 6 Load : 3311
Quarter : 7 Load : 4739
Quarter : 8 Load : 3311
Quarter : 9 Load : 4739
Quarter : 10 Load : 0
Quarter : 11 Load : 1428
Quarter : 12 Load : 0
Quarter : 13 Load : 1428
Quarter : 14 Load : 0
Quarter : 15 Load : 1428
Quarter : 16 Load : 368
Quarter : 17 Load : 1796
Quarter : 18 Load : 368
Quarter : 19 Load : 1796
Quarter : 20 Load : 368
Quarter : 21 Load : 1796
Quarter : 22 Load : 368
Quarter : 23 Load : 1796
Quarter : 24 Load : 368
Quarter : 25 Load : 36097
Quarter : 26 Load : 16305
Quarter : 27 Load : 8166
Quarter : 28 Load : 5188
Quarter : 29 Load : 2652
Quarter : 30 Load : 1721
Quarter : 31 Load : 3395
Quarter : 32 Load : 1919
Quarter : 33 Load : 3410
Quarter : 34 Load : 2225
Quarter : 35 Load : 3945
Quarter : 36 Load : 4855
Quarter : 37 Load : 8032
Quarter : 38 Load : 4613
Quarter : 39 Load : 6499
Quarter : 40 Load : 6296
Quarter : 41 Load : 11026
Quarter : 42 Load : 4106
Quarter : 43 Load : 3338
Quarter : 44 Load : 2012
Quarter : 45 Load : 2633
Quarter : 46 Load : 1704
Quarter : 47 Load : 20010
Quarter : 48 Load : 2239
Quarter : 49 Load : 2600
Quarter : 50 Load : 1189
Quarter : 51 Load : 2766
Quarter : 52 Load : 1333
Quarter : 53 Load : 2646
Quarter : 54 Load : 1679
Quarter : 55 Load : 6229
Quarter : 56 Load : 3400
Quarter : 57 Load : 6173
Quarter : 58 Load : 14788
Quarter : 59 Load : 2604
Quarter : 60 Load : 2024
Quarter : 61 Load : 2679
Quarter : 62 Load : 1890
Quarter : 63 Load : 3159
Quarter : 64 Load : 2249
Quarter : 65 Load : 3046
Quarter : 66 Load : 1894
Quarter : 67 Load : 2846
Quarter : 68 Load : 2373
Quarter : 69 Load : 2639
Quarter : 70 Load : 689
Quarter : 71 Load : 3940
Quarter : 72 Load : 3779
Quarter : 73 Load : 2597
Quarter : 74 Load : 965
Quarter : 75 Load : 3419
Quarter : 76 Load : 2102
Quarter : 77 Load : 3258
Quarter : 78 Load : 2099
Quarter : 79 Load : 2483
Quarter : 80 Load : 1933
Quarter : 81 Load : 2560
Quarter : 82 Load : 1248
Quarter : 83 Load : 2692
Quarter : 84 Load : 1737
Quarter : 85 Load : 3418
Quarter : 86 Load : 18461
Quarter : 87 Load : 3492
Quarter : 88 Load : 1013
Quarter : 89 Load : 2349
Quarter : 90 Load : 1231
Quarter : 91 Load : 1752
Quarter : 92 Load : 543
Quarter : 93 Load : 1428
Quarter : 94 Load : 0
Quarter : 95 Load : 1428
Quarter : 96 Load : 0
Day 2
Quarter : 1 Load : 1428
Quarter : 2 Load : 0
Quarter : 3 Load : 1428
Quarter : 4 Load : 0
Quarter : 5 Load : 1428
Quarter : 6 Load : 0
Quarter : 7 Load : 1428
Quarter : 8 Load : 0
Quarter : 9 Load : 1428
Quarter : 10 Load : 0
Quarter : 11 Load : 1428
Quarter : 12 Load : 0
Quarter : 13 Load : 1428
Quarter : 14 Load : 0
Quarter : 15 Load : 1428
Quarter : 16 Load : 0
Quarter : 17 Load : 1428
Quarter : 18 Load : 0
Quarter : 19 Load : 1428
Quarter : 20 Load : 0
Quarter : 21 Load : 1428
Quarter : 22 Load : 0
Quarter : 23 Load : 1428
Quarter : 24 Load : 3311
Quarter : 25 Load : 13529
Quarter : 26 Load : 11444
Quarter : 27 Load : 12713
Quarter : 28 Load : 9332
Quarter : 29 Load : 9138
Quarter : 30 Load : 9478
Quarter : 31 Load : 9008
Quarter : 32 Load : 1881
Quarter : 33 Load : 2355
Quarter : 34 Load : 3372
Quarter : 35 Load : 4186
Quarter : 36 Load : 1520
Quarter : 37 Load : 3165
Quarter : 38 Load : 763
Quarter : 39 Load : 2087
Quarter : 40 Load : 1325
Quarter : 41 Load : 2194
Quarter : 42 Load : 1349
Quarter : 43 Load : 3081
Quarter : 44 Load : 369
Quarter : 45 Load : 3642
Quarter : 46 Load : 977
Quarter : 47 Load : 8022
Quarter : 48 Load : 5011
Quarter : 49 Load : 6739
Quarter : 50 Load : 3130
Quarter : 51 Load : 4561
Quarter : 52 Load : 2237
Quarter : 53 Load : 5296
Quarter : 54 Load : 2708
Quarter : 55 Load : 3874
Quarter : 56 Load : 2780
Quarter : 57 Load : 3865
Quarter : 58 Load : 2862
Quarter : 59 Load : 3632
Quarter : 60 Load : 3092
Quarter : 61 Load : 4473
Quarter : 62 Load : 4393
Quarter : 63 Load : 8773
Quarter : 64 Load : 2392
Quarter : 65 Load : 4438
Quarter : 66 Load : 2965
Quarter : 67 Load : 17364
Quarter : 68 Load : 15722
Quarter : 69 Load : 3909
Quarter : 70 Load : 16495
Quarter : 71 Load : 17888
Quarter : 72 Load : 653
Quarter : 73 Load : 3032
Quarter : 74 Load : 1800
Quarter : 75 Load : 3121
Quarter : 76 Load : 1049
Quarter : 77 Load : 4689
Quarter : 78 Load : 4187
Quarter : 79 Load : 9370
Quarter : 80 Load : 4109
Quarter : 81 Load : 5366
Quarter : 82 Load : 2099
Quarter : 83 Load : 4195
Quarter : 84 Load : 2269
Quarter : 85 Load : 3780
Quarter : 86 Load : 4394
Quarter : 87 Load : 4270
Quarter : 88 Load : 874
Quarter : 89 Load : 3316
Quarter : 90 Load : 1079
Quarter : 91 Load : 2371
Quarter : 92 Load : 541
Quarter : 93 Load : 1428
Quarter : 94 Load : 415
Quarter : 95 Load : 1843
Quarter : 96 Load : 0
Day 3
Quarter : 1 Load : 1428
Quarter : 2 Load : 0
Quarter : 3 Load : 1428
Quarter : 4 Load : 0
Quarter : 5 Load : 1428
Quarter : 6 Load : 0
Quarter : 7 Load : 1428
Quarter : 8 Load : 0
Quarter : 9 Load : 1428
Quarter : 10 Load : 0
Quarter : 11 Load : 1428
Quarter : 12 Load : 3311
Quarter : 13 Load : 4739
Quarter : 14 Load : 3311
Quarter : 15 Load : 4739
Quarter : 16 Load : 3311
Quarter : 17 Load : 4739
Quarter : 18 Load : 3311
Quarter : 19 Load : 4739
Quarter : 20 Load : 0
Quarter : 21 Load : 1428
Quarter : 22 Load : 0
Quarter : 23 Load : 1428
Quarter : 24 Load : 0
Quarter : 25 Load : 13918
Quarter : 26 Load : 10469
Quarter : 27 Load : 10378
Quarter : 28 Load : 9491
Quarter : 29 Load : 5616
Quarter : 30 Load : 1849
Quarter : 31 Load : 5153
Quarter : 32 Load : 3544
Quarter : 33 Load : 17478
Quarter : 34 Load : 820
Quarter : 35 Load : 8362
Quarter : 36 Load : 5371
Quarter : 37 Load : 5785
Quarter : 38 Load : 1795
Quarter : 39 Load : 3220
Quarter : 40 Load : 2575
Quarter : 41 Load : 3093
Quarter : 42 Load : 1975
Quarter : 43 Load : 3401
Quarter : 44 Load : 2417
Quarter : 45 Load : 3703
Quarter : 46 Load : 3078
Quarter : 47 Load : 4113
Quarter : 48 Load : 2839
Quarter : 49 Load : 3771
Quarter : 50 Load : 1792
Quarter : 51 Load : 7661
Quarter : 52 Load : 1781
Quarter : 53 Load : 3995
Quarter : 54 Load : 1337
Quarter : 55 Load : 4567
Quarter : 56 Load : 16416
Quarter : 57 Load : 4095
Quarter : 58 Load : 3138
Quarter : 59 Load : 18949
Quarter : 60 Load : 2604
Quarter : 61 Load : 3753
Quarter : 62 Load : 1570
Quarter : 63 Load : 4178
Quarter : 64 Load : 2736
Quarter : 65 Load : 3612
Quarter : 66 Load : 5430
Quarter : 67 Load : 9785
Quarter : 68 Load : 3509
Quarter : 69 Load : 5072
Quarter : 70 Load : 2609
Quarter : 71 Load : 4527
Quarter : 72 Load : 4355
Quarter : 73 Load : 6434
Quarter : 74 Load : 2736
Quarter : 75 Load : 5350
Quarter : 76 Load : 3984
Quarter : 77 Load : 3990
Quarter : 78 Load : 1922
Quarter : 79 Load : 3560
Quarter : 80 Load : 2014
Quarter : 81 Load : 4640
Quarter : 82 Load : 3329
Quarter : 83 Load : 2572
Quarter : 84 Load : 1665
Quarter : 85 Load : 2400
Quarter : 86 Load : 1103
Quarter : 87 Load : 2948
Quarter : 88 Load : 1897
Quarter : 89 Load : 5026
Quarter : 90 Load : 3217
Quarter : 91 Load : 2658
Quarter : 92 Load : 802
Quarter : 93 Load : 1428
Quarter : 94 Load : 0
Quarter : 95 Load : 1428
Quarter : 96 Load : 0
Day 4
Quarter : 1 Load : 1428
Quarter : 2 Load : 0
Quarter : 3 Load : 1428
Quarter : 4 Load : 0
Quarter : 5 Load : 1428
Quarter : 6 Load : 0
Quarter : 7 Load : 1428
Quarter : 8 Load : 0
Quarter : 9 Load : 1428
Quarter : 10 Load : 3311
Quarter : 11 Load : 4739
Quarter : 12 Load : 3311
Quarter : 13 Load : 4739
Quarter : 14 Load : 3311
Quarter : 15 Load : 4739
Quarter : 16 Load : 3311
Quarter : 17 Load : 4739
Quarter : 18 Load : 0
Quarter : 19 Load : 1428
Quarter : 20 Load : 0
Quarter : 21 Load : 1428
Quarter : 22 Load : 0
Quarter : 23 Load : 1428
Quarter : 24 Load : 0
Quarter : 25 Load : 19832
Quarter : 26 Load : 15893
Quarter : 27 Load : 8638
Quarter : 28 Load : 6637
Quarter : 29 Load : 5256
Quarter : 30 Load : 1621
Quarter : 31 Load : 3177
Quarter : 32 Load : 976
Quarter : 33 Load : 8349
Quarter : 34 Load : 2404
Quarter : 35 Load : 2217
Quarter : 36 Load : 15630
Quarter : 37 Load : 2465
Quarter : 38 Load : 1409
Quarter : 39 Load : 2134
Quarter : 40 Load : 523
Quarter : 41 Load : 2095
Quarter : 42 Load : 1434
Quarter : 43 Load : 2468
Quarter : 44 Load : 3787
Quarter : 45 Load : 5098
Quarter : 46 Load : 2276
Quarter : 47 Load : 2523
Quarter : 48 Load : 1231
Quarter : 49 Load : 6968
Quarter : 50 Load : 2859
Quarter : 51 Load : 3876
Quarter : 52 Load : 3446
Quarter : 53 Load : 5522
Quarter : 54 Load : 3089
Quarter : 55 Load : 4403
Quarter : 56 Load : 18414
Quarter : 57 Load : 5812
Quarter : 58 Load : 4187
Quarter : 59 Load : 4280
Quarter : 60 Load : 6016
Quarter : 61 Load : 7718
Quarter : 62 Load : 2444
Quarter : 63 Load : 3407
Quarter : 64 Load : 3386
Quarter : 65 Load : 7101
Quarter : 66 Load : 1818
Quarter : 67 Load : 2885
Quarter : 68 Load : 1286
Quarter : 69 Load : 3538
Quarter : 70 Load : 4740
Quarter : 71 Load : 5245
Quarter : 72 Load : 3025
Quarter : 73 Load : 6267
Quarter : 74 Load : 5175
Quarter : 75 Load : 4911
Quarter : 76 Load : 3064
Quarter : 77 Load : 4727
Quarter : 78 Load : 2754
Quarter : 79 Load : 5328
Quarter : 80 Load : 2570
Quarter : 81 Load : 2871
Quarter : 82 Load : 3859
Quarter : 83 Load : 5331
Quarter : 84 Load : 3228
Quarter : 85 Load : 7985
Quarter : 86 Load : 4158
Quarter : 87 Load : 4537
Quarter : 88 Load : 2807
Quarter : 89 Load : 4622
Quarter : 90 Load : 2363
Quarter : 91 Load : 2230
Quarter : 92 Load : 600
Quarter : 93 Load : 1428
Quarter : 94 Load : 0
Quarter : 95 Load : 1428
Quarter : 96 Load : 0
Day 5
Quarter : 1 Load : 1428
Quarter : 2 Load : 0
Quarter : 3 Load : 1428
Quarter : 4 Load : 0
Quarter : 5 Load : 1428
Quarter : 6 Load : 0
Quarter : 7 Load : 1428
Quarter : 8 Load : 3311
Quarter : 9 Load : 4739
Quarter : 10 Load : 3311
Quarter : 11 Load : 4739
Quarter : 12 Load : 3311
Quarter : 13 Load : 4739
Quarter : 14 Load : 3311
Quarter : 15 Load : 4739
Quarter : 16 Load : 674
Quarter : 17 Load : 2102
Quarter : 18 Load : 674
Quarter : 19 Load : 2102
Quarter : 20 Load : 674
Quarter : 21 Load : 2102
Quarter : 22 Load : 674
Quarter : 23 Load : 2102
Quarter : 24 Load : 674
Quarter : 25 Load : 16193
Quarter : 26 Load : 13870
Quarter : 27 Load : 12251
Quarter : 28 Load : 6813
Quarter : 29 Load : 4518
Quarter : 30 Load : 4173
Quarter : 31 Load : 9105
Quarter : 32 Load : 1798
Quarter : 33 Load : 5195
Quarter : 34 Load : 6012
Quarter : 35 Load : 4006
Quarter : 36 Load : 2813
Quarter : 37 Load : 4235
Quarter : 38 Load : 4667
Quarter : 39 Load : 4464
Quarter : 40 Load : 3975
Quarter : 41 Load : 5404
Quarter : 42 Load : 2202
Quarter : 43 Load : 2303
Quarter : 44 Load : 1640
Quarter : 45 Load : 2328
Quarter : 46 Load : 1156
Quarter : 47 Load : 7139
Quarter : 48 Load : 2402
Quarter : 49 Load : 6017
Quarter : 50 Load : 2753
Quarter : 51 Load : 2419
Quarter : 52 Load : 581
Quarter : 53 Load : 1895
Quarter : 54 Load : 3360
Quarter : 55 Load : 3593
Quarter : 56 Load : 2601
Quarter : 57 Load : 2461
Quarter : 58 Load : 1267
Quarter : 59 Load : 3359
Quarter : 60 Load : 3024
Quarter : 61 Load : 5196
Quarter : 62 Load : 1462
Quarter : 63 Load : 6652
Quarter : 64 Load : 1873
Quarter : 65 Load : 3798
Quarter : 66 Load : 2063
Quarter : 67 Load : 4042
Quarter : 68 Load : 2655
Quarter : 69 Load : 5945
Quarter : 70 Load : 2195
Quarter : 71 Load : 3192
Quarter : 72 Load : 1808
Quarter : 73 Load : 2445
Quarter : 74 Load : 1294
Quarter : 75 Load : 3333
Quarter : 76 Load : 2569
Quarter : 77 Load : 2799
Quarter : 78 Load : 1428
Quarter : 79 Load : 3445
Quarter : 80 Load : 17692
Quarter : 81 Load : 17220
Quarter : 82 Load : 1143
Quarter : 83 Load : 2696
Quarter : 84 Load : 1815
Quarter : 85 Load : 4882
Quarter : 86 Load : 3668
Quarter : 87 Load : 3384
Quarter : 88 Load : 3059
Quarter : 89 Load : 2303
Quarter : 90 Load : 15163
Quarter : 91 Load : 2668
Quarter : 92 Load : 82
Quarter : 93 Load : 1851
Quarter : 94 Load : 0
Quarter : 95 Load : 1428
Quarter : 96 Load : 0
Day 6
Quarter : 1 Load : 1428
Quarter : 2 Load : 0
Quarter : 3 Load : 1428
Quarter : 4 Load : 0
Quarter : 5 Load : 1428
Quarter : 6 Load : 0
Quarter : 7 Load : 1428
Quarter : 8 Load : 0
Quarter : 9 Load : 1428
Quarter : 10 Load : 0
Quarter : 11 Load : 1428
Quarter : 12 Load : 0
Quarter : 13 Load : 1428
Quarter : 14 Load : 0
Quarter : 15 Load : 1428
Quarter : 16 Load : 0
Quarter : 17 Load : 1428
Quarter : 18 Load : 0
Quarter : 19 Load : 1428
Quarter : 20 Load : 3311
Quarter : 21 Load : 4739
Quarter : 22 Load : 3311
Quarter : 23 Load : 4739
Quarter : 24 Load : 3311
Quarter : 25 Load : 35797
Quarter : 26 Load : 19510
Quarter : 27 Load : 11395
Quarter : 28 Load : 4397
Quarter : 29 Load : 4540
Quarter : 30 Load : 1510
Quarter : 31 Load : 3605
Quarter : 32 Load : 1017
Quarter : 33 Load : 4031
Quarter : 34 Load : 2624
Quarter : 35 Load : 2722
Quarter : 36 Load : 989
Quarter : 37 Load : 5751
Quarter : 38 Load : 4035
Quarter : 39 Load : 3366
Quarter : 40 Load : 1184
Quarter : 41 Load : 2132
Quarter : 42 Load : 1117
Quarter : 43 Load : 7039
Quarter : 44 Load : 16632
Quarter : 45 Load : 2548
Quarter : 46 Load : 1591
Quarter : 47 Load : 3347
Quarter : 48 Load : 680
Quarter : 49 Load : 3125
Quarter : 50 Load : 565
Quarter : 51 Load : 3071
Quarter : 52 Load : 1047
Quarter : 53 Load : 2835
Quarter : 54 Load : 2667
Quarter : 55 Load : 2571
Quarter : 56 Load : 1542
Quarter : 57 Load : 2572
Quarter : 58 Load : 420
Quarter : 59 Load : 5724
Quarter : 60 Load : 2331
Quarter : 61 Load : 4793
Quarter : 62 Load : 3016
Quarter : 63 Load : 16993
Quarter : 64 Load : 1118
Quarter : 65 Load : 2576
Quarter : 66 Load : 1520
Quarter : 67 Load : 2572
Quarter : 68 Load : 3964
Quarter : 69 Load : 5362
Quarter : 70 Load : 4231
Quarter : 71 Load : 5331
Quarter : 72 Load : 1199
Quarter : 73 Load : 2681
Quarter : 74 Load : 2083
Quarter : 75 Load : 21279
Quarter : 76 Load : 4073
Quarter : 77 Load : 4041
Quarter : 78 Load : 2032
Quarter : 79 Load : 3859
Quarter : 80 Load : 1375
Quarter : 81 Load : 2777
Quarter : 82 Load : 1380
Quarter : 83 Load : 1686
Quarter : 84 Load : 2771
Quarter : 85 Load : 2648
Quarter : 86 Load : 468
Quarter : 87 Load : 2300
Quarter : 88 Load : 2412
Quarter : 89 Load : 4044
Quarter : 90 Load : 1109
Quarter : 91 Load : 2139
Quarter : 92 Load : 1147
Quarter : 93 Load : 1857
Quarter : 94 Load : 0
Quarter : 95 Load : 1428
Quarter : 96 Load : 0
Day 0
Hour : 1 Load : 2856
Hour : 2 Load : 2856
Hour : 3 Load : 2856
Hour : 4 Load : 3530
Hour : 5 Load : 9185
Hour : 6 Load : 11500
Hour : 7 Load : 79006
Hour : 8 Load : 28200
Hour : 9 Load : 24663
Hour : 10 Load : 19418
Hour : 11 Load : 15992
Hour : 12 Load : 12916
Hour : 13 Load : 28756
Hour : 14 Load : 18478
Hour : 15 Load : 10124
Hour : 16 Load : 8719
Hour : 17 Load : 7036
Hour : 18 Load : 10468
Hour : 19 Load : 8070
Hour : 20 Load : 12292
Hour : 21 Load : 24087
Hour : 22 Load : 14169
Hour : 23 Load : 8714
Hour : 24 Load : 3423
Day 1
Hour : 1 Load : 12789
Hour : 2 Load : 16100
Hour : 3 Load : 6167
Hour : 4 Load : 3224
Hour : 5 Load : 4328
Hour : 6 Load : 4328
Hour : 7 Load : 65756
Hour : 8 Load : 9687
Hour : 9 Load : 14435
Hour : 10 Load : 25440
Hour : 11 Load : 20482
Hour : 12 Load : 26586
Hour : 13 Load : 7888
Hour : 14 Load : 13954
Hour : 15 Load : 25589
Hour : 16 Load : 9977
Hour : 17 Load : 10159
Hour : 18 Load : 11047
Hour : 19 Load : 9083
Hour : 20 Load : 9773
Hour : 21 Load : 8237
Hour : 22 Load : 26384
Hour : 23 Load : 5875
Hour : 24 Load : 2856
Day 2
Hour : 1 Load : 2856
Hour : 2 Load : 2856
Hour : 3 Load : 2856
Hour : 4 Load : 2856
Hour : 5 Load : 2856
Hour : 6 Load : 6167
Hour : 7 Load : 47018
Hour : 8 Load : 29505
Hour : 9 Load : 11433
Hour : 10 Load : 7340
Hour : 11 Load : 6993
Hour : 12 Load : 17652
Hour : 13 Load : 16667
Hour : 14 Load : 14658
Hour : 15 Load : 13451
Hour : 16 Load : 20031
Hour : 17 Load : 40489
Hour : 18 Load : 38945
Hour : 19 Load : 9002
Hour : 20 Load : 22355
Hour : 21 Load : 13929
Hour : 22 Load : 13318
Hour : 23 Load : 7307
Hour : 24 Load : 3686
Day 3
Hour : 1 Load : 2856
Hour : 2 Load : 2856
Hour : 3 Load : 6167
Hour : 4 Load : 16100
Hour : 5 Load : 12789
Hour : 6 Load : 2856
Hour : 7 Load : 44256
Hour : 8 Load : 16162
Hour : 9 Load : 32031
Hour : 10 Load : 13375
Hour : 11 Load : 10886
Hour : 12 Load : 13733
Hour : 13 Load : 15005
Hour : 14 Load : 26315
Hour : 15 Load : 28786
Hour : 16 Load : 12237
Hour : 17 Load : 22336
Hour : 18 Load : 16563
Hour : 19 Load : 18504
Hour : 20 Load : 11486
Hour : 21 Load : 12206
Hour : 22 Load : 8348
Hour : 23 Load : 11703
Hour : 24 Load : 2856
Day 4
Hour : 1 Load : 2856
Hour : 2 Load : 2856
Hour : 3 Load : 12789
Hour : 4 Load : 16100
Hour : 5 Load : 6167
Hour : 6 Load : 2856
Hour : 7 Load : 51000
Hour : 8 Load : 11030
Hour : 9 Load : 28600
Hour : 10 Load : 6531
Hour : 11 Load : 9784
Hour : 12 Load : 11128
Hour : 13 Load : 17149
Hour : 14 Load : 31428
Hour : 15 Load : 20295
Hour : 16 Load : 16955
Hour : 17 Load : 13090
Hour : 18 Load : 16548
Hour : 19 Load : 19417
Hour : 20 Load : 15379
Hour : 21 Load : 15289
Hour : 22 Load : 19487
Hour : 23 Load : 9815
Hour : 24 Load : 2856
Day 5
Hour : 1 Load : 2856
Hour : 2 Load : 6167
Hour : 3 Load : 16100
Hour : 4 Load : 13463
Hour : 5 Load : 5552
Hour : 6 Load : 5552
Hour : 7 Load : 49127
Hour : 8 Load : 19594
Hour : 9 Load : 18026
Hour : 10 Load : 17341
Hour : 11 Load : 11549
Hour : 12 Load : 13025
Hour : 13 Load : 11770
Hour : 14 Load : 11449
Hour : 15 Load : 10111
Hour : 16 Load : 15183
Hour : 17 Load : 12558
Hour : 18 Load : 13140
Hour : 19 Load : 9641
Hour : 20 Load : 25364
Hour : 21 Load : 22874
Hour : 22 Load : 14993
Hour : 23 Load : 20216
Hour : 24 Load : 3279
Day 6
Hour : 1 Load : 2856
Hour : 2 Load : 2856
Hour : 3 Load : 2856
Hour : 4 Load : 2856
Hour : 5 Load : 6167
Hour : 6 Load : 16100
Hour : 7 Load : 71099
Hour : 8 Load : 10672
Hour : 9 Load : 10366
Hour : 10 Load : 14336
Hour : 11 Load : 26920
Hour : 12 Load : 8166
Hour : 13 Load : 7808
Hour : 14 Load : 9615
Hour : 15 Load : 11047
Hour : 16 Load : 25920
Hour : 17 Load : 10632
Hour : 18 Load : 16123
Hour : 19 Load : 30116
Hour : 20 Load : 11307
Hour : 21 Load : 8614
Hour : 22 Load : 7828
Hour : 23 Load : 8439
Hour : 24 Load : 3285
Initializing House 0
Initializing House 1
Initializing House 2
Initializing House 3
Initializing House 4
Initializing House 5
Initializing House 6
Initializing House 7
Initializing House 8
Initializing House 9
Day 0
Quarter : 1 Load : 1516
Quarter : 2 Load : 0
Quarter : 3 Load : 1516
Quarter : 4 Load : 0
Quarter : 5 Load : 1516
Quarter : 6 Load : 0
Quarter : 7 Load : 1516
Quarter : 8 Load : 0
Quarter : 9 Load : 1516
Quarter : 10 Load : 2587
Quarter : 11 Load : 4103
Quarter : 12 Load : 2587
Quarter : 13 Load : 4103
Quarter : 14 Load : 2587
Quarter : 15 Load : 4103
Quarter : 16 Load : 3049
Quarter : 17 Load : 4565
Quarter : 18 Load : 964
Quarter : 19 Load : 3122
Quarter : 20 Load : 1606
Quarter : 21 Load : 3122
Quarter : 22 Load : 1606
Quarter : 23 Load : 3122
Quarter : 24 Load : 1606
Quarter : 25 Load : 28856
Quarter : 26 Load : 12490
Quarter : 27 Load : 7877
Quarter : 28 Load : 3019
Quarter : 29 Load : 3868
Quarter : 30 Load : 2063
Quarter : 31 Load : 2756
Quarter : 32 Load : 1759
Quarter : 33 Load : 6180
Quarter : 34 Load : 1948
Quarter : 35 Load : 3775
Quarter : 36 Load : 3923
Quarter : 37 Load : 2391
Quarter : 38 Load : 801
Quarter : 39 Load : 5344
Quarter : 40 Load : 2315
Quarter : 41 Load : 2142
Quarter : 42 Load : 3638
Quarter : 43 Load : 2927
Quarter : 44 Load : 1910
Quarter : 45 Load : 2274
Quarter : 46 Load : 828
Quarter : 47 Load : 3830
Quarter : 48 Load : 1823
Quarter : 49 Load : 8005
Quarter : 50 Load : 3598
Quarter : 51 Load : 3228
Quarter : 52 Load : 3010
Quarter : 53 Load : 4660
Quarter : 54 Load : 3962
Quarter : 55 Load : 5065
Quarter : 56 Load : 1622
Quarter : 57 Load : 3027
Quarter : 58 Load : 1010
Quarter : 59 Load : 3195
Quarter : 60 Load : 3192
Quarter : 61 Load : 4381
Quarter : 62 Load : 810
Quarter : 63 Load : 3126
Quarter : 64 Load : 1127
Quarter : 65 Load : 4878
Quarter : 66 Load : 1781
Quarter : 67 Load : 2886
Quarter : 68 Load : 916
Quarter : 69 Load : 2059
Quarter : 70 Load : 16084
Quarter : 71 Load : 3046
Quarter : 72 Load : 1526
Quarter : 73 Load : 18714
Quarter : 74 Load : 2617
Quarter : 75 Load : 3442
Quarter : 76 Load : 3661
Quarter : 77 Load : 5512
Quarter : 78 Load : 2142
Quarter : 79 Load : 3516
Quarter : 80 Load : 13810
Quarter : 81 Load : 4473
Quarter : 82 Load : 4923
Quarter : 83 Load : 7087
Quarter : 84 Load : 2324
Quarter : 85 Load : 4878
Quarter : 86 Load : 2668
Quarter : 87 Load : 4397
Quarter : 88 Load : 3373
Quarter : 89 Load : 3680
Quarter : 90 Load : 1666
Quarter : 91 Load : 1944
Quarter : 92 Load : 497
Quarter : 93 Load : 1995
Quarter : 94 Load : 0
Quarter : 95 Load : 1516
Quarter : 96 Load : 0
Day 1
Quarter : 1 Load : 1516
Quarter : 2 Load : 0
Quarter : 3 Load : 1516
Quarter : 4 Load : 0
Quarter : 5 Load : 1516
Quarter : 6 Load : 0
Quarter : 7 Load : 1516
Quarter : 8 Load : 0
Quarter : 9 Load : 1516
Quarter : 10 Load : 0
Quarter : 11 Load : 1516
Quarter : 12 Load : 0
Quarter : 13 Load : 1516
Quarter : 14 Load : 0
Quarter : 15 Load : 1516
Quarter : 16 Load : 0
Quarter : 17 Load : 2030
Quarter : 18 Load : 514
Quarter : 19 Load : 2030
Quarter : 20 Load : 514
Quarter : 21 Load : 2030
Quarter : 22 Load : 514
Quarter : 23 Load : 2030
Quarter : 24 Load : 514
Quarter : 25 Load : 37199
Quarter : 26 Load : 18677
Quarter : 27 Load : 22143
Quarter : 28 Load : 5187
Quarter : 29 Load : 3869
Quarter : 30 Load : 1637
Quarter : 31 Load : 3001
Quarter : 32 Load : 1672
Quarter : 33 Load : 2172
Quarter : 34 Load : 1159
Quarter : 35 Load : 3789
Quarter : 36 Load : 1536
Quarter : 37 Load : 2689
Quarter : 38 Load : 3585
Quarter : 39 Load : 7098
Quarter : 40 Load : 4573
Quarter : 41 Load : 5072
Quarter : 42 Load : 3719
Quarter : 43 Load : 5353
Quarter : 44 Load : 4557
Quarter : 45 Load : 7327
Quarter : 46 Load : 3283
Quarter : 47 Load : 2439
Quarter : 48 Load : 1521
Quarter : 49 Load : 2368
Quarter : 50 Load : 1208
Quarter : 51 Load : 2836
Quarter : 52 Load : 1552
Quarter : 53 Load : 2630
Quarter : 54 Load : 1531
Quarter : 55 Load : 5151
Quarter : 56 Load : 3166
Quarter : 57 Load : 4189
Quarter : 58 Load : 2089
Quarter : 59 Load : 3973
Quarter : 60 Load : 1195
Quarter : 61 Load : 5987
Quarter : 62 Load : 1833
Quarter : 63 Load : 5840
Quarter : 64 Load : 4648
Quarter : 65 Load : 2399
Quarter : 66 Load : 2844
Quarter : 67 Load : 3609
Quarter : 68 Load : 3482
Quarter : 69 Load : 4888
Quarter : 70 Load : 1509
Quarter : 71 Load : 3526
Quarter : 72 Load : 1401
Quarter : 73 Load : 5004
Quarter : 74 Load : 5240
Quarter : 75 Load : 5348
Quarter : 76 Load : 2539
Quarter : 77 Load : 5739
Quarter : 78 Load : 1922
Quarter : 79 Load : 3620
Quarter : 80 Load : 2034
Quarter : 81 Load : 4991
Quarter : 82 Load : 2921
Quarter : 83 Load : 4217
Quarter : 84 Load : 17975
Quarter : 85 Load : 21251
Quarter : 86 Load : 3128
Quarter : 87 Load : 4534
Quarter : 88 Load : 2416
Quarter : 89 Load : 2632
Quarter : 90 Load : 465
Quarter : 91 Load : 1516
Quarter : 92 Load : 0
Quarter : 93 Load : 4103
Quarter : 94 Load : 0
Quarter : 95 Load : 1516
Quarter : 96 Load : 0
Day 2
Quarter : 1 Load : 1516
Quarter : 2 Load : 0
Quarter : 3 Load : 1516
Quarter : 4 Load : 0
Quarter : 5 Load : 1516
Quarter : 6 Load : 0
Quarter : 7 Load : 1516
Quarter : 8 Load : 0
Quarter : 9 Load : 1516
Quarter : 10 Load : 0
Quarter : 11 Load : 1516
Quarter : 12 Load : 0
Quarter : 13 Load : 1516
Quarter : 14 Load : 0
Quarter : 15 Load : 1516
Quarter : 16 Load : 0
Quarter : 17 Load : 1516
Quarter : 18 Load : 0
Quarter : 19 Load : 1516
Quarter : 20 Load : 0
Quarter : 21 Load : 1516
Quarter : 22 Load : 0
Quarter : 23 Load : 1516
Quarter : 24 Load : 0
Quarter : 25 Load : 14876
Quarter : 26 Load : 12625
Quarter : 27 Load : 9498
Quarter : 28 Load : 7490
Quarter : 29 Load : 5187
Quarter : 30 Load : 1380
Quarter : 31 Load : 4197
Quarter : 32 Load : 1394
Quarter : 33 Load : 3894
Quarter : 34 Load : 2484
Quarter : 35 Load : 6590
Quarter : 36 Load : 5695
Quarter : 37 Load : 7582
Quarter : 38 Load : 3571
Quarter : 39 Load : 4968
Quarter : 40 Load : 8496
Quarter : 41 Load : 9630
Quarter : 42 Load : 6460
Quarter : 43 Load : 10596
Quarter : 44 Load : 10161
Quarter : 45 Load : 9355
Quarter : 46 Load : 5453
Quarter : 47 Load : 9174
Quarter : 48 Load : 4621
Quarter : 49 Load : 4040
Quarter : 50 Load : 14595
Quarter : 51 Load : 2786
Quarter : 52 Load : 1154
Quarter : 53 Load : 2792
Quarter : 54 Load : 1684
Quarter : 55 Load : 3942
Quarter : 56 Load : 1452
Quarter : 57 Load : 2854
Quarter : 58 Load : 1112
Quarter : 59 Load : 2587
Quarter : 60 Load : 1915
Quarter : 61 Load : 3063
Quarter : 62 Load : 1416
Quarter : 63 Load : 21441
Quarter : 64 Load : 1829
Quarter : 65 Load : 3622
Quarter : 66 Load : 956
Quarter : 67 Load : 2441
Quarter : 68 Load : 1336
Quarter : 69 Load : 5925
Quarter : 70 Load : 4748
Quarter : 71 Load : 2588
Quarter : 72 Load : 2748
Quarter : 73 Load : 4575
Quarter : 74 Load : 1347
Quarter : 75 Load : 2792
Quarter : 76 Load : 1608
Quarter : 77 Load : 3981
Quarter : 78 Load : 4072
Quarter : 79 Load : 10084
Quarter : 80 Load : 5280
Quarter : 81 Load : 5035
Quarter : 82 Load : 5020
Quarter : 83 Load : 6073
Quarter : 84 Load : 1548
Quarter : 85 Load : 3004
Quarter : 86 Load : 1265
Quarter : 87 Load : 2586
Quarter : 88 Load : 4105
Quarter : 89 Load : 4865
Quarter : 90 Load : 1610
Quarter : 91 Load : 2536
Quarter : 92 Load : 1144
Quarter : 93 Load : 2339
Quarter : 94 Load : 0
Quarter : 95 Load : 4103
Quarter : 96 Load : 0
Day 3
Quarter : 1 Load : 1516
Quarter : 2 Load : 0
Quarter : 3 Load : 1516
Quarter : 4 Load : 0
Quarter : 5 Load : 1516
Quarter : 6 Load : 0
Quarter : 7 Load : 1516
Quarter : 8 Load : 0
Quarter : 9 Load : 1516
Quarter : 10 Load : 0
Quarter : 11 Load : 1516
Quarter : 12 Load : 0
Quarter : 13 Load : 1516
Quarter : 14 Load : 0
Quarter : 15 Load : 1516
Quarter : 16 Load : 683
Quarter : 17 Load : 2199
Quarter : 18 Load : 3270
Quarter : 19 Load : 4786
Quarter : 20 Load : 3270
Quarter : 21 Load : 4786
Quarter : 22 Load : 3270
Quarter : 23 Load : 4786
Quarter : 24 Load : 3270
Quarter : 25 Load : 29480
Quarter : 26 Load : 10818
Quarter : 27 Load : 7764
Quarter : 28 Load : 6648
Quarter : 29 Load : 5705
Quarter : 30 Load : 2536
Quarter : 31 Load : 3174
Quarter : 32 Load : 3686
Quarter : 33 Load : 3954
Quarter : 34 Load : 741
Quarter : 35 Load : 3150
Quarter : 36 Load : 1536
Quarter : 37 Load : 3918
Quarter : 38 Load : 1801
Quarter : 39 Load : 2919
Quarter : 40 Load : 2746
Quarter : 41 Load : 5876
Quarter : 42 Load : 2667
Quarter : 43 Load : 15971
Quarter : 44 Load : 4025
Quarter : 45 Load : 3593
Quarter : 46 Load : 2189
Quarter : 47 Load : 3124
Quarter : 48 Load : 1305
Quarter : 49 Load : 3566
Quarter : 50 Load : 1502
Quarter : 51 Load : 2943
Quarter : 52 Load : 1338
Quarter : 53 Load : 3022
Quarter : 54 Load : 2468
Quarter : 55 Load : 5707
Quarter : 56 Load : 5159
Quarter : 57 Load : 9476
Quarter : 58 Load : 19898
Quarter : 59 Load : 7595
Quarter : 60 Load : 6300
Quarter : 61 Load : 4130
Quarter : 62 Load : 1452
Quarter : 63 Load : 3958
Quarter : 64 Load : 1563
Quarter : 65 Load : 2046
Quarter : 66 Load : 3110
Quarter : 67 Load : 4793
Quarter : 68 Load : 1333
Quarter : 69 Load : 2384
Quarter : 70 Load : 1804
Quarter : 71 Load : 2956
Quarter : 72 Load : 1223
Quarter : 73 Load : 4574
Quarter : 74 Load : 2204
Quarter : 75 Load : 2450
Quarter : 76 Load : 1487
Quarter : 77 Load : 3323
Quarter : 78 Load : 1980
Quarter : 79 Load : 2597
Quarter : 80 Load : 1125
Quarter : 81 Load : 2730
Quarter : 82 Load : 2416
Quarter : 83 Load : 3715
Quarter : 84 Load : 17690
Quarter : 85 Load : 3089
Quarter : 86 Load : 1551
Quarter : 87 Load : 3497
Quarter : 88 Load : 1411
Quarter : 89 Load : 3423
Quarter : 90 Load : 2010
Quarter : 91 Load : 1921
Quarter : 92 Load : 0
Quarter : 93 Load : 1516
Quarter : 94 Load : 0
Quarter : 95 Load : 2075
Quarter : 96 Load : 0
Day 4
Quarter : 1 Load : 1516
Quarter : 2 Load : 0
Quarter : 3 Load : 1516
Quarter : 4 Load : 0
Quarter : 5 Load : 1516
Quarter : 6 Load : 0
Quarter : 7 Load : 1516
Quarter : 8 Load : 0
Quarter : 9 Load : 1516
Quarter : 10 Load : 0
Quarter : 11 Load : 1516
Quarter : 12 Load : 0
Quarter : 13 Load : 1516
Quarter : 14 Load : 0
Quarter : 15 Load : 1516
Quarter : 16 Load : 0
Quarter : 17 Load : 1516
Quarter : 18 Load : 1191
Quarter : 19 Load : 2707
Quarter : 20 Load : 1191
Quarter : 21 Load : 2707
Quarter : 22 Load : 1191
Quarter : 23 Load : 2707
Quarter : 24 Load : 1191
Quarter : 25 Load : 44356
Quarter : 26 Load : 13643
Quarter : 27 Load : 8999
Quarter : 28 Load : 5582
Quarter : 29 Load : 6012
Quarter : 30 Load : 6397
Quarter : 31 Load : 7382
Quarter : 32 Load : 5253
Quarter : 33 Load : 7009
Quarter : 34 Load : 6933
Quarter : 35 Load : 7800
Quarter : 36 Load : 6670
Quarter : 37 Load : 6744
Quarter : 38 Load : 14916
Quarter : 39 Load : 3320
Quarter : 40 Load : 1523
Quarter : 41 Load : 2994
Quarter : 42 Load : 1112
Quarter : 43 Load : 5073
Quarter : 44 Load : 2842
Quarter : 45 Load : 2411
Quarter : 46 Load : 2392
Quarter : 47 Load : 3565
Quarter : 48 Load : 888
Quarter : 49 Load : 2118
Quarter : 50 Load : 721
Quarter : 51 Load : 4699
Quarter : 52 Load : 3776
Quarter : 53 Load : 5838
Quarter : 54 Load : 2366
Quarter : 55 Load : 3171
Quarter : 56 Load : 2481
Quarter : 57 Load : 3471
Quarter : 58 Load : 1806
Quarter : 59 Load : 3085
Quarter : 60 Load : 589
Quarter : 61 Load : 3428
Quarter : 62 Load : 2208
Quarter : 63 Load : 7685
Quarter : 64 Load : 6161
Quarter : 65 Load : 4323
Quarter : 66 Load : 1530
Quarter : 67 Load : 5798
Quarter : 68 Load : 5164
Quarter : 69 Load : 7254
Quarter : 70 Load : 1732
Quarter : 71 Load : 7209
Quarter : 72 Load : 5273
Quarter : 73 Load : 5332
Quarter : 74 Load : 5249
Quarter : 75 Load : 5126
Quarter : 76 Load : 1164
Quarter : 77 Load : 3995
Quarter : 78 Load : 750
Quarter : 79 Load : 18919
Quarter : 80 Load : 1544
Quarter : 81 Load : 3109
Quarter : 82 Load : 2358
Quarter : 83 Load : 3493
Quarter : 84 Load : 1375
Quarter : 85 Load : 5548
Quarter : 86 Load : 2388
Quarter : 87 Load : 8668
Quarter : 88 Load : 4694
Quarter : 89 Load : 2646
Quarter : 90 Load : 735
Quarter : 91 Load : 1944
Quarter : 92 Load : 186
Quarter : 93 Load : 1516
Quarter : 94 Load : 0
Quarter : 95 Load : 1516
Quarter : 96 Load : 0
Day 5
Quarter : 1 Load : 1516
Quarter : 2 Load : 0
Quarter : 3 Load : 1516
Quarter : 4 Load : 0
Quarter : 5 Load : 1516
Quarter : 6 Load : 0
Quarter : 7 Load : 1516
Quarter : 8 Load : 0
Quarter : 9 Load : 1516
Quarter : 10 Load : 0
Quarter : 11 Load : 1516
Quarter : 12 Load : 0
Quarter : 13 Load : 1516
Quarter : 14 Load : 0
Quarter : 15 Load : 1516
Quarter : 16 Load : 2587
Quarter : 17 Load : 4103
Quarter : 18 Load : 4321
Quarter : 19 Load : 5837
Quarter : 20 Load : 4321
Quarter : 21 Load : 5837
Quarter : 22 Load : 4321
Quarter : 23 Load : 6538
Quarter : 24 Load : 2435
Quarter : 25 Load : 34458
Quarter : 26 Load : 14728
Quarter : 27 Load : 8862
Quarter : 28 Load : 20879
Quarter : 29 Load : 7854
Quarter : 30 Load : 6225
Quarter : 31 Load : 5444
Quarter : 32 Load : 2763
Quarter : 33 Load : 6313
Quarter : 34 Load : 4786
Quarter : 35 Load : 5438
Quarter : 36 Load : 2519
Quarter : 37 Load : 4408
Quarter : 38 Load : 2546
Quarter : 39 Load : 5952
Quarter : 40 Load : 2536
Quarter : 41 Load : 3806
Quarter : 42 Load : 2311
Quarter : 43 Load : 5115
Quarter : 44 Load : 3507
Quarter : 45 Load : 4216
Quarter : 46 Load : 1426
Quarter : 47 Load : 4885
Quarter : 48 Load : 2585
Quarter : 49 Load : 4516
Quarter : 50 Load : 2743
Quarter : 51 Load : 3714
Quarter : 52 Load : 3033
Quarter : 53 Load : 5053
Quarter : 54 Load : 1001
Quarter : 55 Load : 6978
Quarter : 56 Load : 2739
Quarter : 57 Load : 3685
Quarter : 58 Load : 2150
Quarter : 59 Load : 4386
Quarter : 60 Load : 2707
Quarter : 61 Load : 5141
Quarter : 62 Load : 4055
Quarter : 63 Load : 8475
Quarter : 64 Load : 5144
Quarter : 65 Load : 3072
Quarter : 66 Load : 2695
Quarter : 67 Load : 3814
Quarter : 68 Load : 1224
Quarter : 69 Load : 2701
Quarter : 70 Load : 2142
Quarter : 71 Load : 7272
Quarter : 72 Load : 3160
Quarter : 73 Load : 2043
Quarter : 74 Load : 2294
Quarter : 75 Load : 15943
Quarter : 76 Load : 2146
Quarter : 77 Load : 4204
Quarter : 78 Load : 3124
Quarter : 79 Load : 1947
Quarter : 80 Load : 1111
Quarter : 81 Load : 3492
Quarter : 82 Load : 1801
Quarter : 83 Load : 4036
Quarter : 84 Load : 4640
Quarter : 85 Load : 5533
Quarter : 86 Load : 5358
Quarter : 87 Load : 5682
Quarter : 88 Load : 1030
Quarter : 89 Load : 4597
Quarter : 90 Load : 3276
Quarter : 91 Load : 1775
Quarter : 92 Load : 95
Quarter : 93 Load : 1516
Quarter : 94 Load : 0
Quarter : 95 Load : 1516
Quarter : 96 Load : 0
Day 6
Quarter : 1 Load : 1516
Quarter : 2 Load : 0
Quarter : 3 Load : 1516
Quarter : 4 Load : 0
Quarter : 5 Load : 1516
Quarter : 6 Load : 0
Quarter : 7 Load : 1516
Quarter : 8 Load : 0
Quarter : 9 Load : 1516
Quarter : 10 Load : 0
Quarter : 11 Load : 1516
Quarter : 12 Load : 0
Quarter : 13 Load : 1516
Quarter : 14 Load : 2587
Quarter : 15 Load : 4103
Quarter : 16 Load : 2587
Quarter : 17 Load : 4103
Quarter : 18 Load : 2587
Quarter : 19 Load : 4103
Quarter : 20 Load : 2587
Quarter : 21 Load : 4103
Quarter : 22 Load : 0
Quarter : 23 Load : 1516
Quarter : 24 Load : 0
Quarter : 25 Load : 34496
Quarter : 26 Load : 14760
Quarter : 27 Load : 6513
Quarter : 28 Load : 2362
Quarter : 29 Load : 3936
Quarter : 30 Load : 1723
Quarter : 31 Load : 2704
Quarter : 32 Load : 1620
Quarter : 33 Load : 2784
Quarter : 34 Load : 1639
Quarter : 35 Load : 6127
Quarter : 36 Load : 2594
Quarter : 37 Load : 6259
Quarter : 38 Load : 557
Quarter : 39 Load : 4089
Quarter : 40 Load : 1477
Quarter : 41 Load : 2845
Quarter : 42 Load : 1841
Quarter : 43 Load : 3149
Quarter : 44 Load : 1172
Quarter : 45 Load : 2586
Quarter : 46 Load : 1281
Quarter : 47 Load : 2252
Quarter : 48 Load : 1142
Quarter : 49 Load : 2937
Quarter : 50 Load : 783
Quarter : 51 Load : 4405
Quarter : 52 Load : 3957
Quarter : 53 Load : 4719
Quarter : 54 Load : 2023
Quarter : 55 Load : 2444
Quarter : 56 Load : 4137
Quarter : 57 Load : 5069
Quarter : 58 Load : 16280
Quarter : 59 Load : 5865
Quarter : 60 Load : 2397
Quarter : 61 Load : 2294
Quarter : 62 Load : 2362
Quarter : 63 Load : 5439
Quarter : 64 Load : 3550
Quarter : 65 Load : 3291
Quarter : 66 Load : 716
Quarter : 67 Load : 14874
Quarter : 68 Load : 1696
Quarter : 69 Load : 5388
Quarter : 70 Load : 806
Quarter : 71 Load : 3919
Quarter : 72 Load : 2613
Quarter : 73 Load : 4447
Quarter : 74 Load : 3360
Quarter : 75 Load : 2661
Quarter : 76 Load : 3134
Quarter : 77 Load : 4562
Quarter : 78 Load : 17683
Quarter : 79 Load : 4340
Quarter : 80 Load : 2988
Quarter : 81 Load : 4673
Quarter : 82 Load : 3597
Quarter : 83 Load : 2449
Quarter : 84 Load : 2040
Quarter : 85 Load : 3250
Quarter : 86 Load : 1241
Quarter : 87 Load : 3471
Quarter : 88 Load : 2734
Quarter : 89 Load : 4042
Quarter : 90 Load : 2053
Quarter : 91 Load : 1516
Quarter : 92 Load : 428
Quarter : 93 Load : 1516
Quarter : 94 Load : 82
Quarter : 95 Load : 1516
Quarter : 96 Load : 0
Day 0
Hour : 1 Load : 3032
Hour : 2 Load : 3032
Hour : 3 Load : 10793
Hour : 4 Load : 13842
Hour : 5 Load : 10257
Hour : 6 Load : 9456
Hour : 7 Load : 52242
Hour : 8 Load : 10446
Hour : 9 Load : 15826
Hour : 10 Load : 10851
Hour : 11 Load : 10617
Hour : 12 Load : 8755
Hour : 13 Load : 17841
Hour : 14 Load : 15309
Hour : 15 Load : 10424
Hour : 16 Load : 9444
Hour : 17 Load : 10461
Hour : 18 Load : 22715
Hour : 19 Load : 28434
Hour : 20 Load : 24980
Hour : 21 Load : 18807
Hour : 22 Load : 15316
Hour : 23 Load : 7787
Hour : 24 Load : 3511
Day 1
[...]
Quarter : 27 Load : 12116
Quarter : 28 Load : 10074
Quarter : 29 Load : 5490
Quarter : 30 Load : 2261
Quarter : 31 Load : 5988
Quarter : 32 Load : 3716
Quarter : 33 Load : 4754
Quarter : 34 Load : 4587
Quarter : 35 Load : 2796
Quarter : 36 Load : 2180
Quarter : 37 Load : 2570
Quarter : 38 Load : 923
Quarter : 39 Load : 5883
Quarter : 40 Load : 4202
Quarter : 41 Load : 2766
Quarter : 42 Load : 2438
Quarter : 43 Load : 6943
Quarter : 44 Load : 6061
Quarter : 45 Load : 3253
Quarter : 46 Load : 1061
Quarter : 47 Load : 4048
Quarter : 48 Load : 3047
Quarter : 49 Load : 4368
Quarter : 50 Load : 2659
Quarter : 51 Load : 4591
Quarter : 52 Load : 2602
Quarter : 53 Load : 5536
Quarter : 54 Load : 3260
Quarter : 55 Load : 4493
Quarter : 56 Load : 3074
Quarter : 57 Load : 3799
Quarter : 58 Load : 2570
Quarter : 59 Load : 3254
Quarter : 60 Load : 2472
Quarter : 61 Load : 3634
Quarter : 62 Load : 4102
Quarter : 63 Load : 6147
Quarter : 64 Load : 3566
Quarter : 65 Load : 3411
Quarter : 66 Load : 1818
Quarter : 67 Load : 2642
Quarter : 68 Load : 1692
Quarter : 69 Load : 2137
Quarter : 70 Load : 1174
Quarter : 71 Load : 2290
Quarter : 72 Load : 1244
Quarter : 73 Load : 4063
Quarter : 74 Load : 1537
Quarter : 75 Load : 4057
Quarter : 76 Load : 3064
Quarter : 77 Load : 7037
Quarter : 78 Load : 4647
Quarter : 79 Load : 4301
Quarter : 80 Load : 2288
Quarter : 81 Load : 3990
Quarter : 82 Load : 496
Quarter : 83 Load : 5287
Quarter : 84 Load : 5056
Quarter : 85 Load : 6459
Quarter : 86 Load : 1251
Quarter : 87 Load : 2678
Quarter : 88 Load : 1601
Quarter : 89 Load : 4996
Quarter : 90 Load : 2916
Quarter : 91 Load : 1990
Quarter : 92 Load : 479
Quarter : 93 Load : 2107
Quarter : 94 Load : 0
Quarter : 95 Load : 1448
Quarter : 96 Load : 0
Day 1
Quarter : 1 Load : 1448
Quarter : 2 Load : 0
Quarter : 3 Load : 1448
Quarter : 4 Load : 0
Quarter : 5 Load : 1448
Quarter : 6 Load : 0
Quarter : 7 Load : 1448
Quarter : 8 Load : 0
Quarter : 9 Load : 1448
Quarter : 10 Load : 0
Quarter : 11 Load : 1448
Quarter : 12 Load : 0
Quarter : 13 Load : 1448
Quarter : 14 Load : 0
Quarter : 15 Load : 1448
Quarter : 16 Load : 1500
Quarter : 17 Load : 3333
Quarter : 18 Load : 2367
Quarter : 19 Load : 3815
Quarter : 20 Load : 2367
Quarter : 21 Load : 3815
Quarter : 22 Load : 2367
Quarter : 23 Load : 3815
Quarter : 24 Load : 2367
Quarter : 25 Load : 23352
Quarter : 26 Load : 17904
Quarter : 27 Load : 8898
Quarter : 28 Load : 5751
Quarter : 29 Load : 5022
Quarter : 30 Load : 2830
Quarter : 31 Load : 2945
Quarter : 32 Load : 1977
Quarter : 33 Load : 4130
Quarter : 34 Load : 2904
Quarter : 35 Load : 3640
Quarter : 36 Load : 1552
Quarter : 37 Load : 2592
Quarter : 38 Load : 462
Quarter : 39 Load : 4344
Quarter : 40 Load : 1612
Quarter : 41 Load : 3959
Quarter : 42 Load : 1484
Quarter : 43 Load : 2407
Quarter : 44 Load : 2194
Quarter : 45 Load : 3872
Quarter : 46 Load : 2472
Quarter : 47 Load : 3222
Quarter : 48 Load : 2834
Quarter : 49 Load : 2861
Quarter : 50 Load : 1528
Quarter : 51 Load : 5582
Quarter : 52 Load : 4653
Quarter : 53 Load : 5654
Quarter : 54 Load : 3162
Quarter : 55 Load : 4631
Quarter : 56 Load : 1174
Quarter : 57 Load : 2601
Quarter : 58 Load : 1286
Quarter : 59 Load : 4132
Quarter : 60 Load : 3988
Quarter : 61 Load : 3488
Quarter : 62 Load : 1453
Quarter : 63 Load : 3514
Quarter : 64 Load : 1223
Quarter : 65 Load : 4984
Quarter : 66 Load : 4722
Quarter : 67 Load : 3386
Quarter : 68 Load : 1695
Quarter : 69 Load : 4673
Quarter : 70 Load : 2767
Quarter : 71 Load : 2250
Quarter : 72 Load : 1781
Quarter : 73 Load : 4181
Quarter : 74 Load : 3151
Quarter : 75 Load : 2850
Quarter : 76 Load : 1458
Quarter : 77 Load : 5105
Quarter : 78 Load : 1640
Quarter : 79 Load : 3735
Quarter : 80 Load : 2934
Quarter : 81 Load : 3184
Quarter : 82 Load : 2069
Quarter : 83 Load : 4494
Quarter : 84 Load : 2398
Quarter : 85 Load : 3841
Quarter : 86 Load : 3515
Quarter : 87 Load : 5369
Quarter : 88 Load : 2387
Quarter : 89 Load : 3694
Quarter : 90 Load : 1924
Quarter : 91 Load : 3434
Quarter : 92 Load : 63
Quarter : 93 Load : 1448
Quarter : 94 Load : 0
Quarter : 95 Load : 1448
Quarter : 96 Load : 0
Day 2
Quarter : 1 Load : 1448
Quarter : 2 Load : 0
Quarter : 3 Load : 1448
Quarter : 4 Load : 0
Quarter : 5 Load : 1448
Quarter : 6 Load : 0
Quarter : 7 Load : 1448
Quarter : 8 Load : 0
Quarter : 9 Load : 1448
Quarter : 10 Load : 0
Quarter : 11 Load : 1448
Quarter : 12 Load : 0
Quarter : 13 Load : 1448
Quarter : 14 Load : 0
Quarter : 15 Load : 1448
Quarter : 16 Load : 575
Quarter : 17 Load : 2023
Quarter : 18 Load : 575
Quarter : 19 Load : 2023
Quarter : 20 Load : 575
Quarter : 21 Load : 2023
Quarter : 22 Load : 575
Quarter : 23 Load : 2023
Quarter : 24 Load : 996
Quarter : 25 Load : 17057
Quarter : 26 Load : 14789
Quarter : 27 Load : 7637
Quarter : 28 Load : 7430
Quarter : 29 Load : 5495
Quarter : 30 Load : 5689
Quarter : 31 Load : 4127
Quarter : 32 Load : 4203
Quarter : 33 Load : 4615
Quarter : 34 Load : 3968
Quarter : 35 Load : 3773
Quarter : 36 Load : 4229
Quarter : 37 Load : 5095
Quarter : 38 Load : 1288
Quarter : 39 Load : 4576
Quarter : 40 Load : 4222
Quarter : 41 Load : 4758
Quarter : 42 Load : 1189
Quarter : 43 Load : 2463
Quarter : 44 Load : 1279
Quarter : 45 Load : 3541
Quarter : 46 Load : 1718
Quarter : 47 Load : 3863
Quarter : 48 Load : 5377
Quarter : 49 Load : 3783
Quarter : 50 Load : 1492
Quarter : 51 Load : 2990
Quarter : 52 Load : 2137
Quarter : 53 Load : 6389
Quarter : 54 Load : 4974
Quarter : 55 Load : 6515
Quarter : 56 Load : 2845
Quarter : 57 Load : 4881
Quarter : 58 Load : 2741
Quarter : 59 Load : 6378
Quarter : 60 Load : 3262
Quarter : 61 Load : 3089
Quarter : 62 Load : 3459
Quarter : 63 Load : 2546
Quarter : 64 Load : 2339
Quarter : 65 Load : 3087
Quarter : 66 Load : 1630
Quarter : 67 Load : 5469
Quarter : 68 Load : 3393
Quarter : 69 Load : 4481
Quarter : 70 Load : 3575
Quarter : 71 Load : 3230
Quarter : 72 Load : 1268
Quarter : 73 Load : 3067
Quarter : 74 Load : 1726
Quarter : 75 Load : 2909
Quarter : 76 Load : 2245
Quarter : 77 Load : 3664
Quarter : 78 Load : 4830
Quarter : 79 Load : 4810
Quarter : 80 Load : 1083
Quarter : 81 Load : 3158
Quarter : 82 Load : 1975
Quarter : 83 Load : 3327
Quarter : 84 Load : 808
Quarter : 85 Load : 2813
Quarter : 86 Load : 1885
Quarter : 87 Load : 2877
Quarter : 88 Load : 1096
Quarter : 89 Load : 3392
Quarter : 90 Load : 2544
Quarter : 91 Load : 1448
Quarter : 92 Load : 526
Quarter : 93 Load : 1448
Quarter : 94 Load : 369
Quarter : 95 Load : 1448
Quarter : 96 Load : 0
Day 3
Quarter : 1 Load : 1448
Quarter : 2 Load : 0
Quarter : 3 Load : 1448
Quarter : 4 Load : 0
Quarter : 5 Load : 1448
Quarter : 6 Load : 0
Quarter : 7 Load : 1448
Quarter : 8 Load : 0
Quarter : 9 Load : 1448
Quarter : 10 Load : 0
Quarter : 11 Load : 1448
Quarter : 12 Load : 0
Quarter : 13 Load : 1448
Quarter : 14 Load : 0
Quarter : 15 Load : 1448
Quarter : 16 Load : 0
Quarter : 17 Load : 1448
Quarter : 18 Load : 581
Quarter : 19 Load : 2029
Quarter : 20 Load : 1772
Quarter : 21 Load : 3795
Quarter : 22 Load : 2347
Quarter : 23 Load : 3795
Quarter : 24 Load : 2347
Quarter : 25 Load : 21168
Quarter : 26 Load : 20041
Quarter : 27 Load : 10362
Quarter : 28 Load : 7391
Quarter : 29 Load : 5197
Quarter : 30 Load : 2286
Quarter : 31 Load : 5774
Quarter : 32 Load : 4106
Quarter : 33 Load : 2621
Quarter : 34 Load : 4922
Quarter : 35 Load : 9111
Quarter : 36 Load : 5053
Quarter : 37 Load : 2433
Quarter : 38 Load : 1526
Quarter : 39 Load : 1972
Quarter : 40 Load : 2190
Quarter : 41 Load : 4432
Quarter : 42 Load : 2014
Quarter : 43 Load : 4775
Quarter : 44 Load : 4066
Quarter : 45 Load : 2973
Quarter : 46 Load : 2478
Quarter : 47 Load : 6064
Quarter : 48 Load : 6004
Quarter : 49 Load : 5923
Quarter : 50 Load : 3149
Quarter : 51 Load : 5767
Quarter : 52 Load : 4251
Quarter : 53 Load : 3483
Quarter : 54 Load : 5059
Quarter : 55 Load : 3670
Quarter : 56 Load : 2095
Quarter : 57 Load : 2592
Quarter : 58 Load : 1305
Quarter : 59 Load : 3074
Quarter : 60 Load : 1172
Quarter : 61 Load : 2372
Quarter : 62 Load : 1612
Quarter : 63 Load : 3625
Quarter : 64 Load : 1085
Quarter : 65 Load : 2733
Quarter : 66 Load : 1561
Quarter : 67 Load : 2438
Quarter : 68 Load : 1810
Quarter : 69 Load : 2981
Quarter : 70 Load : 2827
Quarter : 71 Load : 1821
Quarter : 72 Load : 1248
Quarter : 73 Load : 1799
Quarter : 74 Load : 1752
Quarter : 75 Load : 2627
Quarter : 76 Load : 3597
Quarter : 77 Load : 4124
Quarter : 78 Load : 1343
Quarter : 79 Load : 3062
Quarter : 80 Load : 2447
Quarter : 81 Load : 3843
Quarter : 82 Load : 1254
Quarter : 83 Load : 2501
Quarter : 84 Load : 2307
Quarter : 85 Load : 3217
Quarter : 86 Load : 1928
Quarter : 87 Load : 2806
Quarter : 88 Load : 1071
Quarter : 89 Load : 1978
Quarter : 90 Load : 3208
Quarter : 91 Load : 3076
Quarter : 92 Load : 550
Quarter : 93 Load : 1882
Quarter : 94 Load : 0
Quarter : 95 Load : 1448
Quarter : 96 Load : 0
Day 4
Quarter : 1 Load : 1448
Quarter : 2 Load : 0
Quarter : 3 Load : 1448
Quarter : 4 Load : 0
Quarter : 5 Load : 1448
Quarter : 6 Load : 0
Quarter : 7 Load : 1448
Quarter : 8 Load : 0
Quarter : 9 Load : 1448
Quarter : 10 Load : 0
Quarter : 11 Load : 1448
Quarter : 12 Load : 0
Quarter : 13 Load : 1448
Quarter : 14 Load : 0
Quarter : 15 Load : 1448
Quarter : 16 Load : 0
Quarter : 17 Load : 1448
Quarter : 18 Load : 712
Quarter : 19 Load : 2160
Quarter : 20 Load : 712
Quarter : 21 Load : 2160
Quarter : 22 Load : 712
Quarter : 23 Load : 2160
Quarter : 24 Load : 712
Quarter : 25 Load : 15585
Quarter : 26 Load : 12737
Quarter : 27 Load : 8169
Quarter : 28 Load : 5126
Quarter : 29 Load : 6585
Quarter : 30 Load : 4765
Quarter : 31 Load : 5383
Quarter : 32 Load : 1800
Quarter : 33 Load : 3607
Quarter : 34 Load : 1764
Quarter : 35 Load : 2918
Quarter : 36 Load : 1135
Quarter : 37 Load : 3318
Quarter : 38 Load : 1102
Quarter : 39 Load : 1804
Quarter : 40 Load : 1805
Quarter : 41 Load : 4046
Quarter : 42 Load : 1054
Quarter : 43 Load : 1933
Quarter : 44 Load : 659
Quarter : 45 Load : 2712
Quarter : 46 Load : 651
Quarter : 47 Load : 2315
Quarter : 48 Load : 2424
Quarter : 49 Load : 4154
Quarter : 50 Load : 2617
Quarter : 51 Load : 4984
Quarter : 52 Load : 3354
Quarter : 53 Load : 4836
Quarter : 54 Load : 2792
Quarter : 55 Load : 5681
Quarter : 56 Load : 6920
Quarter : 57 Load : 8528
Quarter : 58 Load : 5028
Quarter : 59 Load : 5660
Quarter : 60 Load : 4690
Quarter : 61 Load : 4210
Quarter : 62 Load : 5425
Quarter : 63 Load : 4656
Quarter : 64 Load : 2845
Quarter : 65 Load : 2860
Quarter : 66 Load : 2785
Quarter : 67 Load : 3163
Quarter : 68 Load : 2711
Quarter : 69 Load : 3149
Quarter : 70 Load : 2167
Quarter : 71 Load : 2342
Quarter : 72 Load : 2685
Quarter : 73 Load : 2297
Quarter : 74 Load : 1335
Quarter : 75 Load : 2741
Quarter : 76 Load : 4138
Quarter : 77 Load : 6201
Quarter : 78 Load : 5492
Quarter : 79 Load : 3989
Quarter : 80 Load : 3674
Quarter : 81 Load : 3767
Quarter : 82 Load : 510
Quarter : 83 Load : 5421
Quarter : 84 Load : 5296
Quarter : 85 Load : 2087
Quarter : 86 Load : 5248
Quarter : 87 Load : 5883
Quarter : 88 Load : 1849
Quarter : 89 Load : 4017
Quarter : 90 Load : 3254
Quarter : 91 Load : 1767
Quarter : 92 Load : 1089
Quarter : 93 Load : 1974
Quarter : 94 Load : 0
Quarter : 95 Load : 1448
Quarter : 96 Load : 0
Day 5
Quarter : 1 Load : 1448
Quarter : 2 Load : 0
Quarter : 3 Load : 1448
Quarter : 4 Load : 0
Quarter : 5 Load : 1448
Quarter : 6 Load : 0
Quarter : 7 Load : 1448
Quarter : 8 Load : 0
Quarter : 9 Load : 1448
Quarter : 10 Load : 0
Quarter : 11 Load : 1448
Quarter : 12 Load : 0
Quarter : 13 Load : 1448
Quarter : 14 Load : 0
Quarter : 15 Load : 1448
Quarter : 16 Load : 694
Quarter : 17 Load : 2142
Quarter : 18 Load : 1678
Quarter : 19 Load : 3126
Quarter : 20 Load : 1678
Quarter : 21 Load : 3126
Quarter : 22 Load : 1678
Quarter : 23 Load : 3126
Quarter : 24 Load : 1678
Quarter : 25 Load : 19260
Quarter : 26 Load : 18417
Quarter : 27 Load : 12139
Quarter : 28 Load : 7691
Quarter : 29 Load : 4427
Quarter : 30 Load : 1809
Quarter : 31 Load : 3154
Quarter : 32 Load : 709
Quarter : 33 Load : 3206
Quarter : 34 Load : 720
Quarter : 35 Load : 4497
Quarter : 36 Load : 2619
Quarter : 37 Load : 2363
Quarter : 38 Load : 1871
Quarter : 39 Load : 3397
Quarter : 40 Load : 2559
Quarter : 41 Load : 4156
Quarter : 42 Load : 3166
Quarter : 43 Load : 3433
Quarter : 44 Load : 2232
Quarter : 45 Load : 3038
Quarter : 46 Load : 2917
Quarter : 47 Load : 5707
Quarter : 48 Load : 1948
Quarter : 49 Load : 2631
Quarter : 50 Load : 1810
Quarter : 51 Load : 4904
Quarter : 52 Load : 1504
Quarter : 53 Load : 3508
Quarter : 54 Load : 1915
Quarter : 55 Load : 3468
Quarter : 56 Load : 3155
Quarter : 57 Load : 3825
Quarter : 58 Load : 1372
Quarter : 59 Load : 3677
Quarter : 60 Load : 2051
Quarter : 61 Load : 6222
Quarter : 62 Load : 4368
Quarter : 63 Load : 3083
Quarter : 64 Load : 977
Quarter : 65 Load : 4023
Quarter : 66 Load : 1827
Quarter : 67 Load : 2471
Quarter : 68 Load : 1402
Quarter : 69 Load : 3855
Quarter : 70 Load : 5310
Quarter : 71 Load : 7311
Quarter : 72 Load : 3255
Quarter : 73 Load : 4649
Quarter : 74 Load : 3036
Quarter : 75 Load : 3264
Quarter : 76 Load : 2206
Quarter : 77 Load : 5561
Quarter : 78 Load : 1679
Quarter : 79 Load : 2205
Quarter : 80 Load : 1390
Quarter : 81 Load : 3690
Quarter : 82 Load : 4156
Quarter : 83 Load : 5539
Quarter : 84 Load : 3090
Quarter : 85 Load : 3135
Quarter : 86 Load : 435
Quarter : 87 Load : 2727
Quarter : 88 Load : 2295
Quarter : 89 Load : 2572
Quarter : 90 Load : 2365
Quarter : 91 Load : 1817
Quarter : 92 Load : 0
Quarter : 93 Load : 1448
Quarter : 94 Load : 0
Quarter : 95 Load : 1448
Quarter : 96 Load : 0
Day 6
Quarter : 1 Load : 1448
Quarter : 2 Load : 0
Quarter : 3 Load : 1448
Quarter : 4 Load : 0
Quarter : 5 Load : 1448
Quarter : 6 Load : 0
Quarter : 7 Load : 1448
Quarter : 8 Load : 0
Quarter : 9 Load : 1448
Quarter : 10 Load : 0
Quarter : 11 Load : 1448
Quarter : 12 Load : 0
Quarter : 13 Load : 1448
Quarter : 14 Load : 0
Quarter : 15 Load : 1448
Quarter : 16 Load : 0
Quarter : 17 Load : 1448
Quarter : 18 Load : 0
Quarter : 19 Load : 1448
Quarter : 20 Load : 0
Quarter : 21 Load : 1448
Quarter : 22 Load : 0
Quarter : 23 Load : 1448
Quarter : 24 Load : 0
Quarter : 25 Load : 20545
Quarter : 26 Load : 20144
Quarter : 27 Load : 11586
Quarter : 28 Load : 7164
Quarter : 29 Load : 5370
Quarter : 30 Load : 1603
Quarter : 31 Load : 2697
Quarter : 32 Load : 1024
Quarter : 33 Load : 2936
Quarter : 34 Load : 534
Quarter : 35 Load : 2595
Quarter : 36 Load : 1605
Quarter : 37 Load : 3158
Quarter : 38 Load : 2899
Quarter : 39 Load : 5211
Quarter : 40 Load : 907
Quarter : 41 Load : 2572
Quarter : 42 Load : 1375
Quarter : 43 Load : 3683
Quarter : 44 Load : 373
Quarter : 45 Load : 4553
Quarter : 46 Load : 4212
Quarter : 47 Load : 6096
Quarter : 48 Load : 4021
Quarter : 49 Load : 4233
Quarter : 50 Load : 3554
Quarter : 51 Load : 5297
Quarter : 52 Load : 1817
Quarter : 53 Load : 3721
Quarter : 54 Load : 2361
Quarter : 55 Load : 3654
Quarter : 56 Load : 1565
Quarter : 57 Load : 2809
Quarter : 58 Load : 1794
Quarter : 59 Load : 2087
Quarter : 60 Load : 895
Quarter : 61 Load : 3721
Quarter : 62 Load : 1384
Quarter : 63 Load : 1982
Quarter : 64 Load : 2608
Quarter : 65 Load : 4838
Quarter : 66 Load : 2860
Quarter : 67 Load : 4878
Quarter : 68 Load : 6212
Quarter : 69 Load : 4183
Quarter : 70 Load : 1483
Quarter : 71 Load : 2652
Quarter : 72 Load : 1400
Quarter : 73 Load : 2716
Quarter : 74 Load : 200
Quarter : 75 Load : 2641
Quarter : 76 Load : 635
Quarter : 77 Load : 3064
Quarter : 78 Load : 1830
Quarter : 79 Load : 3731
Quarter : 80 Load : 1928
Quarter : 81 Load : 3551
Quarter : 82 Load : 1420
Quarter : 83 Load : 5490
Quarter : 84 Load : 3564
Quarter : 85 Load : 2823
Quarter : 86 Load : 1062
Quarter : 87 Load : 5600
Quarter : 88 Load : 2824
Quarter : 89 Load : 2570
Quarter : 90 Load : 1715
Quarter : 91 Load : 2623
Quarter : 92 Load : 1262
Quarter : 93 Load : 1448
Quarter : 94 Load : 210
Quarter : 95 Load : 1448
Quarter : 96 Load : 0
Day 0
Hour : 1 Load : 2896
Hour : 2 Load : 2896
Hour : 3 Load : 2896
Hour : 4 Load : 2896
Hour : 5 Load : 7654
Hour : 6 Load : 9240
Hour : 7 Load : 62103
Hour : 8 Load : 17455
Hour : 9 Load : 14317
Hour : 10 Load : 13578
Hour : 11 Load : 18208
Hour : 12 Load : 11409
Hour : 13 Load : 14220
Hour : 14 Load : 16363
Hour : 15 Load : 12095
Hour : 16 Load : 17449
Hour : 17 Load : 9563
Hour : 18 Load : 6845
Hour : 19 Load : 12721
Hour : 20 Load : 18273
Hour : 21 Load : 14829
Hour : 22 Load : 11989
Hour : 23 Load : 10381
Hour : 24 Load : 3555
Day 1
Hour : 1 Load : 2896
Hour : 2 Load : 2896
Hour : 3 Load : 2896
Hour : 4 Load : 4396
Hour : 5 Load : 11882
Hour : 6 Load : 12364
Hour : 7 Load : 55905
Hour : 8 Load : 12774
Hour : 9 Load : 12226
Hour : 10 Load : 9010
Hour : 11 Load : 10044
Hour : 12 Load : 12400
Hour : 13 Load : 14624
Hour : 14 Load : 14621
Hour : 15 Load : 12007
Hour : 16 Load : 9678
Hour : 17 Load : 14787
Hour : 18 Load : 11471
Hour : 19 Load : 11640
Hour : 20 Load : 13414
Hour : 21 Load : 12145
Hour : 22 Load : 15112
Hour : 23 Load : 9115
Hour : 24 Load : 2896
Day 2
Hour : 1 Load : 2896
Hour : 2 Load : 2896
Hour : 3 Load : 2896
Hour : 4 Load : 3471
Hour : 5 Load : 5196
Hour : 6 Load : 5617
Hour : 7 Load : 46913
Hour : 8 Load : 19514
Hour : 9 Load : 16585
Hour : 10 Load : 15181
Hour : 11 Load : 9689
Hour : 12 Load : 14499
Hour : 13 Load : 10402
Hour : 14 Load : 20723
Hour : 15 Load : 17262
Hour : 16 Load : 11433
Hour : 17 Load : 13579
Hour : 18 Load : 12554
Hour : 19 Load : 9947
Hour : 20 Load : 14387
Hour : 21 Load : 9268
Hour : 22 Load : 8671
Hour : 23 Load : 7910
Hour : 24 Load : 3265
Day 3
Hour : 1 Load : 2896
Hour : 2 Load : 2896
Hour : 3 Load : 2896
Hour : 4 Load : 2896
Hour : 5 Load : 5830
Hour : 6 Load : 12284
Hour : 7 Load : 58962
Hour : 8 Load : 17363
Hour : 9 Load : 21707
Hour : 10 Load : 8121
Hour : 11 Load : 15287
Hour : 12 Load : 17519
Hour : 13 Load : 19090
Hour : 14 Load : 14307
Hour : 15 Load : 8143
Hour : 16 Load : 8694
Hour : 17 Load : 8542
Hour : 18 Load : 8877
Hour : 19 Load : 9775
Hour : 20 Load : 10976
Hour : 21 Load : 9905
Hour : 22 Load : 9022
Hour : 23 Load : 8812
Hour : 24 Load : 3330
Day 4
Hour : 1 Load : 2896
Hour : 2 Load : 2896
Hour : 3 Load : 2896
Hour : 4 Load : 2896
Hour : 5 Load : 5032
Hour : 6 Load : 5744
Hour : 7 Load : 41617
Hour : 8 Load : 18533
Hour : 9 Load : 9424
Hour : 10 Load : 8029
Hour : 11 Load : 7692
Hour : 12 Load : 8102
Hour : 13 Load : 15109
Hour : 14 Load : 20229
Hour : 15 Load : 23906
Hour : 16 Load : 17136
Hour : 17 Load : 11519
Hour : 18 Load : 10343
Hour : 19 Load : 10511
Hour : 20 Load : 19356
Hour : 21 Load : 14994
Hour : 22 Load : 15067
Hour : 23 Load : 10127
Hour : 24 Load : 3422
Day 5
Hour : 1 Load : 2896
Hour : 2 Load : 2896
Hour : 3 Load : 2896
Hour : 4 Load : 3590
Hour : 5 Load : 8624
Hour : 6 Load : 9608
Hour : 7 Load : 57507
Hour : 8 Load : 10099
Hour : 9 Load : 11042
Hour : 10 Load : 10190
Hour : 11 Load : 12987
Hour : 12 Load : 13610
Hour : 13 Load : 10849
Hour : 14 Load : 12046
Hour : 15 Load : 10925
Hour : 16 Load : 14650
Hour : 17 Load : 9723
Hour : 18 Load : 19731
Hour : 19 Load : 13155
Hour : 20 Load : 10835
Hour : 21 Load : 16475
Hour : 22 Load : 8592
Hour : 23 Load : 6754
Hour : 24 Load : 2896
Day 6
Hour : 1 Load : 2896
Hour : 2 Load : 2896
Hour : 3 Load : 2896
Hour : 4 Load : 2896
Hour : 5 Load : 2896
Hour : 6 Load : 2896
Hour : 7 Load : 59439
Hour : 8 Load : 10694
Hour : 9 Load : 7670
Hour : 10 Load : 12175
Hour : 11 Load : 8003
Hour : 12 Load : 18882
Hour : 13 Load : 14901
Hour : 14 Load : 11301
Hour : 15 Load : 7585
Hour : 16 Load : 9695
Hour : 17 Load : 18788
Hour : 18 Load : 9718
Hour : 19 Load : 6192
Hour : 20 Load : 10553
Hour : 21 Load : 14025
Hour : 22 Load : 12309
Hour : 23 Load : 8170
Hour : 24 Load : 3106
End of initialization

]]></system-out>
  <system-err><![CDATA[--Output from testCreationAndSubscriptionToDefault--
--Output from testPowerConsumption--
--Output from testChangingSubscriptions--
--Output from testRevokingSubscriptions--
--Output from testTariffPublication--
]]></system-err>
</testsuite>
