<?xml version="1.0" encoding="UTF-8" ?>
<testsuite errors="0" failures="0" hostname="Anty-PC" name="powertac.household.customer.CustomerTests" tests="5" time="60.618" timestamp="2011-04-05T19:46:34">
  <properties />
  <testcase classname="powertac.household.customer.CustomerTests" name="testCreationAndSubscriptionToDefault" time="16.568" />
  <testcase classname="powertac.household.customer.CustomerTests" name="testPowerConsumption" time="11.202" />
  <testcase classname="powertac.household.customer.CustomerTests" name="testChangingSubscriptions" time="11.598" />
  <testcase classname="powertac.household.customer.CustomerTests" name="testRevokingSubscriptions" time="11.404" />
  <testcase classname="powertac.household.customer.CustomerTests" name="testTariffPublication" time="9.845" />
  <system-out><![CDATA[--Output from testCreationAndSubscriptionToDefault--
Initializing House 0
Initializing House 1
Initializing House 2
Initializing House 3
Initializing House 4
Initializing House 5
Initializing House 6
Initializing House 7
Initializing House 8
Initializing House 9
Initializing House 10
Initializing House 11
Initializing House 12
Initializing House 13
Initializing House 14
Initializing House 15
Initializing House 16
Initializing House 17
Initializing House 18
Initializing House 19
Initializing House 20
Initializing House 21
Initializing House 22
Initializing House 23
Initializing House 24
Initializing House 25
Initializing House 26
Initializing House 27
Initializing House 28
Initializing House 29
Initializing House 30
Initializing House 31
Initializing House 32
Initializing House 33
Initializing House 34
Initializing House 35
Initializing House 36
Initializing House 37
Initializing House 38
Initializing House 39
Initializing House 40
Initializing House 41
Initializing House 42
Initializing House 43
Initializing House 44
Initializing House 45
Initializing House 46
Initializing House 47
Initializing House 48
Initializing House 49
Initializing House 50
Initializing House 51
Initializing House 52
Initializing House 53
Initializing House 54
Initializing House 55
Initializing House 56
Initializing House 57
Initializing House 58
Initializing House 59
Initializing House 60
Initializing House 61
Initializing House 62
Initializing House 63
Initializing House 64
Initializing House 65
Initializing House 66
Initializing House 67
Initializing House 68
Initializing House 69
Initializing House 70
Initializing House 71
Initializing House 72
Initializing House 73
Initializing House 74
Initializing House 75
Initializing House 76
Initializing House 77
Initializing House 78
Initializing House 79
Initializing House 80
Initializing House 81
Initializing House 82
Initializing House 83
Initializing House 84
Initializing House 85
Initializing House 86
Initializing House 87
Initializing House 88
Initializing House 89
Initializing House 90
Initializing House 91
Initializing House 92
Initializing House 93
Initializing House 94
Initializing House 95
Initializing House 96
Initializing House 97
Initializing House 98
Initializing House 99
Scheduled
Day 0
Quarter : 1 Load : 5836
Quarter : 2 Load : 0
Quarter : 3 Load : 0
Quarter : 4 Load : 0
Quarter : 5 Load : 5526
Quarter : 6 Load : 8540
Quarter : 7 Load : 8540
Quarter : 8 Load : 8540
Quarter : 9 Load : 8540
Quarter : 10 Load : 8540
Quarter : 11 Load : 8540
Quarter : 12 Load : 14664
Quarter : 13 Load : 12061
Quarter : 14 Load : 11609
Quarter : 15 Load : 11609
Quarter : 16 Load : 14573
Quarter : 17 Load : 16957
Quarter : 18 Load : 16957
Quarter : 19 Load : 25048
Quarter : 20 Load : 20963
Quarter : 21 Load : 18602
Quarter : 22 Load : 16040
Quarter : 23 Load : 16544
Quarter : 24 Load : 14586
Quarter : 25 Load : 15162
Quarter : 26 Load : 226473
Quarter : 27 Load : 149879
Quarter : 28 Load : 90149
Quarter : 29 Load : 59313
Quarter : 30 Load : 49195
Quarter : 31 Load : 35924
Quarter : 32 Load : 32376
Quarter : 33 Load : 34214
Quarter : 34 Load : 30888
Quarter : 35 Load : 46387
Quarter : 36 Load : 22915
Quarter : 37 Load : 22776
Quarter : 38 Load : 32967
Quarter : 39 Load : 27270
Quarter : 40 Load : 30430
Quarter : 41 Load : 25756
Quarter : 42 Load : 28982
Quarter : 43 Load : 30944
Quarter : 44 Load : 22852
Quarter : 45 Load : 26379
Quarter : 46 Load : 34486
Quarter : 47 Load : 22408
Quarter : 48 Load : 21185
Quarter : 49 Load : 37549
Quarter : 50 Load : 47882
Quarter : 51 Load : 35517
Quarter : 52 Load : 26872
Quarter : 53 Load : 38634
Quarter : 54 Load : 27857
Quarter : 55 Load : 26676
Quarter : 56 Load : 28783
Quarter : 57 Load : 22230
Quarter : 58 Load : 24742
Quarter : 59 Load : 19014
Quarter : 60 Load : 19557
Quarter : 61 Load : 21460
Quarter : 62 Load : 18815
Quarter : 63 Load : 18543
Quarter : 64 Load : 14725
Quarter : 65 Load : 23091
Quarter : 66 Load : 42465
Quarter : 67 Load : 37577
Quarter : 68 Load : 24500
Quarter : 69 Load : 31598
Quarter : 70 Load : 22635
Quarter : 71 Load : 21129
Quarter : 72 Load : 17490
Quarter : 73 Load : 34340
Quarter : 74 Load : 34360
Quarter : 75 Load : 27755
Quarter : 76 Load : 16060
Quarter : 77 Load : 32503
Quarter : 78 Load : 27300
Quarter : 79 Load : 34991
Quarter : 80 Load : 29413
Quarter : 81 Load : 26045
Quarter : 82 Load : 34534
Quarter : 83 Load : 22610
Quarter : 84 Load : 14883
Quarter : 85 Load : 18084
Quarter : 86 Load : 17436
Quarter : 87 Load : 14194
Quarter : 88 Load : 26110
Quarter : 89 Load : 25113
Quarter : 90 Load : 24757
Quarter : 91 Load : 24109
Quarter : 92 Load : 3155
Quarter : 93 Load : 2527
Quarter : 94 Load : 2474
Quarter : 95 Load : 3947
Quarter : 96 Load : 0
Day 1
Quarter : 1 Load : 7302
Quarter : 2 Load : 0
Quarter : 3 Load : 2879
Quarter : 4 Load : 2879
Quarter : 5 Load : 2879
Quarter : 6 Load : 6461
Quarter : 7 Load : 9003
Quarter : 8 Load : 12778
Quarter : 9 Load : 15494
Quarter : 10 Load : 15494
Quarter : 11 Load : 12615
Quarter : 12 Load : 12615
Quarter : 13 Load : 12615
Quarter : 14 Load : 9033
Quarter : 15 Load : 6491
Quarter : 16 Load : 2716
Quarter : 17 Load : 3328
Quarter : 18 Load : 5890
Quarter : 19 Load : 6898
Quarter : 20 Load : 11699
Quarter : 21 Load : 14897
Quarter : 22 Load : 17820
Quarter : 23 Load : 17820
Quarter : 24 Load : 17820
Quarter : 25 Load : 17820
Quarter : 26 Load : 208048
Quarter : 27 Load : 165510
Quarter : 28 Load : 80688
Quarter : 29 Load : 66437
Quarter : 30 Load : 46132
Quarter : 31 Load : 41210
Quarter : 32 Load : 32026
Quarter : 33 Load : 30027
Quarter : 34 Load : 31003
Quarter : 35 Load : 32857
Quarter : 36 Load : 34712
Quarter : 37 Load : 42654
Quarter : 38 Load : 26216
Quarter : 39 Load : 27866
Quarter : 40 Load : 37681
Quarter : 41 Load : 21027
Quarter : 42 Load : 24799
Quarter : 43 Load : 26770
Quarter : 44 Load : 38017
Quarter : 45 Load : 31251
Quarter : 46 Load : 25873
Quarter : 47 Load : 27649
Quarter : 48 Load : 34132
Quarter : 49 Load : 29988
Quarter : 50 Load : 37691
Quarter : 51 Load : 21285
Quarter : 52 Load : 29120
Quarter : 53 Load : 17351
Quarter : 54 Load : 23963
Quarter : 55 Load : 27970
Quarter : 56 Load : 20718
Quarter : 57 Load : 17237
Quarter : 58 Load : 21495
Quarter : 59 Load : 24916
Quarter : 60 Load : 22202
Quarter : 61 Load : 32572
Quarter : 62 Load : 33433
Quarter : 63 Load : 30391
Quarter : 64 Load : 25954
Quarter : 65 Load : 23005
Quarter : 66 Load : 49575
Quarter : 67 Load : 20170
Quarter : 68 Load : 39724
Quarter : 69 Load : 29248
Quarter : 70 Load : 28276
Quarter : 71 Load : 37093
Quarter : 72 Load : 43709
Quarter : 73 Load : 35414
Quarter : 74 Load : 23739
Quarter : 75 Load : 37793
Quarter : 76 Load : 22888
Quarter : 77 Load : 51581
Quarter : 78 Load : 23640
Quarter : 79 Load : 19626
Quarter : 80 Load : 31080
Quarter : 81 Load : 20832
Quarter : 82 Load : 29045
Quarter : 83 Load : 25184
Quarter : 84 Load : 22917
Quarter : 85 Load : 27635
Quarter : 86 Load : 43170
Quarter : 87 Load : 32818
Quarter : 88 Load : 19792
Quarter : 89 Load : 14718
Quarter : 90 Load : 36515
Quarter : 91 Load : 16212
Quarter : 92 Load : 6565
Quarter : 93 Load : 4232
Quarter : 94 Load : 2370
Quarter : 95 Load : 2136
Quarter : 96 Load : 802
Day 2
Quarter : 1 Load : 6623
Quarter : 2 Load : 4601
Quarter : 3 Load : 4601
Quarter : 4 Load : 4601
Quarter : 5 Load : 4601
Quarter : 6 Load : 7615
Quarter : 7 Load : 7615
Quarter : 8 Load : 11086
Quarter : 9 Load : 11086
Quarter : 10 Load : 12126
Quarter : 11 Load : 14842
Quarter : 12 Load : 14842
Quarter : 13 Load : 23813
Quarter : 14 Load : 20799
Quarter : 15 Load : 23763
Quarter : 16 Load : 20292
Quarter : 17 Load : 25816
Quarter : 18 Load : 23098
Quarter : 19 Load : 24763
Quarter : 20 Load : 29283
Quarter : 21 Load : 20312
Quarter : 22 Load : 20910
Quarter : 23 Load : 17946
Quarter : 24 Load : 18427
Quarter : 25 Load : 23620
Quarter : 26 Load : 198868
Quarter : 27 Load : 166271
Quarter : 28 Load : 61751
Quarter : 29 Load : 60118
Quarter : 30 Load : 30049
Quarter : 31 Load : 35942
Quarter : 32 Load : 26779
Quarter : 33 Load : 23455
Quarter : 34 Load : 20704
Quarter : 35 Load : 21497
Quarter : 36 Load : 26966
Quarter : 37 Load : 38700
Quarter : 38 Load : 30777
Quarter : 39 Load : 39304
Quarter : 40 Load : 22116
Quarter : 41 Load : 28004
Quarter : 42 Load : 40407
Quarter : 43 Load : 38168
Quarter : 44 Load : 36269
Quarter : 45 Load : 26819
Quarter : 46 Load : 22034
Quarter : 47 Load : 34686
Quarter : 48 Load : 20522
Quarter : 49 Load : 43240
Quarter : 50 Load : 24759
Quarter : 51 Load : 18032
Quarter : 52 Load : 24345
Quarter : 53 Load : 19482
Quarter : 54 Load : 32724
Quarter : 55 Load : 19185
Quarter : 56 Load : 20941
Quarter : 57 Load : 27602
Quarter : 58 Load : 17610
Quarter : 59 Load : 23087
Quarter : 60 Load : 22608
Quarter : 61 Load : 19537
Quarter : 62 Load : 19795
Quarter : 63 Load : 24169
Quarter : 64 Load : 21682
Quarter : 65 Load : 43015
Quarter : 66 Load : 21670
Quarter : 67 Load : 26915
Quarter : 68 Load : 35274
Quarter : 69 Load : 23197
Quarter : 70 Load : 45056
Quarter : 71 Load : 25036
Quarter : 72 Load : 24028
Quarter : 73 Load : 28275
Quarter : 74 Load : 26882
Quarter : 75 Load : 24221
Quarter : 76 Load : 35629
Quarter : 77 Load : 22973
Quarter : 78 Load : 25398
Quarter : 79 Load : 16349
Quarter : 80 Load : 27747
Quarter : 81 Load : 19850
Quarter : 82 Load : 43936
Quarter : 83 Load : 13138
Quarter : 84 Load : 21537
Quarter : 85 Load : 50354
Quarter : 86 Load : 35206
Quarter : 87 Load : 16169
Quarter : 88 Load : 41362
Quarter : 89 Load : 32459
Quarter : 90 Load : 27482
Quarter : 91 Load : 24389
Quarter : 92 Load : 8816
Quarter : 93 Load : 1819
Quarter : 94 Load : 3130
Quarter : 95 Load : 99
Quarter : 96 Load : 84
Day 3
Quarter : 1 Load : 6248
Quarter : 2 Load : 5576
Quarter : 3 Load : 5576
Quarter : 4 Load : 5576
Quarter : 5 Load : 5576
Quarter : 6 Load : 5576
Quarter : 7 Load : 8338
Quarter : 8 Load : 8338
Quarter : 9 Load : 11210
Quarter : 10 Load : 8557
Quarter : 11 Load : 12028
Quarter : 12 Load : 15803
Quarter : 13 Load : 15803
Quarter : 14 Load : 18767
Quarter : 15 Load : 16005
Quarter : 16 Load : 18884
Quarter : 17 Load : 23150
Quarter : 18 Load : 26389
Quarter : 19 Load : 29760
Quarter : 20 Load : 25985
Quarter : 21 Load : 25985
Quarter : 22 Load : 23021
Quarter : 23 Load : 23515
Quarter : 24 Load : 23794
Quarter : 25 Load : 26716
Quarter : 26 Load : 203389
Quarter : 27 Load : 138500
Quarter : 28 Load : 63452
Quarter : 29 Load : 48724
Quarter : 30 Load : 45791
Quarter : 31 Load : 26396
Quarter : 32 Load : 36554
Quarter : 33 Load : 21597
Quarter : 34 Load : 37312
Quarter : 35 Load : 33376
Quarter : 36 Load : 35486
Quarter : 37 Load : 30572
Quarter : 38 Load : 19764
Quarter : 39 Load : 29797
Quarter : 40 Load : 27492
Quarter : 41 Load : 37024
Quarter : 42 Load : 32663
Quarter : 43 Load : 30221
Quarter : 44 Load : 37150
Quarter : 45 Load : 17826
Quarter : 46 Load : 28157
Quarter : 47 Load : 26535
Quarter : 48 Load : 20596
Quarter : 49 Load : 23178
Quarter : 50 Load : 24158
Quarter : 51 Load : 20895
Quarter : 52 Load : 26272
Quarter : 53 Load : 18159
Quarter : 54 Load : 31557
Quarter : 55 Load : 43260
Quarter : 56 Load : 34434
Quarter : 57 Load : 35485
Quarter : 58 Load : 23297
Quarter : 59 Load : 17373
Quarter : 60 Load : 16778
Quarter : 61 Load : 19707
Quarter : 62 Load : 20441
Quarter : 63 Load : 35380
Quarter : 64 Load : 27377
Quarter : 65 Load : 37682
Quarter : 66 Load : 40937
Quarter : 67 Load : 26370
Quarter : 68 Load : 23657
Quarter : 69 Load : 26918
Quarter : 70 Load : 18749
Quarter : 71 Load : 21372
Quarter : 72 Load : 17466
Quarter : 73 Load : 28962
Quarter : 74 Load : 22915
Quarter : 75 Load : 24121
Quarter : 76 Load : 19838
Quarter : 77 Load : 30387
Quarter : 78 Load : 21003
Quarter : 79 Load : 34880
Quarter : 80 Load : 16541
Quarter : 81 Load : 15655
Quarter : 82 Load : 41268
Quarter : 83 Load : 21261
Quarter : 84 Load : 17884
Quarter : 85 Load : 17172
Quarter : 86 Load : 16328
Quarter : 87 Load : 38260
Quarter : 88 Load : 18500
Quarter : 89 Load : 15857
Quarter : 90 Load : 35231
Quarter : 91 Load : 20898
Quarter : 92 Load : 7502
Quarter : 93 Load : 4540
Quarter : 94 Load : 2714
Quarter : 95 Load : 1604
Quarter : 96 Load : 0
Day 4
Quarter : 1 Load : 6353
Quarter : 2 Load : 0
Quarter : 3 Load : 9079
Quarter : 4 Load : 11958
Quarter : 5 Load : 11958
Quarter : 6 Load : 18301
Quarter : 7 Load : 18301
Quarter : 8 Load : 24806
Quarter : 9 Load : 24806
Quarter : 10 Load : 24806
Quarter : 11 Load : 15727
Quarter : 12 Load : 15564
Quarter : 13 Load : 15564
Quarter : 14 Load : 9221
Quarter : 15 Load : 12235
Quarter : 16 Load : 8384
Quarter : 17 Load : 9424
Quarter : 18 Load : 15586
Quarter : 19 Load : 20976
Quarter : 20 Load : 18788
Quarter : 21 Load : 19447
Quarter : 22 Load : 19447
Quarter : 23 Load : 16433
Quarter : 24 Load : 13779
Quarter : 25 Load : 13779
Quarter : 26 Load : 195894
Quarter : 27 Load : 178315
Quarter : 28 Load : 68529
Quarter : 29 Load : 61414
Quarter : 30 Load : 25981
Quarter : 31 Load : 25950
Quarter : 32 Load : 18348
Quarter : 33 Load : 39991
Quarter : 34 Load : 13540
Quarter : 35 Load : 22271
Quarter : 36 Load : 19853
Quarter : 37 Load : 23024
Quarter : 38 Load : 28872
Quarter : 39 Load : 27322
Quarter : 40 Load : 22179
Quarter : 41 Load : 28957
Quarter : 42 Load : 32684
Quarter : 43 Load : 28646
Quarter : 44 Load : 26894
Quarter : 45 Load : 30446
Quarter : 46 Load : 23772
Quarter : 47 Load : 42331
Quarter : 48 Load : 20405
Quarter : 49 Load : 24068
Quarter : 50 Load : 36075
Quarter : 51 Load : 23502
Quarter : 52 Load : 27165
Quarter : 53 Load : 28102
Quarter : 54 Load : 27650
Quarter : 55 Load : 31963
Quarter : 56 Load : 21438
Quarter : 57 Load : 24771
Quarter : 58 Load : 48470
Quarter : 59 Load : 30194
Quarter : 60 Load : 39912
Quarter : 61 Load : 27004
Quarter : 62 Load : 20709
Quarter : 63 Load : 23656
Quarter : 64 Load : 19682
Quarter : 65 Load : 17183
Quarter : 66 Load : 21633
Quarter : 67 Load : 28278
Quarter : 68 Load : 22699
Quarter : 69 Load : 19003
Quarter : 70 Load : 27039
Quarter : 71 Load : 25909
Quarter : 72 Load : 31556
Quarter : 73 Load : 34772
Quarter : 74 Load : 21544
Quarter : 75 Load : 38326
Quarter : 76 Load : 32759
Quarter : 77 Load : 27214
Quarter : 78 Load : 21857
Quarter : 79 Load : 20553
Quarter : 80 Load : 28722
Quarter : 81 Load : 26563
Quarter : 82 Load : 23302
Quarter : 83 Load : 20411
Quarter : 84 Load : 22205
Quarter : 85 Load : 19459
Quarter : 86 Load : 17474
Quarter : 87 Load : 15036
Quarter : 88 Load : 45116
Quarter : 89 Load : 18976
Quarter : 90 Load : 64377
Quarter : 91 Load : 23594
Quarter : 92 Load : 8390
Quarter : 93 Load : 5589
Quarter : 94 Load : 4453
Quarter : 95 Load : 2992
Quarter : 96 Load : 93
Day 5
Quarter : 1 Load : 6455
Quarter : 2 Load : 4801
Quarter : 3 Load : 4801
Quarter : 4 Load : 7363
Quarter : 5 Load : 16940
Quarter : 6 Load : 16940
Quarter : 7 Load : 16940
Quarter : 8 Load : 16940
Quarter : 9 Load : 16940
Quarter : 10 Load : 12139
Quarter : 11 Load : 12139
Quarter : 12 Load : 12541
Quarter : 13 Load : 2964
Quarter : 14 Load : 2964
Quarter : 15 Load : 2964
Quarter : 16 Load : 2964
Quarter : 17 Load : 5451
Quarter : 18 Load : 5869
Quarter : 19 Load : 15013
Quarter : 20 Load : 19326
Quarter : 21 Load : 22336
Quarter : 22 Load : 22336
Quarter : 23 Load : 22914
Quarter : 24 Load : 22914
Quarter : 25 Load : 29276
Quarter : 26 Load : 213912
Quarter : 27 Load : 143071
Quarter : 28 Load : 68756
Quarter : 29 Load : 43082
Quarter : 30 Load : 37731
Quarter : 31 Load : 31665
Quarter : 32 Load : 36540
Quarter : 33 Load : 34153
Quarter : 34 Load : 30980
Quarter : 35 Load : 36432
Quarter : 36 Load : 34683
Quarter : 37 Load : 56039
Quarter : 38 Load : 45404
Quarter : 39 Load : 27568
Quarter : 40 Load : 40524
Quarter : 41 Load : 31955
Quarter : 42 Load : 31446
Quarter : 43 Load : 48646
Quarter : 44 Load : 48387
Quarter : 45 Load : 24325
Quarter : 46 Load : 36862
Quarter : 47 Load : 38677
Quarter : 48 Load : 19702
Quarter : 49 Load : 18168
Quarter : 50 Load : 23740
Quarter : 51 Load : 25876
Quarter : 52 Load : 23018
Quarter : 53 Load : 25008
Quarter : 54 Load : 34923
Quarter : 55 Load : 27450
Quarter : 56 Load : 26606
Quarter : 57 Load : 30896
Quarter : 58 Load : 27495
Quarter : 59 Load : 49541
Quarter : 60 Load : 34127
Quarter : 61 Load : 20932
Quarter : 62 Load : 35790
Quarter : 63 Load : 22245
Quarter : 64 Load : 25435
Quarter : 65 Load : 26682
Quarter : 66 Load : 32184
Quarter : 67 Load : 36259
Quarter : 68 Load : 26308
Quarter : 69 Load : 25196
Quarter : 70 Load : 29655
Quarter : 71 Load : 26636
Quarter : 72 Load : 32968
Quarter : 73 Load : 42598
Quarter : 74 Load : 24716
Quarter : 75 Load : 25126
Quarter : 76 Load : 21256
Quarter : 77 Load : 17500
Quarter : 78 Load : 21960
Quarter : 79 Load : 33291
Quarter : 80 Load : 31817
Quarter : 81 Load : 18362
Quarter : 82 Load : 33221
Quarter : 83 Load : 26925
Quarter : 84 Load : 20625
Quarter : 85 Load : 34642
Quarter : 86 Load : 27240
Quarter : 87 Load : 32582
Quarter : 88 Load : 23538
Quarter : 89 Load : 12615
Quarter : 90 Load : 28423
Quarter : 91 Load : 13413
Quarter : 92 Load : 4175
Quarter : 93 Load : 1079
Quarter : 94 Load : 2006
Quarter : 95 Load : 330
Quarter : 96 Load : 336
Day 6
Quarter : 1 Load : 6885
Quarter : 2 Load : 0
Quarter : 3 Load : 0
Quarter : 4 Load : 0
Quarter : 5 Load : 2562
Quarter : 6 Load : 8749
Quarter : 7 Load : 11672
Quarter : 8 Load : 14551
Quarter : 9 Load : 14551
Quarter : 10 Load : 18133
Quarter : 11 Load : 18133
Quarter : 12 Load : 18133
Quarter : 13 Load : 21888
Quarter : 14 Load : 24315
Quarter : 15 Load : 21392
Quarter : 16 Load : 18513
Quarter : 17 Load : 22790
Quarter : 18 Load : 19208
Quarter : 19 Load : 19649
Quarter : 20 Load : 22613
Quarter : 21 Load : 16296
Quarter : 22 Load : 8260
Quarter : 23 Load : 10299
Quarter : 24 Load : 10299
Quarter : 25 Load : 7285
Quarter : 26 Load : 226135
Quarter : 27 Load : 172300
Quarter : 28 Load : 77675
Quarter : 29 Load : 53063
Quarter : 30 Load : 26839
Quarter : 31 Load : 61598
Quarter : 32 Load : 25925
Quarter : 33 Load : 26569
Quarter : 34 Load : 21730
Quarter : 35 Load : 19446
Quarter : 36 Load : 24865
Quarter : 37 Load : 23824
Quarter : 38 Load : 12677
Quarter : 39 Load : 14778
Quarter : 40 Load : 16924
Quarter : 41 Load : 24039
Quarter : 42 Load : 13891
Quarter : 43 Load : 16413
Quarter : 44 Load : 18662
Quarter : 45 Load : 38676
Quarter : 46 Load : 24666
Quarter : 47 Load : 30944
Quarter : 48 Load : 7556
Quarter : 49 Load : 18886
Quarter : 50 Load : 31835
Quarter : 51 Load : 17749
Quarter : 52 Load : 20318
Quarter : 53 Load : 22874
Quarter : 54 Load : 11133
Quarter : 55 Load : 18210
Quarter : 56 Load : 20595
Quarter : 57 Load : 12927
Quarter : 58 Load : 11428
Quarter : 59 Load : 44251
Quarter : 60 Load : 43513
Quarter : 61 Load : 22754
Quarter : 62 Load : 24443
Quarter : 63 Load : 21912
Quarter : 64 Load : 27105
Quarter : 65 Load : 19361
Quarter : 66 Load : 17488
Quarter : 67 Load : 35838
Quarter : 68 Load : 31344
Quarter : 69 Load : 33598
Quarter : 70 Load : 16387
Quarter : 71 Load : 20323
Quarter : 72 Load : 23917
Quarter : 73 Load : 15802
Quarter : 74 Load : 19416
Quarter : 75 Load : 27390
Quarter : 76 Load : 28099
Quarter : 77 Load : 27399
Quarter : 78 Load : 30162
Quarter : 79 Load : 27036
Quarter : 80 Load : 15376
Quarter : 81 Load : 12910
Quarter : 82 Load : 13063
Quarter : 83 Load : 17539
Quarter : 84 Load : 12843
Quarter : 85 Load : 10462
Quarter : 86 Load : 12925
Quarter : 87 Load : 9599
Quarter : 88 Load : 23220
Quarter : 89 Load : 32154
Quarter : 90 Load : 14408
Quarter : 91 Load : 14847
Quarter : 92 Load : 3995
Quarter : 93 Load : 3871
Quarter : 94 Load : 2642
Quarter : 95 Load : 2502
Quarter : 96 Load : 331
Day 0
Hour : 1 Load : 5836
Hour : 2 Load : 31146
Hour : 3 Load : 40284
Hour : 4 Load : 49852
Hour : 5 Load : 79925
Hour : 6 Load : 65772
Hour : 7 Load : 481663
Hour : 8 Load : 176808
Hour : 9 Load : 134404
Hour : 10 Load : 113443
Hour : 11 Load : 108534
Hour : 12 Load : 104458
Hour : 13 Load : 147820
Hour : 14 Load : 121950
Hour : 15 Load : 85543
Hour : 16 Load : 73543
Hour : 17 Load : 127633
Hour : 18 Load : 92852
Hour : 19 Load : 112515
Hour : 20 Load : 124207
Hour : 21 Load : 98072
Hour : 22 Load : 75824
Hour : 23 Load : 77134
Hour : 24 Load : 8948
Day 1
Hour : 1 Load : 13060
Hour : 2 Load : 31121
Hour : 3 Load : 56218
Hour : 4 Load : 30855
Hour : 5 Load : 27815
Hour : 6 Load : 68357
Hour : 7 Load : 472066
Hour : 8 Load : 185805
Hour : 9 Load : 128599
Hour : 10 Load : 134417
Hour : 11 Load : 110613
Hour : 12 Load : 118905
Hour : 13 Load : 118084
Hour : 14 Load : 90002
Hour : 15 Load : 85850
Hour : 16 Load : 122350
Hour : 17 Load : 132474
Hour : 18 Load : 138326
Hour : 19 Load : 119834
Hour : 20 Load : 125927
Hour : 21 Load : 97978
Hour : 22 Load : 123415
Hour : 23 Load : 74010
Hour : 24 Load : 9540
Day 2
Hour : 1 Load : 20426
Hour : 2 Load : 30917
Hour : 3 Load : 52896
Hour : 4 Load : 88667
Hour : 5 Load : 102960
Hour : 6 Load : 77595
Hour : 7 Load : 450510
Hour : 8 Load : 152888
Hour : 9 Load : 92622
Hour : 10 Load : 130897
Hour : 11 Load : 142848
Hour : 12 Load : 104061
Hour : 13 Load : 110376
Hour : 14 Load : 92332
Hour : 15 Load : 90907
Hour : 16 Load : 85183
Hour : 17 Load : 126874
Hour : 18 Load : 117317
Hour : 19 Load : 115007
Hour : 20 Load : 92467
Hour : 21 Load : 98461
Hour : 22 Load : 143091
Hour : 23 Load : 93146
Hour : 24 Load : 5132
Day 3
Hour : 1 Load : 22976
Hour : 2 Load : 27828
Hour : 3 Load : 47598
Hour : 4 Load : 69459
Hour : 5 Load : 105284
Hour : 6 Load : 96315
Hour : 7 Load : 432057
Hour : 8 Load : 157465
Hour : 9 Load : 127771
Hour : 10 Load : 107625
Hour : 11 Load : 137058
Hour : 12 Load : 93114
Hour : 13 Load : 94503
Hour : 14 Load : 127410
Hour : 15 Load : 92933
Hour : 16 Load : 102905
Hour : 17 Load : 128646
Hour : 18 Load : 84505
Hour : 19 Load : 95836
Hour : 20 Load : 102811
Hour : 21 Load : 96068
Hour : 22 Load : 90260
Hour : 23 Load : 79488
Hour : 24 Load : 8858
Day 4
Hour : 1 Load : 27390
Hour : 2 Load : 73366
Hour : 3 Load : 80903
Hour : 4 Load : 45404
Hour : 5 Load : 64774
Hour : 6 Load : 69106
Hour : 7 Load : 456517
Hour : 8 Load : 131693
Hour : 9 Load : 95655
Hour : 10 Load : 101397
Hour : 11 Load : 117181
Hour : 12 Load : 116954
Hour : 13 Load : 110810
Hour : 14 Load : 109153
Hour : 15 Load : 143347
Hour : 16 Load : 91051
Hour : 17 Load : 89793
Hour : 18 Load : 103507
Hour : 19 Load : 127401
Hour : 20 Load : 98346
Hour : 21 Load : 92481
Hour : 22 Load : 97085
Hour : 23 Load : 115337
Hour : 24 Load : 13127
Day 5
Hour : 1 Load : 23420
Hour : 2 Load : 67760
Hour : 3 Load : 53759
Hour : 4 Load : 11856
Hour : 5 Load : 45659
Hour : 6 Load : 90500
Hour : 7 Load : 455015
Hour : 8 Load : 149018
Hour : 9 Load : 136248
Hour : 10 Load : 169535
Hour : 11 Load : 160434
Hour : 12 Load : 119566
Hour : 13 Load : 90802
Hour : 14 Load : 113987
Hour : 15 Load : 142059
Hour : 16 Load : 104402
Hour : 17 Load : 121433
Hour : 18 Load : 114455
Hour : 19 Load : 113696
Hour : 20 Load : 104568
Hour : 21 Load : 99133
Hour : 22 Load : 118002
Hour : 23 Load : 58626
Hour : 24 Load : 3751
Day 6
Hour : 1 Load : 6885
Hour : 2 Load : 37534
Hour : 3 Load : 68950
Hour : 4 Load : 86108
Hour : 5 Load : 84260
Hour : 6 Load : 45154
Hour : 7 Load : 483395
Hour : 8 Load : 167425
Hour : 9 Load : 92610
Hour : 10 Load : 68203
Hour : 11 Load : 73005
Hour : 12 Load : 101842
Hour : 13 Load : 88788
Hour : 14 Load : 72812
Hour : 15 Load : 112119
Hour : 16 Load : 96214
Hour : 17 Load : 104031
Hour : 18 Load : 94225
Hour : 19 Load : 90707
Hour : 20 Load : 99973
Hour : 21 Load : 56355
Hour : 22 Load : 56206
Hour : 23 Load : 65404
Hour : 24 Load : 9346
Initializing House 0
Initializing House 1
Initializing House 2
Initializing House 3
Initializing House 4
Initializing House 5
Initializing House 6
Initializing House 7
Initializing House 8
Initializing House 9
Initializing House 10
Initializing House 11
Initializing House 12
Initializing House 13
Initializing House 14
Initializing House 15
Initializing House 16
Initializing House 17
Initializing House 18
Initializing House 19
Initializing House 20
Initializing House 21
Initializing House 22
Initializing House 23
Initializing House 24
Initializing House 25
Initializing House 26
Initializing House 27
Initializing House 28
Initializing House 29
Initializing House 30
Initializing House 31
Initializing House 32
Initializing House 33
Initializing House 34
Initializing House 35
Initializing House 36
Initializing House 37
Initializing House 38
Initializing House 39
Initializing House 40
Initializing House 41
Initializing House 42
Initializing House 43
Initializing House 44
Initializing House 45
Initializing House 46
Initializing House 47
Initializing House 48
Initializing House 49
Initializing House 50
Initializing House 51
Initializing House 52
Initializing House 53
Initializing House 54
Initializing House 55
Initializing House 56
Initializing House 57
Initializing House 58
Initializing House 59
Initializing House 60
Initializing House 61
Initializing House 62
Initializing House 63
Initializing House 64
Initializing House 65
Initializing House 66
Initializing House 67
Initializing House 68
Initializing House 69
Initializing House 70
Initializing House 71
Initializing House 72
Initializing House 73
Initializing House 74
Initializing House 75
Initializing House 76
Initializing House 77
Initializing House 78
Initializing House 79
Initializing House 80
Initializing House 81
Initializing House 82
Initializing House 83
Initializing House 84
Initializing House 85
Initializing House 86
Initializing House 87
Initializing House 88
Initializing House 89
Initializing House 90
Initializing House 91
Initializing House 92
Initializing House 93
Initializing House 94
Initializing House 95
Initializing House 96
Initializing House 97
Initializing House 98
Initializing House 99
Scheduled
Day 0
Quarter : 1 Load : 6491
Quarter : 2 Load : 0
Quarter : 3 Load : 0
Quarter : 4 Load : 0
Quarter : 5 Load : 3477
Quarter : 6 Load : 3477
Quarter : 7 Load : 7091
Quarter : 8 Load : 9285
Quarter : 9 Load : 9285
Quarter : 10 Load : 12829
Quarter : 11 Load : 12829
Quarter : 12 Load : 12829
Quarter : 13 Load : 9352
Quarter : 14 Load : 9352
Quarter : 15 Load : 5738
Quarter : 16 Load : 3544
Quarter : 17 Load : 5288
Quarter : 18 Load : 1744
Quarter : 19 Load : 6766
Quarter : 20 Load : 7250
Quarter : 21 Load : 7791
Quarter : 22 Load : 7791
Quarter : 23 Load : 8710
Quarter : 24 Load : 8710
Quarter : 25 Load : 9266
Quarter : 26 Load : 140248
Quarter : 27 Load : 125717
Quarter : 28 Load : 58059
Quarter : 29 Load : 42192
Quarter : 30 Load : 39667
Quarter : 31 Load : 32673
Quarter : 32 Load : 24107
Quarter : 33 Load : 32635
Quarter : 34 Load : 28167
Quarter : 35 Load : 24318
Quarter : 36 Load : 46750
Quarter : 37 Load : 31737
Quarter : 38 Load : 22303
Quarter : 39 Load : 30528
Quarter : 40 Load : 17959
Quarter : 41 Load : 19168
Quarter : 42 Load : 23123
Quarter : 43 Load : 21378
Quarter : 44 Load : 41022
Quarter : 45 Load : 21477
Quarter : 46 Load : 17435
Quarter : 47 Load : 16784
Quarter : 48 Load : 28490
Quarter : 49 Load : 21813
Quarter : 50 Load : 30334
Quarter : 51 Load : 24044
Quarter : 52 Load : 19284
Quarter : 53 Load : 17302
Quarter : 54 Load : 13930
Quarter : 55 Load : 12775
Quarter : 56 Load : 36170
Quarter : 57 Load : 22044
Quarter : 58 Load : 20087
Quarter : 59 Load : 20670
Quarter : 60 Load : 25525
Quarter : 61 Load : 24015
Quarter : 62 Load : 26353
Quarter : 63 Load : 28031
Quarter : 64 Load : 26427
Quarter : 65 Load : 25194
Quarter : 66 Load : 15770
Quarter : 67 Load : 24895
Quarter : 68 Load : 25739
Quarter : 69 Load : 21946
Quarter : 70 Load : 18295
Quarter : 71 Load : 21418
Quarter : 72 Load : 21609
Quarter : 73 Load : 18374
Quarter : 74 Load : 24321
Quarter : 75 Load : 19011
Quarter : 76 Load : 31889
Quarter : 77 Load : 24763
Quarter : 78 Load : 27864
Quarter : 79 Load : 27657
Quarter : 80 Load : 39533
Quarter : 81 Load : 23233
Quarter : 82 Load : 20151
Quarter : 83 Load : 20627
Quarter : 84 Load : 14402
Quarter : 85 Load : 12827
Quarter : 86 Load : 14138
Quarter : 87 Load : 32593
Quarter : 88 Load : 17360
Quarter : 89 Load : 24928
Quarter : 90 Load : 31365
Quarter : 91 Load : 15916
Quarter : 92 Load : 3552
Quarter : 93 Load : 3422
Quarter : 94 Load : 2163
Quarter : 95 Load : 198
Quarter : 96 Load : 406
Day 1
Quarter : 1 Load : 5785
Quarter : 2 Load : 2987
Quarter : 3 Load : 5181
Quarter : 4 Load : 8560
Quarter : 5 Load : 8560
Quarter : 6 Load : 8560
Quarter : 7 Load : 8560
Quarter : 8 Load : 8560
Quarter : 9 Load : 8560
Quarter : 10 Load : 5573
Quarter : 11 Load : 3379
Quarter : 12 Load : 0
Quarter : 13 Load : 0
Quarter : 14 Load : 0
Quarter : 15 Load : 0
Quarter : 16 Load : 0
Quarter : 17 Load : 8413
Quarter : 18 Load : 8413
Quarter : 19 Load : 11737
Quarter : 20 Load : 15281
Quarter : 21 Load : 15281
Quarter : 22 Load : 15281
Quarter : 23 Load : 15281
Quarter : 24 Load : 16710
Quarter : 25 Load : 16083
Quarter : 26 Load : 229802
Quarter : 27 Load : 163437
Quarter : 28 Load : 58436
Quarter : 29 Load : 48508
Quarter : 30 Load : 29998
Quarter : 31 Load : 37576
Quarter : 32 Load : 29948
Quarter : 33 Load : 25129
Quarter : 34 Load : 17286
Quarter : 35 Load : 21143
Quarter : 36 Load : 27300
Quarter : 37 Load : 24821
Quarter : 38 Load : 32630
Quarter : 39 Load : 23471
Quarter : 40 Load : 19686
Quarter : 41 Load : 14738
Quarter : 42 Load : 13827
Quarter : 43 Load : 22744
Quarter : 44 Load : 15850
Quarter : 45 Load : 19292
Quarter : 46 Load : 19155
Quarter : 47 Load : 16511
Quarter : 48 Load : 16578
Quarter : 49 Load : 12479
Quarter : 50 Load : 28532
Quarter : 51 Load : 13048
Quarter : 52 Load : 18172
Quarter : 53 Load : 17641
Quarter : 54 Load : 21913
Quarter : 55 Load : 29886
Quarter : 56 Load : 38132
Quarter : 57 Load : 24157
Quarter : 58 Load : 27002
Quarter : 59 Load : 30293
Quarter : 60 Load : 38727
Quarter : 61 Load : 24615
Quarter : 62 Load : 20033
Quarter : 63 Load : 22294
Quarter : 64 Load : 17352
Quarter : 65 Load : 24957
Quarter : 66 Load : 20673
Quarter : 67 Load : 34852
Quarter : 68 Load : 24073
Quarter : 69 Load : 21501
Quarter : 70 Load : 18935
Quarter : 71 Load : 25292
Quarter : 72 Load : 25373
Quarter : 73 Load : 26978
Quarter : 74 Load : 30849
Quarter : 75 Load : 29769
Quarter : 76 Load : 22128
Quarter : 77 Load : 24511
Quarter : 78 Load : 23005
Quarter : 79 Load : 20930
Quarter : 80 Load : 24389
Quarter : 81 Load : 26473
Quarter : 82 Load : 22561
Quarter : 83 Load : 18647
Quarter : 84 Load : 19292
Quarter : 85 Load : 22188
Quarter : 86 Load : 21610
Quarter : 87 Load : 24057
Quarter : 88 Load : 21879
Quarter : 89 Load : 16950
Quarter : 90 Load : 25641
Quarter : 91 Load : 19102
Quarter : 92 Load : 7793
Quarter : 93 Load : 4500
Quarter : 94 Load : 802
Quarter : 95 Load : 527
Quarter : 96 Load : 103
Day 2
Quarter : 1 Load : 8473
Quarter : 2 Load : 0
Quarter : 3 Load : 0
Quarter : 4 Load : 0
Quarter : 5 Load : 0
Quarter : 6 Load : 0
Quarter : 7 Load : 0
Quarter : 8 Load : 0
Quarter : 9 Load : 0
Quarter : 10 Load : 0
Quarter : 11 Load : 2194
Quarter : 12 Load : 2194
Quarter : 13 Load : 2194
Quarter : 14 Load : 2194
Quarter : 15 Load : 2194
Quarter : 16 Load : 2194
Quarter : 17 Load : 4192
Quarter : 18 Load : 4764
Quarter : 19 Load : 11769
Quarter : 20 Load : 12393
Quarter : 21 Load : 16283
Quarter : 22 Load : 16283
Quarter : 23 Load : 16283
Quarter : 24 Load : 21441
Quarter : 25 Load : 21441
Quarter : 26 Load : 217959
Quarter : 27 Load : 143490
Quarter : 28 Load : 74358
Quarter : 29 Load : 48569
Quarter : 30 Load : 29853
Quarter : 31 Load : 28649
Quarter : 32 Load : 41948
Quarter : 33 Load : 31811
Quarter : 34 Load : 28172
Quarter : 35 Load : 24792
Quarter : 36 Load : 26586
Quarter : 37 Load : 29285
Quarter : 38 Load : 24318
Quarter : 39 Load : 23778
Quarter : 40 Load : 28026
Quarter : 41 Load : 29018
Quarter : 42 Load : 32586
Quarter : 43 Load : 36508
Quarter : 44 Load : 28723
Quarter : 45 Load : 23036
Quarter : 46 Load : 27698
Quarter : 47 Load : 38935
Quarter : 48 Load : 23272
Quarter : 49 Load : 26088
Quarter : 50 Load : 16743
Quarter : 51 Load : 27398
Quarter : 52 Load : 21004
Quarter : 53 Load : 20119
Quarter : 54 Load : 19242
Quarter : 55 Load : 16535
Quarter : 56 Load : 31727
Quarter : 57 Load : 22620
Quarter : 58 Load : 24421
Quarter : 59 Load : 18748
Quarter : 60 Load : 20141
Quarter : 61 Load : 15826
Quarter : 62 Load : 21825
Quarter : 63 Load : 21473
Quarter : 64 Load : 15488
Quarter : 65 Load : 22012
Quarter : 66 Load : 23317
Quarter : 67 Load : 20512
Quarter : 68 Load : 14477
Quarter : 69 Load : 17064
Quarter : 70 Load : 30282
Quarter : 71 Load : 18027
Quarter : 72 Load : 17668
Quarter : 73 Load : 15768
Quarter : 74 Load : 35012
Quarter : 75 Load : 40862
Quarter : 76 Load : 25543
Quarter : 77 Load : 21896
Quarter : 78 Load : 23507
Quarter : 79 Load : 24633
Quarter : 80 Load : 26421
Quarter : 81 Load : 36053
Quarter : 82 Load : 26700
Quarter : 83 Load : 23444
Quarter : 84 Load : 17095
Quarter : 85 Load : 21376
Quarter : 86 Load : 35890
Quarter : 87 Load : 13151
Quarter : 88 Load : 18635
Quarter : 89 Load : 25574
Quarter : 90 Load : 23584
Quarter : 91 Load : 13226
Quarter : 92 Load : 4334
Quarter : 93 Load : 3525
Quarter : 94 Load : 1046
Quarter : 95 Load : 96
Quarter : 96 Load : 184
Day 3
Quarter : 1 Load : 7016
Quarter : 2 Load : 0
Quarter : 3 Load : 0
Quarter : 4 Load : 0
Quarter : 5 Load : 0
Quarter : 6 Load : 0
Quarter : 7 Load : 0
Quarter : 8 Load : 3379
Quarter : 9 Load : 3379
Quarter : 10 Load : 3379
Quarter : 11 Load : 5573
Quarter : 12 Load : 5573
Quarter : 13 Load : 5573
Quarter : 14 Load : 5573
Quarter : 15 Load : 5573
Quarter : 16 Load : 5181
Quarter : 17 Load : 8748
Quarter : 18 Load : 12986
Quarter : 19 Load : 14216
Quarter : 20 Load : 21728
Quarter : 21 Load : 21728
Quarter : 22 Load : 22379
Quarter : 23 Load : 23649
Quarter : 24 Load : 21683
Quarter : 25 Load : 22883
Quarter : 26 Load : 194321
Quarter : 27 Load : 165946
Quarter : 28 Load : 66261
Quarter : 29 Load : 59489
Quarter : 30 Load : 24500
Quarter : 31 Load : 27511
Quarter : 32 Load : 24086
Quarter : 33 Load : 41573
Quarter : 34 Load : 32184
Quarter : 35 Load : 22261
Quarter : 36 Load : 23129
Quarter : 37 Load : 38859
Quarter : 38 Load : 16719
Quarter : 39 Load : 21812
Quarter : 40 Load : 19955
Quarter : 41 Load : 24554
Quarter : 42 Load : 17813
Quarter : 43 Load : 32340
Quarter : 44 Load : 21492
Quarter : 45 Load : 16912
Quarter : 46 Load : 21939
Quarter : 47 Load : 25783
Quarter : 48 Load : 20205
Quarter : 49 Load : 20445
Quarter : 50 Load : 48563
Quarter : 51 Load : 32371
Quarter : 52 Load : 20081
Quarter : 53 Load : 19647
Quarter : 54 Load : 18342
Quarter : 55 Load : 24076
Quarter : 56 Load : 19981
Quarter : 57 Load : 19348
Quarter : 58 Load : 37153
Quarter : 59 Load : 29201
Quarter : 60 Load : 19170
Quarter : 61 Load : 36699
Quarter : 62 Load : 23958
Quarter : 63 Load : 21742
Quarter : 64 Load : 18310
Quarter : 65 Load : 21556
Quarter : 66 Load : 30425
Quarter : 67 Load : 27324
Quarter : 68 Load : 29421
Quarter : 69 Load : 17401
Quarter : 70 Load : 23572
Quarter : 71 Load : 38951
Quarter : 72 Load : 23962
Quarter : 73 Load : 30396
Quarter : 74 Load : 29531
Quarter : 75 Load : 42073
Quarter : 76 Load : 20241
Quarter : 77 Load : 16950
Quarter : 78 Load : 16829
Quarter : 79 Load : 15135
Quarter : 80 Load : 16622
Quarter : 81 Load : 19244
Quarter : 82 Load : 18869
Quarter : 83 Load : 19481
Quarter : 84 Load : 24869
Quarter : 85 Load : 25333
Quarter : 86 Load : 14149
Quarter : 87 Load : 15943
Quarter : 88 Load : 14678
Quarter : 89 Load : 12654
Quarter : 90 Load : 11440
Quarter : 91 Load : 13468
Quarter : 92 Load : 5939
Quarter : 93 Load : 2881
Quarter : 94 Load : 1773
Quarter : 95 Load : 427
Quarter : 96 Load : 384
Day 4
Quarter : 1 Load : 6802
Quarter : 2 Load : 3614
Quarter : 3 Load : 3614
Quarter : 4 Load : 3614
Quarter : 5 Load : 3614
Quarter : 6 Load : 3614
Quarter : 7 Load : 3614
Quarter : 8 Load : 6993
Quarter : 9 Load : 6993
Quarter : 10 Load : 5573
Quarter : 11 Load : 5573
Quarter : 12 Load : 5573
Quarter : 13 Load : 9050
Quarter : 14 Load : 9050
Quarter : 15 Load : 9050
Quarter : 16 Load : 12202
Quarter : 17 Load : 15508
Quarter : 18 Load : 13314
Quarter : 19 Load : 20648
Quarter : 20 Load : 21160
Quarter : 21 Load : 17683
Quarter : 22 Load : 17683
Quarter : 23 Load : 19415
Quarter : 24 Load : 12884
Quarter : 25 Load : 16498
Quarter : 26 Load : 175871
Quarter : 27 Load : 137269
Quarter : 28 Load : 56716
Quarter : 29 Load : 48633
Quarter : 30 Load : 28006
Quarter : 31 Load : 32554
Quarter : 32 Load : 22648
Quarter : 33 Load : 25482
Quarter : 34 Load : 20553
Quarter : 35 Load : 16602
Quarter : 36 Load : 33944
Quarter : 37 Load : 15833
Quarter : 38 Load : 18565
Quarter : 39 Load : 32219
Quarter : 40 Load : 21390
Quarter : 41 Load : 22178
Quarter : 42 Load : 28773
Quarter : 43 Load : 22916
Quarter : 44 Load : 16931
Quarter : 45 Load : 24092
Quarter : 46 Load : 22384
Quarter : 47 Load : 19520
Quarter : 48 Load : 25572
Quarter : 49 Load : 34567
Quarter : 50 Load : 49088
Quarter : 51 Load : 28876
Quarter : 52 Load : 15500
Quarter : 53 Load : 34628
Quarter : 54 Load : 34724
Quarter : 55 Load : 29392
Quarter : 56 Load : 27041
Quarter : 57 Load : 31249
Quarter : 58 Load : 20124
Quarter : 59 Load : 31364
Quarter : 60 Load : 37357
Quarter : 61 Load : 17306
Quarter : 62 Load : 20773
Quarter : 63 Load : 19827
Quarter : 64 Load : 15572
Quarter : 65 Load : 19754
Quarter : 66 Load : 18750
Quarter : 67 Load : 19485
Quarter : 68 Load : 24066
Quarter : 69 Load : 23054
Quarter : 70 Load : 16128
Quarter : 71 Load : 26459
Quarter : 72 Load : 23748
Quarter : 73 Load : 22688
Quarter : 74 Load : 15883
Quarter : 75 Load : 16195
Quarter : 76 Load : 33523
Quarter : 77 Load : 14653
Quarter : 78 Load : 18220
Quarter : 79 Load : 18182
Quarter : 80 Load : 16754
Quarter : 81 Load : 20377
Quarter : 82 Load : 17169
Quarter : 83 Load : 24544
Quarter : 84 Load : 26750
Quarter : 85 Load : 18573
Quarter : 86 Load : 17688
Quarter : 87 Load : 14234
Quarter : 88 Load : 18979
Quarter : 89 Load : 14403
Quarter : 90 Load : 19587
Quarter : 91 Load : 16666
Quarter : 92 Load : 5861
Quarter : 93 Load : 3802
Quarter : 94 Load : 4369
Quarter : 95 Load : 1967
Quarter : 96 Load : 0
Day 5
Quarter : 1 Load : 7382
Quarter : 2 Load : 0
Quarter : 3 Load : 0
Quarter : 4 Load : 0
Quarter : 5 Load : 0
Quarter : 6 Load : 0
Quarter : 7 Load : 0
Quarter : 8 Load : 5738
Quarter : 9 Load : 5738
Quarter : 10 Load : 5738
Quarter : 11 Load : 5738
Quarter : 12 Load : 5738
Quarter : 13 Load : 9352
Quarter : 14 Load : 9352
Quarter : 15 Load : 9352
Quarter : 16 Load : 3614
Quarter : 17 Load : 6879
Quarter : 18 Load : 6879
Quarter : 19 Load : 11627
Quarter : 20 Load : 15602
Quarter : 21 Load : 14975
Quarter : 22 Load : 15883
Quarter : 23 Load : 18120
Quarter : 24 Load : 18658
Quarter : 25 Load : 19269
Quarter : 26 Load : 252552
Quarter : 27 Load : 156915
Quarter : 28 Load : 65211
Quarter : 29 Load : 51508
Quarter : 30 Load : 26468
Quarter : 31 Load : 36048
Quarter : 32 Load : 30633
Quarter : 33 Load : 36765
Quarter : 34 Load : 31283
Quarter : 35 Load : 35280
Quarter : 36 Load : 38537
Quarter : 37 Load : 34904
Quarter : 38 Load : 30524
Quarter : 39 Load : 25982
Quarter : 40 Load : 43545
Quarter : 41 Load : 20678
Quarter : 42 Load : 19377
Quarter : 43 Load : 23429
Quarter : 44 Load : 21257
Quarter : 45 Load : 37909
Quarter : 46 Load : 18104
Quarter : 47 Load : 24560
Quarter : 48 Load : 21382
Quarter : 49 Load : 21969
Quarter : 50 Load : 22394
Quarter : 51 Load : 26037
Quarter : 52 Load : 30844
Quarter : 53 Load : 18943
Quarter : 54 Load : 19138
Quarter : 55 Load : 18688
Quarter : 56 Load : 22389
Quarter : 57 Load : 18661
Quarter : 58 Load : 22937
Quarter : 59 Load : 22228
Quarter : 60 Load : 16615
Quarter : 61 Load : 24647
Quarter : 62 Load : 28051
Quarter : 63 Load : 32309
Quarter : 64 Load : 27682
Quarter : 65 Load : 20807
Quarter : 66 Load : 21436
Quarter : 67 Load : 23223
Quarter : 68 Load : 24949
Quarter : 69 Load : 21639
Quarter : 70 Load : 23534
Quarter : 71 Load : 21170
Quarter : 72 Load : 22564
Quarter : 73 Load : 21700
Quarter : 74 Load : 25164
Quarter : 75 Load : 30744
Quarter : 76 Load : 35665
Quarter : 77 Load : 18724
Quarter : 78 Load : 16638
Quarter : 79 Load : 13694
Quarter : 80 Load : 14567
Quarter : 81 Load : 15085
Quarter : 82 Load : 16045
Quarter : 83 Load : 30647
Quarter : 84 Load : 16032
Quarter : 85 Load : 17212
Quarter : 86 Load : 22924
Quarter : 87 Load : 22245
Quarter : 88 Load : 16426
Quarter : 89 Load : 12367
Quarter : 90 Load : 16679
Quarter : 91 Load : 16889
Quarter : 92 Load : 3617
Quarter : 93 Load : 3935
Quarter : 94 Load : 784
Quarter : 95 Load : 0
Quarter : 96 Load : 112
Day 6
Quarter : 1 Load : 6973
Quarter : 2 Load : 0
Quarter : 3 Load : 0
Quarter : 4 Load : 2194
Quarter : 5 Load : 2194
Quarter : 6 Load : 2194
Quarter : 7 Load : 2194
Quarter : 8 Load : 5573
Quarter : 9 Load : 5573
Quarter : 10 Load : 5573
Quarter : 11 Load : 5573
Quarter : 12 Load : 3379
Quarter : 13 Load : 3379
Quarter : 14 Load : 3379
Quarter : 15 Load : 3379
Quarter : 16 Load : 0
Quarter : 17 Load : 498
Quarter : 18 Load : 498
Quarter : 19 Load : 1402
Quarter : 20 Load : 4389
Quarter : 21 Load : 7933
Quarter : 22 Load : 7933
Quarter : 23 Load : 8490
Quarter : 24 Load : 8490
Quarter : 25 Load : 8490
Quarter : 26 Load : 194187
Quarter : 27 Load : 132528
Quarter : 28 Load : 58090
Quarter : 29 Load : 34774
Quarter : 30 Load : 25167
Quarter : 31 Load : 26469
Quarter : 32 Load : 22392
Quarter : 33 Load : 25858
Quarter : 34 Load : 35015
Quarter : 35 Load : 29722
Quarter : 36 Load : 24464
Quarter : 37 Load : 22216
Quarter : 38 Load : 29154
Quarter : 39 Load : 24685
Quarter : 40 Load : 33498
Quarter : 41 Load : 22136
Quarter : 42 Load : 23287
Quarter : 43 Load : 27733
Quarter : 44 Load : 21134
Quarter : 45 Load : 15279
Quarter : 46 Load : 23045
Quarter : 47 Load : 23798
Quarter : 48 Load : 10896
Quarter : 49 Load : 14414
Quarter : 50 Load : 31997
Quarter : 51 Load : 18596
Quarter : 52 Load : 19788
Quarter : 53 Load : 38097
Quarter : 54 Load : 26118
Quarter : 55 Load : 25555
Quarter : 56 Load : 24125
Quarter : 57 Load : 17723
Quarter : 58 Load : 14868
Quarter : 59 Load : 18455
Quarter : 60 Load : 16815
Quarter : 61 Load : 13680
Quarter : 62 Load : 19491
Quarter : 63 Load : 19408
Quarter : 64 Load : 13862
Quarter : 65 Load : 23071
Quarter : 66 Load : 21781
Quarter : 67 Load : 15808
Quarter : 68 Load : 16822
Quarter : 69 Load : 24647
Quarter : 70 Load : 20705
Quarter : 71 Load : 12645
Quarter : 72 Load : 16817
Quarter : 73 Load : 16279
Quarter : 74 Load : 13974
Quarter : 75 Load : 18818
Quarter : 76 Load : 18140
Quarter : 77 Load : 8244
Quarter : 78 Load : 21509
Quarter : 79 Load : 27764
Quarter : 80 Load : 30496
Quarter : 81 Load : 27165
Quarter : 82 Load : 18825
Quarter : 83 Load : 39335
Quarter : 84 Load : 17921
Quarter : 85 Load : 15891
Quarter : 86 Load : 23485
Quarter : 87 Load : 18616
Quarter : 88 Load : 21673
Quarter : 89 Load : 13601
Quarter : 90 Load : 26248
Quarter : 91 Load : 14552
Quarter : 92 Load : 5507
Quarter : 93 Load : 2348
Quarter : 94 Load : 1581
Quarter : 95 Load : 555
Quarter : 96 Load : 112
Day 0
Hour : 1 Load : 6491
Hour : 2 Load : 23330
Hour : 3 Load : 47772
Hour : 4 Load : 27986
Hour : 5 Load : 21048
Hour : 6 Load : 33002
Hour : 7 Load : 333290
Hour : 8 Load : 138639
Hour : 9 Load : 131870
Hour : 10 Load : 102527
Hour : 11 Load : 104691
Hour : 12 Load : 84186
Hour : 13 Load : 95475
Hour : 14 Load : 80177
Hour : 15 Load : 88326
Hour : 16 Load : 104826
Hour : 17 Load : 91598
Hour : 18 Load : 83268
Hour : 19 Load : 93595
Hour : 20 Load : 119817
Hour : 21 Load : 78413
Hour : 22 Load : 76918
Hour : 23 Load : 75761
Hour : 24 Load : 6189
Day 1
Hour : 1 Load : 22513
Hour : 2 Load : 34240
Hour : 3 Load : 17512
Hour : 4 Load : 0
Hour : 5 Load : 43844
Hour : 6 Load : 62553
Hour : 7 Load : 467758
Hour : 8 Load : 146030
Hour : 9 Load : 90858
Hour : 10 Load : 100608
Hour : 11 Load : 67159
Hour : 12 Load : 71536
Hour : 13 Load : 72231
Hour : 14 Load : 107572
Hour : 15 Load : 120179
Hour : 16 Load : 84294
Hour : 17 Load : 104555
Hour : 18 Load : 91101
Hour : 19 Load : 109724
Hour : 20 Load : 92835
Hour : 21 Load : 86973
Hour : 22 Load : 89734
Hour : 23 Load : 69486
Hour : 24 Load : 5932
Day 2
Hour : 1 Load : 8473
Hour : 2 Load : 0
Hour : 3 Load : 4388
Hour : 4 Load : 8776
Hour : 5 Load : 33118
Hour : 6 Load : 70290
Hour : 7 Load : 457248
Hour : 8 Load : 149019
Hour : 9 Load : 111361
Hour : 10 Load : 105407
Hour : 11 Load : 126835
Hour : 12 Load : 112941
Hour : 13 Load : 91233
Hour : 14 Load : 87623
Hour : 15 Load : 85930
Hour : 16 Load : 74612
Hour : 17 Load : 80318
Hour : 18 Load : 83041
Hour : 19 Load : 117185
Hour : 20 Load : 96457
Hour : 21 Load : 103292
Hour : 22 Load : 89052
Hour : 23 Load : 66718
Hour : 24 Load : 4851
Day 3
Hour : 1 Load : 7016
Hour : 2 Load : 3379
Hour : 3 Load : 17904
Hour : 4 Load : 21900
Hour : 5 Load : 57678
Hour : 6 Load : 89439
Hour : 7 Load : 449411
Hour : 8 Load : 135586
Hour : 9 Load : 119147
Hour : 10 Load : 97345
Hour : 11 Load : 96199
Hour : 12 Load : 84839
Hour : 13 Load : 121460
Hour : 14 Load : 82046
Hour : 15 Load : 104872
Hour : 16 Load : 100709
Hour : 17 Load : 108726
Hour : 18 Load : 103886
Hour : 19 Load : 122241
Hour : 20 Load : 65536
Hour : 21 Load : 82463
Hour : 22 Load : 70103
Hour : 23 Load : 43501
Hour : 24 Load : 5465
Day 4
Hour : 1 Load : 17644
Hour : 2 Load : 17835
Hour : 3 Load : 23712
Hour : 4 Load : 39352
Hour : 5 Load : 70630
Hour : 6 Load : 67665
Hour : 7 Load : 386354
Hour : 8 Load : 131841
Hour : 9 Load : 96581
Hour : 10 Load : 88007
Hour : 11 Load : 90798
Hour : 12 Load : 91568
Hour : 13 Load : 128031
Hour : 14 Load : 125785
Hour : 15 Load : 120094
Hour : 16 Load : 73478
Hour : 17 Load : 82055
Hour : 18 Load : 89389
Hour : 19 Load : 88289
Hour : 20 Load : 67809
Hour : 21 Load : 88840
Hour : 22 Load : 69474
Hour : 23 Load : 56517
Hour : 24 Load : 10138
Day 5
Hour : 1 Load : 7382
Hour : 2 Load : 5738
Hour : 3 Load : 22952
Hour : 4 Load : 31670
Hour : 5 Load : 40987
Hour : 6 Load : 67636
Hour : 7 Load : 493947
Hour : 8 Load : 144657
Hour : 9 Load : 141865
Hour : 10 Load : 134955
Hour : 11 Load : 84741
Hour : 12 Load : 101955
Hour : 13 Load : 101244
Hour : 14 Load : 79158
Hour : 15 Load : 80441
Hour : 16 Load : 112689
Hour : 17 Load : 90415
Hour : 18 Load : 88907
Hour : 19 Load : 113273
Hour : 20 Load : 63623
Hour : 21 Load : 77809
Hour : 22 Load : 78807
Hour : 23 Load : 49552
Hour : 24 Load : 4831
Day 6
Hour : 1 Load : 9167
Hour : 2 Load : 12155
Hour : 3 Load : 20098
Hour : 4 Load : 10137
Hour : 5 Load : 6787
Hour : 6 Load : 32846
Hour : 7 Load : 393295
Hour : 8 Load : 108802
Hour : 9 Load : 115059
Hour : 10 Load : 109553
Hour : 11 Load : 94290
Hour : 12 Load : 73018
Hour : 13 Load : 84795
Hour : 14 Load : 113895
Hour : 15 Load : 67861
Hour : 16 Load : 66441
Hour : 17 Load : 77482
Hour : 18 Load : 74814
Hour : 19 Load : 67211
Hour : 20 Load : 88013
Hour : 21 Load : 103246
Hour : 22 Load : 79665
Hour : 23 Load : 59908
Hour : 24 Load : 4596
End of initialization

--Output from testPowerConsumption--
Initializing House 0
Initializing House 1
Initializing House 2
Initializing House 3
Initializing House 4
Initializing House 5
Initializing House 6
Initializing House 7
Initializing House 8
Initializing House 9
Initializing House 10
Initializing House 11
Initializing House 12
Initializing House 13
Initializing House 14
Initializing House 15
Initializing House 16
Initializing House 17
Initializing House 18
Initializing House 19
Initializing House 20
Initializing House 21
Initializing House 22
Initializing House 23
Initializing House 24
Initializing House 25
Initializing House 26
Initializing House 27
Initializing House 28
Initializing House 29
Initializing House 30
Initializing House 31
Initializing House 32
Initializing House 33
Initializing House 34
Initializing House 35
Initializing House 36
Initializing House 37
Initializing House 38
Initializing House 39
Initializing House 40
Initializing House 41
Initializing House 42
Initializing House 43
Initializing House 44
Initializing House 45
Initializing House 46
Initializing House 47
Initializing House 48
Initializing House 49
Initializing House 50
Initializing House 51
Initializing House 52
Initializing House 53
Initializing House 54
Initializing House 55
Initializing House 56
Initializing House 57
Initializing House 58
Initializing House 59
Initializing House 60
Initializing House 61
Initializing House 62
Initializing House 63
Initializing House 64
Initializing House 65
Initializing House 66
Initializing House 67
Initializing House 68
Initializing House 69
Initializing House 70
Initializing House 71
Initializing House 72
Initializing House 73
Initializing House 74
Initializing House 75
Initializing House 76
Initializing House 77
Initializing House 78
Initializing House 79
Initializing House 80
Initializing House 81
Initializing House 82
Initializing House 83
Initializing House 84
Initializing House 85
Initializing House 86
Initializing House 87
Initializing House 88
Initializing House 89
Initializing House 90
Initializing House 91
Initializing House 92
Initializing House 93
Initializing House 94
Initializing House 95
Initializing House 96
Initializing House 97
Initializing House 98
Initializing House 99
Scheduled
Day 0
Quarter : 1 Load : 7234
Quarter : 2 Load : 0
Quarter : 3 Load : 3598
Quarter : 4 Load : 3598
Quarter : 5 Load : 5903
Quarter : 6 Load : 8886
Quarter : 7 Load : 12239
Quarter : 8 Load : 12239
Quarter : 9 Load : 12239
Quarter : 10 Load : 19358
Quarter : 11 Load : 15760
Quarter : 12 Load : 19151
Quarter : 13 Load : 19161
Quarter : 14 Load : 16178
Quarter : 15 Load : 12825
Quarter : 16 Load : 12825
Quarter : 17 Load : 15443
Quarter : 18 Load : 8324
Quarter : 19 Load : 11301
Quarter : 20 Load : 9377
Quarter : 21 Load : 7062
Quarter : 22 Load : 7062
Quarter : 23 Load : 7969
Quarter : 24 Load : 8998
Quarter : 25 Load : 9647
Quarter : 26 Load : 212282
Quarter : 27 Load : 135903
Quarter : 28 Load : 57395
Quarter : 29 Load : 51146
Quarter : 30 Load : 38384
Quarter : 31 Load : 28449
Quarter : 32 Load : 21371
Quarter : 33 Load : 27661
Quarter : 34 Load : 20926
Quarter : 35 Load : 26109
Quarter : 36 Load : 27792
Quarter : 37 Load : 23923
Quarter : 38 Load : 26631
Quarter : 39 Load : 19167
Quarter : 40 Load : 19267
Quarter : 41 Load : 22131
Quarter : 42 Load : 32769
Quarter : 43 Load : 15544
Quarter : 44 Load : 21994
Quarter : 45 Load : 27070
Quarter : 46 Load : 20407
Quarter : 47 Load : 26765
Quarter : 48 Load : 22758
Quarter : 49 Load : 31590
Quarter : 50 Load : 24629
Quarter : 51 Load : 24327
Quarter : 52 Load : 22068
Quarter : 53 Load : 38582
Quarter : 54 Load : 12472
Quarter : 55 Load : 15035
Quarter : 56 Load : 32051
Quarter : 57 Load : 22268
Quarter : 58 Load : 53112
Quarter : 59 Load : 18779
Quarter : 60 Load : 23814
Quarter : 61 Load : 27793
Quarter : 62 Load : 42397
Quarter : 63 Load : 25056
Quarter : 64 Load : 18502
Quarter : 65 Load : 22409
Quarter : 66 Load : 24550
Quarter : 67 Load : 26561
Quarter : 68 Load : 19574
Quarter : 69 Load : 19965
Quarter : 70 Load : 22233
Quarter : 71 Load : 21291
Quarter : 72 Load : 20259
Quarter : 73 Load : 20973
Quarter : 74 Load : 27376
Quarter : 75 Load : 23411
Quarter : 76 Load : 25331
Quarter : 77 Load : 22519
Quarter : 78 Load : 34600
Quarter : 79 Load : 32560
Quarter : 80 Load : 16952
Quarter : 81 Load : 19096
Quarter : 82 Load : 19468
Quarter : 83 Load : 18753
Quarter : 84 Load : 25043
Quarter : 85 Load : 23677
Quarter : 86 Load : 21307
Quarter : 87 Load : 20009
Quarter : 88 Load : 20939
Quarter : 89 Load : 21900
Quarter : 90 Load : 27364
Quarter : 91 Load : 18072
Quarter : 92 Load : 5191
Quarter : 93 Load : 3273
Quarter : 94 Load : 2452
Quarter : 95 Load : 1293
Quarter : 96 Load : 871
Day 1
Quarter : 1 Load : 7122
Quarter : 2 Load : 0
Quarter : 3 Load : 3556
Quarter : 4 Load : 6539
Quarter : 5 Load : 8854
Quarter : 6 Load : 8854
Quarter : 7 Load : 8854
Quarter : 8 Load : 8854
Quarter : 9 Load : 14036
Quarter : 10 Load : 17634
Quarter : 11 Load : 14078
Quarter : 12 Load : 11095
Quarter : 13 Load : 8780
Quarter : 14 Load : 8780
Quarter : 15 Load : 8780
Quarter : 16 Load : 8780
Quarter : 17 Load : 6448
Quarter : 18 Load : 6760
Quarter : 19 Load : 10222
Quarter : 20 Load : 10222
Quarter : 21 Load : 11271
Quarter : 22 Load : 11855
Quarter : 23 Load : 12403
Quarter : 24 Load : 12830
Quarter : 25 Load : 13338
Quarter : 26 Load : 196018
Quarter : 27 Load : 146699
Quarter : 28 Load : 73298
Quarter : 29 Load : 54576
Quarter : 30 Load : 32059
Quarter : 31 Load : 22708
Quarter : 32 Load : 30982
Quarter : 33 Load : 31035
Quarter : 34 Load : 26915
Quarter : 35 Load : 25027
Quarter : 36 Load : 18856
Quarter : 37 Load : 41107
Quarter : 38 Load : 29622
Quarter : 39 Load : 19549
Quarter : 40 Load : 18272
Quarter : 41 Load : 26414
Quarter : 42 Load : 42028
Quarter : 43 Load : 28786
Quarter : 44 Load : 27088
Quarter : 45 Load : 19959
Quarter : 46 Load : 23289
Quarter : 47 Load : 16107
Quarter : 48 Load : 28354
Quarter : 49 Load : 29752
Quarter : 50 Load : 26797
Quarter : 51 Load : 25203
Quarter : 52 Load : 19295
Quarter : 53 Load : 22738
Quarter : 54 Load : 35906
Quarter : 55 Load : 29438
Quarter : 56 Load : 27865
Quarter : 57 Load : 31570
Quarter : 58 Load : 39136
Quarter : 59 Load : 26606
Quarter : 60 Load : 33022
Quarter : 61 Load : 26472
Quarter : 62 Load : 23695
Quarter : 63 Load : 26770
Quarter : 64 Load : 31161
Quarter : 65 Load : 20785
Quarter : 66 Load : 15492
Quarter : 67 Load : 16777
Quarter : 68 Load : 20665
Quarter : 69 Load : 16204
Quarter : 70 Load : 20145
Quarter : 71 Load : 20471
Quarter : 72 Load : 16501
Quarter : 73 Load : 25641
Quarter : 74 Load : 21527
Quarter : 75 Load : 21579
Quarter : 76 Load : 19596
Quarter : 77 Load : 18500
Quarter : 78 Load : 22062
Quarter : 79 Load : 17830
Quarter : 80 Load : 32872
Quarter : 81 Load : 20139
Quarter : 82 Load : 19704
Quarter : 83 Load : 20662
Quarter : 84 Load : 22708
Quarter : 85 Load : 17174
Quarter : 86 Load : 19345
Quarter : 87 Load : 29007
Quarter : 88 Load : 21116
Quarter : 89 Load : 46149
Quarter : 90 Load : 24801
Quarter : 91 Load : 19823
Quarter : 92 Load : 7008
Quarter : 93 Load : 5429
Quarter : 94 Load : 6876
Quarter : 95 Load : 0
Quarter : 96 Load : 226
Day 2
Quarter : 1 Load : 6973
Quarter : 2 Load : 0
Quarter : 3 Load : 4620
Quarter : 4 Load : 4620
Quarter : 5 Load : 4620
Quarter : 6 Load : 4620
Quarter : 7 Load : 4620
Quarter : 8 Load : 4620
Quarter : 9 Load : 8218
Quarter : 10 Load : 8218
Quarter : 11 Load : 3598
Quarter : 12 Load : 3598
Quarter : 13 Load : 7161
Quarter : 14 Load : 10144
Quarter : 15 Load : 10144
Quarter : 16 Load : 10144
Quarter : 17 Load : 12477
Quarter : 18 Load : 15830
Quarter : 19 Load : 22582
Quarter : 20 Load : 22582
Quarter : 21 Load : 19623
Quarter : 22 Load : 16640
Quarter : 23 Load : 18977
Quarter : 24 Load : 18977
Quarter : 25 Load : 19453
Quarter : 26 Load : 203578
Quarter : 27 Load : 148976
Quarter : 28 Load : 59735
Quarter : 29 Load : 54391
Quarter : 30 Load : 41495
Quarter : 31 Load : 27134
Quarter : 32 Load : 41021
Quarter : 33 Load : 21853
Quarter : 34 Load : 14788
Quarter : 35 Load : 15537
Quarter : 36 Load : 19827
Quarter : 37 Load : 16633
Quarter : 38 Load : 29054
Quarter : 39 Load : 25140
Quarter : 40 Load : 38943
Quarter : 41 Load : 31789
Quarter : 42 Load : 32299
Quarter : 43 Load : 25882
Quarter : 44 Load : 28458
Quarter : 45 Load : 23863
Quarter : 46 Load : 19677
Quarter : 47 Load : 24452
Quarter : 48 Load : 27380
Quarter : 49 Load : 21666
Quarter : 50 Load : 15970
Quarter : 51 Load : 15855
Quarter : 52 Load : 33012
Quarter : 53 Load : 43823
Quarter : 54 Load : 16947
Quarter : 55 Load : 34951
Quarter : 56 Load : 23094
Quarter : 57 Load : 27830
Quarter : 58 Load : 30920
Quarter : 59 Load : 25705
Quarter : 60 Load : 25542
Quarter : 61 Load : 23755
Quarter : 62 Load : 41567
Quarter : 63 Load : 21645
Quarter : 64 Load : 36156
Quarter : 65 Load : 25858
Quarter : 66 Load : 34646
Quarter : 67 Load : 18718
Quarter : 68 Load : 26795
Quarter : 69 Load : 23101
Quarter : 70 Load : 33490
Quarter : 71 Load : 20186
Quarter : 72 Load : 19603
Quarter : 73 Load : 44835
Quarter : 74 Load : 20812
Quarter : 75 Load : 24195
Quarter : 76 Load : 33863
Quarter : 77 Load : 27602
Quarter : 78 Load : 29961
Quarter : 79 Load : 19028
Quarter : 80 Load : 16260
Quarter : 81 Load : 22187
Quarter : 82 Load : 30237
Quarter : 83 Load : 27943
Quarter : 84 Load : 19015
Quarter : 85 Load : 20454
Quarter : 86 Load : 27458
Quarter : 87 Load : 22246
Quarter : 88 Load : 12329
Quarter : 89 Load : 17429
Quarter : 90 Load : 18464
Quarter : 91 Load : 13736
Quarter : 92 Load : 3565
Quarter : 93 Load : 2435
Quarter : 94 Load : 3502
Quarter : 95 Load : 531
Quarter : 96 Load : 436
Day 3
Quarter : 1 Load : 7008
Quarter : 2 Load : 0
Quarter : 3 Load : 0
Quarter : 4 Load : 5696
Quarter : 5 Load : 5696
Quarter : 6 Load : 5696
Quarter : 7 Load : 9049
Quarter : 8 Load : 9049
Quarter : 9 Load : 11364
Quarter : 10 Load : 11364
Quarter : 11 Load : 13155
Quarter : 12 Load : 10442
Quarter : 13 Load : 14040
Quarter : 14 Load : 14040
Quarter : 15 Load : 10687
Quarter : 16 Load : 10687
Quarter : 17 Load : 9892
Quarter : 18 Load : 9892
Quarter : 19 Load : 13277
Quarter : 20 Load : 11345
Quarter : 21 Load : 7747
Quarter : 22 Load : 8868
Quarter : 23 Load : 12431
Quarter : 24 Load : 16518
Quarter : 25 Load : 17037
Quarter : 26 Load : 234001
Quarter : 27 Load : 176941
Quarter : 28 Load : 85014
Quarter : 29 Load : 58348
Quarter : 30 Load : 40437
Quarter : 31 Load : 25987
Quarter : 32 Load : 23670
Quarter : 33 Load : 22479
Quarter : 34 Load : 31172
Quarter : 35 Load : 28380
Quarter : 36 Load : 19301
Quarter : 37 Load : 15094
Quarter : 38 Load : 16912
Quarter : 39 Load : 21067
Quarter : 40 Load : 20634
Quarter : 41 Load : 16039
Quarter : 42 Load : 29934
Quarter : 43 Load : 28152
Quarter : 44 Load : 21192
Quarter : 45 Load : 22426
Quarter : 46 Load : 27579
Quarter : 47 Load : 19189
Quarter : 48 Load : 17440
Quarter : 49 Load : 18167
Quarter : 50 Load : 20017
Quarter : 51 Load : 23632
Quarter : 52 Load : 29554
Quarter : 53 Load : 27199
Quarter : 54 Load : 24698
Quarter : 55 Load : 17907
Quarter : 56 Load : 17853
Quarter : 57 Load : 17083
Quarter : 58 Load : 23656
Quarter : 59 Load : 43311
Quarter : 60 Load : 30110
Quarter : 61 Load : 16405
Quarter : 62 Load : 26238
Quarter : 63 Load : 36901
Quarter : 64 Load : 25602
Quarter : 65 Load : 21900
Quarter : 66 Load : 21115
Quarter : 67 Load : 19964
Quarter : 68 Load : 22222
Quarter : 69 Load : 17486
Quarter : 70 Load : 28245
Quarter : 71 Load : 15489
Quarter : 72 Load : 16918
Quarter : 73 Load : 17186
Quarter : 74 Load : 16737
Quarter : 75 Load : 17173
Quarter : 76 Load : 19009
Quarter : 77 Load : 31415
Quarter : 78 Load : 21932
Quarter : 79 Load : 25988
Quarter : 80 Load : 23340
Quarter : 81 Load : 25991
Quarter : 82 Load : 26027
Quarter : 83 Load : 40851
Quarter : 84 Load : 25528
Quarter : 85 Load : 19498
Quarter : 86 Load : 16240
Quarter : 87 Load : 17939
Quarter : 88 Load : 33832
Quarter : 89 Load : 18951
Quarter : 90 Load : 20145
Quarter : 91 Load : 16239
Quarter : 92 Load : 4236
Quarter : 93 Load : 2694
Quarter : 94 Load : 915
Quarter : 95 Load : 1148
Quarter : 96 Load : 111
Day 4
Quarter : 1 Load : 7546
Quarter : 2 Load : 0
Quarter : 3 Load : 0
Quarter : 4 Load : 0
Quarter : 5 Load : 3353
Quarter : 6 Load : 10342
Quarter : 7 Load : 13898
Quarter : 8 Load : 13898
Quarter : 9 Load : 16203
Quarter : 10 Load : 16203
Quarter : 11 Load : 16203
Quarter : 12 Load : 16203
Quarter : 13 Load : 12850
Quarter : 14 Load : 7652
Quarter : 15 Load : 6411
Quarter : 16 Load : 6411
Quarter : 17 Load : 8746
Quarter : 18 Load : 8746
Quarter : 19 Load : 11257
Quarter : 20 Load : 15250
Quarter : 21 Load : 18233
Quarter : 22 Load : 16960
Quarter : 23 Load : 15269
Quarter : 24 Load : 17059
Quarter : 25 Load : 17605
Quarter : 26 Load : 183846
Quarter : 27 Load : 124442
Quarter : 28 Load : 69874
Quarter : 29 Load : 57289
Quarter : 30 Load : 47227
Quarter : 31 Load : 37888
Quarter : 32 Load : 21051
Quarter : 33 Load : 23851
Quarter : 34 Load : 18467
Quarter : 35 Load : 15172
Quarter : 36 Load : 17196
Quarter : 37 Load : 37702
Quarter : 38 Load : 28389
Quarter : 39 Load : 25641
Quarter : 40 Load : 27914
Quarter : 41 Load : 17130
Quarter : 42 Load : 37235
Quarter : 43 Load : 18541
Quarter : 44 Load : 22081
Quarter : 45 Load : 34126
Quarter : 46 Load : 19482
Quarter : 47 Load : 19688
Quarter : 48 Load : 25680
Quarter : 49 Load : 19523
Quarter : 50 Load : 30346
Quarter : 51 Load : 19439
Quarter : 52 Load : 19871
Quarter : 53 Load : 26749
Quarter : 54 Load : 27015
Quarter : 55 Load : 23087
Quarter : 56 Load : 23849
Quarter : 57 Load : 30391
Quarter : 58 Load : 19782
Quarter : 59 Load : 22221
Quarter : 60 Load : 26681
Quarter : 61 Load : 25787
Quarter : 62 Load : 25946
Quarter : 63 Load : 15862
Quarter : 64 Load : 26377
Quarter : 65 Load : 16028
Quarter : 66 Load : 18670
Quarter : 67 Load : 15800
Quarter : 68 Load : 17808
Quarter : 69 Load : 20552
Quarter : 70 Load : 42026
Quarter : 71 Load : 35910
Quarter : 72 Load : 31216
Quarter : 73 Load : 23980
Quarter : 74 Load : 36508
Quarter : 75 Load : 27629
Quarter : 76 Load : 25143
Quarter : 77 Load : 18339
Quarter : 78 Load : 20140
Quarter : 79 Load : 28201
Quarter : 80 Load : 28821
Quarter : 81 Load : 38337
Quarter : 82 Load : 27678
Quarter : 83 Load : 19372
Quarter : 84 Load : 20045
Quarter : 85 Load : 25057
Quarter : 86 Load : 14148
Quarter : 87 Load : 15143
Quarter : 88 Load : 18990
Quarter : 89 Load : 23666
Quarter : 90 Load : 20666
Quarter : 91 Load : 13963
Quarter : 92 Load : 4402
Quarter : 93 Load : 2197
Quarter : 94 Load : 946
Quarter : 95 Load : 647
Quarter : 96 Load : 514
Day 5
Quarter : 1 Load : 7095
Quarter : 2 Load : 0
Quarter : 3 Load : 0
Quarter : 4 Load : 0
Quarter : 5 Load : 3563
Quarter : 6 Load : 3563
Quarter : 7 Load : 8183
Quarter : 8 Load : 11574
Quarter : 9 Load : 11574
Quarter : 10 Load : 11574
Quarter : 11 Load : 14557
Quarter : 12 Load : 18113
Quarter : 13 Load : 17903
Quarter : 14 Load : 17903
Quarter : 15 Load : 13283
Quarter : 16 Load : 9892
Quarter : 17 Load : 13549
Quarter : 18 Load : 13549
Quarter : 19 Load : 13732
Quarter : 20 Load : 13774
Quarter : 21 Load : 12212
Quarter : 22 Load : 12212
Quarter : 23 Load : 12727
Quarter : 24 Load : 12727
Quarter : 25 Load : 12727
Quarter : 26 Load : 252984
Quarter : 27 Load : 162871
Quarter : 28 Load : 55030
Quarter : 29 Load : 42623
Quarter : 30 Load : 24907
Quarter : 31 Load : 20279
Quarter : 32 Load : 15502
Quarter : 33 Load : 15768
Quarter : 34 Load : 16243
Quarter : 35 Load : 22966
Quarter : 36 Load : 27356
Quarter : 37 Load : 20741
Quarter : 38 Load : 15356
Quarter : 39 Load : 22111
Quarter : 40 Load : 21252
Quarter : 41 Load : 18485
Quarter : 42 Load : 42558
Quarter : 43 Load : 19424
Quarter : 44 Load : 18355
Quarter : 45 Load : 18133
Quarter : 46 Load : 22130
Quarter : 47 Load : 28145
Quarter : 48 Load : 16317
Quarter : 49 Load : 22165
Quarter : 50 Load : 21543
Quarter : 51 Load : 29645
Quarter : 52 Load : 30872
Quarter : 53 Load : 23065
Quarter : 54 Load : 26037
Quarter : 55 Load : 32491
Quarter : 56 Load : 38673
Quarter : 57 Load : 21338
Quarter : 58 Load : 22139
Quarter : 59 Load : 23749
Quarter : 60 Load : 24709
Quarter : 61 Load : 24109
Quarter : 62 Load : 35291
Quarter : 63 Load : 22576
Quarter : 64 Load : 19702
Quarter : 65 Load : 22914
Quarter : 66 Load : 24427
Quarter : 67 Load : 21425
Quarter : 68 Load : 25651
Quarter : 69 Load : 23310
Quarter : 70 Load : 24334
Quarter : 71 Load : 28338
Quarter : 72 Load : 26366
Quarter : 73 Load : 23375
Quarter : 74 Load : 27614
Quarter : 75 Load : 45627
Quarter : 76 Load : 29306
Quarter : 77 Load : 22046
Quarter : 78 Load : 32794
Quarter : 79 Load : 15164
Quarter : 80 Load : 17058
Quarter : 81 Load : 23392
Quarter : 82 Load : 20188
Quarter : 83 Load : 29238
Quarter : 84 Load : 25255
Quarter : 85 Load : 30101
Quarter : 86 Load : 19585
Quarter : 87 Load : 13449
Quarter : 88 Load : 16202
Quarter : 89 Load : 20147
Quarter : 90 Load : 21951
Quarter : 91 Load : 28299
Quarter : 92 Load : 7835
Quarter : 93 Load : 4663
Quarter : 94 Load : 3464
Quarter : 95 Load : 2915
Quarter : 96 Load : 528
Day 6
Quarter : 1 Load : 7071
Quarter : 2 Load : 0
Quarter : 3 Load : 0
Quarter : 4 Load : 2315
Quarter : 5 Load : 9231
Quarter : 6 Load : 9231
Quarter : 7 Load : 9231
Quarter : 8 Load : 9231
Quarter : 9 Load : 9231
Quarter : 10 Load : 9231
Quarter : 11 Load : 9231
Quarter : 12 Load : 6916
Quarter : 13 Load : 0
Quarter : 14 Load : 2305
Quarter : 15 Load : 5903
Quarter : 16 Load : 5903
Quarter : 17 Load : 7602
Quarter : 18 Load : 7602
Quarter : 19 Load : 8136
Quarter : 20 Load : 8734
Quarter : 21 Load : 12290
Quarter : 22 Load : 9985
Quarter : 23 Load : 6387
Quarter : 24 Load : 6387
Quarter : 25 Load : 6387
Quarter : 26 Load : 178661
Quarter : 27 Load : 133073
Quarter : 28 Load : 60534
Quarter : 29 Load : 38284
Quarter : 30 Load : 21417
Quarter : 31 Load : 14893
Quarter : 32 Load : 16707
Quarter : 33 Load : 20695
Quarter : 34 Load : 16007
Quarter : 35 Load : 26557
Quarter : 36 Load : 28714
Quarter : 37 Load : 22514
Quarter : 38 Load : 23300
Quarter : 39 Load : 24904
Quarter : 40 Load : 41273
Quarter : 41 Load : 34185
Quarter : 42 Load : 24250
Quarter : 43 Load : 22172
Quarter : 44 Load : 25599
Quarter : 45 Load : 19776
Quarter : 46 Load : 13229
Quarter : 47 Load : 25969
Quarter : 48 Load : 18129
Quarter : 49 Load : 14357
Quarter : 50 Load : 15741
Quarter : 51 Load : 13861
Quarter : 52 Load : 15796
Quarter : 53 Load : 24785
Quarter : 54 Load : 29814
Quarter : 55 Load : 18452
Quarter : 56 Load : 20756
Quarter : 57 Load : 23614
Quarter : 58 Load : 21431
Quarter : 59 Load : 20103
Quarter : 60 Load : 28635
Quarter : 61 Load : 16623
Quarter : 62 Load : 27520
Quarter : 63 Load : 18023
Quarter : 64 Load : 22194
Quarter : 65 Load : 29829
Quarter : 66 Load : 31481
Quarter : 67 Load : 28515
Quarter : 68 Load : 25017
Quarter : 69 Load : 28517
Quarter : 70 Load : 21364
Quarter : 71 Load : 14708
Quarter : 72 Load : 10897
Quarter : 73 Load : 13527
Quarter : 74 Load : 27814
Quarter : 75 Load : 14436
Quarter : 76 Load : 28903
Quarter : 77 Load : 18076
Quarter : 78 Load : 29319
Quarter : 79 Load : 27095
Quarter : 80 Load : 15029
Quarter : 81 Load : 21710
Quarter : 82 Load : 28372
Quarter : 83 Load : 21226
Quarter : 84 Load : 17133
Quarter : 85 Load : 9892
Quarter : 86 Load : 15123
Quarter : 87 Load : 12522
Quarter : 88 Load : 29362
Quarter : 89 Load : 24572
Quarter : 90 Load : 25821
Quarter : 91 Load : 25964
Quarter : 92 Load : 4183
Quarter : 93 Load : 3537
Quarter : 94 Load : 745
Quarter : 95 Load : 0
Quarter : 96 Load : 409
Day 0
Hour : 1 Load : 14430
Hour : 2 Load : 39267
Hour : 3 Load : 66508
Hour : 4 Load : 60989
Hour : 5 Load : 44445
Hour : 6 Load : 31091
Hour : 7 Load : 415227
Hour : 8 Load : 139350
Hour : 9 Load : 102488
Hour : 10 Load : 88988
Hour : 11 Load : 92438
Hour : 12 Load : 97000
Hour : 13 Load : 102614
Hour : 14 Load : 98140
Hour : 15 Load : 117973
Hour : 16 Load : 113748
Hour : 17 Load : 93094
Hour : 18 Load : 83748
Hour : 19 Load : 97091
Hour : 20 Load : 106631
Hour : 21 Load : 82360
Hour : 22 Load : 85932
Hour : 23 Load : 72527
Hour : 24 Load : 7889
Day 1
Hour : 1 Load : 17217
Hour : 2 Load : 35416
Hour : 3 Load : 56843
Hour : 4 Load : 35120
Hour : 5 Load : 33652
Hour : 6 Load : 48359
Hour : 7 Load : 429353
Hour : 8 Load : 140325
Hour : 9 Load : 101833
Hour : 10 Load : 108550
Hour : 11 Load : 124316
Hour : 12 Load : 87709
Hour : 13 Load : 101047
Hour : 14 Load : 115947
Hour : 15 Load : 130334
Hour : 16 Load : 108098
Hour : 17 Load : 73719
Hour : 18 Load : 73321
Hour : 19 Load : 88343
Hour : 20 Load : 91264
Hour : 21 Load : 83213
Hour : 22 Load : 86642
Hour : 23 Load : 97781
Hour : 24 Load : 12531
Day 2
Hour : 1 Load : 16213
Hour : 2 Load : 18480
Hour : 3 Load : 23632
Hour : 4 Load : 37593
Hour : 5 Load : 73471
Hour : 6 Load : 74217
Hour : 7 Load : 431742
Hour : 8 Load : 164041
Hour : 9 Load : 72005
Hour : 10 Load : 109770
Hour : 11 Load : 118428
Hour : 12 Load : 95372
Hour : 13 Load : 86503
Hour : 14 Load : 118815
Hour : 15 Load : 109997
Hour : 16 Load : 123123
Hour : 17 Load : 106017
Hour : 18 Load : 96380
Hour : 19 Load : 123705
Hour : 20 Load : 92851
Hour : 21 Load : 99382
Hour : 22 Load : 82487
Hour : 23 Load : 53194
Hour : 24 Load : 6904
Day 3
Hour : 1 Load : 12704
Hour : 2 Load : 29490
Hour : 3 Load : 46325
Hour : 4 Load : 49454
Hour : 5 Load : 44406
Hour : 6 Load : 45564
Hour : 7 Load : 512993
Hour : 8 Load : 148442
Hour : 9 Load : 101332
Hour : 10 Load : 73707
Hour : 11 Load : 95317
Hour : 12 Load : 86634
Hour : 13 Load : 91370
Hour : 14 Load : 87657
Hour : 15 Load : 114160
Hour : 16 Load : 105146
Hour : 17 Load : 85201
Hour : 18 Load : 78138
Hour : 19 Load : 70105
Hour : 20 Load : 102675
Hour : 21 Load : 118397
Hour : 22 Load : 87509
Hour : 23 Load : 59571
Hour : 24 Load : 4868
Day 4
Hour : 1 Load : 7546
Hour : 2 Load : 41491
Hour : 3 Load : 64812
Hour : 4 Load : 33324
Hour : 5 Load : 43999
Hour : 6 Load : 67521
Hour : 7 Load : 395767
Hour : 8 Load : 163455
Hour : 9 Load : 74686
Hour : 10 Load : 119646
Hour : 11 Load : 94987
Hour : 12 Load : 98976
Hour : 13 Load : 89179
Hour : 14 Load : 100700
Hour : 15 Load : 99075
Hour : 16 Load : 93972
Hour : 17 Load : 68306
Hour : 18 Load : 129704
Hour : 19 Load : 113260
Hour : 20 Load : 95501
Hour : 21 Load : 105432
Hour : 22 Load : 73338
Hour : 23 Load : 62697
Hour : 24 Load : 4304
Day 5
Hour : 1 Load : 7095
Hour : 2 Load : 26883
Hour : 3 Load : 55818
Hour : 4 Load : 58981
Hour : 5 Load : 54604
Hour : 6 Load : 49878
Hour : 7 Load : 483612
Hour : 8 Load : 103311
Hour : 9 Load : 82333
Hour : 10 Load : 79460
Hour : 11 Load : 98822
Hour : 12 Load : 84725
Hour : 13 Load : 104225
Hour : 14 Load : 120266
Hour : 15 Load : 91935
Hour : 16 Load : 101678
Hour : 17 Load : 94417
Hour : 18 Load : 102348
Hour : 19 Load : 125922
Hour : 20 Load : 87062
Hour : 21 Load : 98073
Hour : 22 Load : 79337
Hour : 23 Load : 78232
Hour : 24 Load : 11570
Day 6
Hour : 1 Load : 9386
Hour : 2 Load : 36924
Hour : 3 Load : 34609
Hour : 4 Load : 14111
Hour : 5 Load : 32074
Hour : 6 Load : 35049
Hour : 7 Load : 378655
Hour : 8 Load : 91301
Hour : 9 Load : 91973
Hour : 10 Load : 111991
Hour : 11 Load : 106206
Hour : 12 Load : 77103
Hour : 13 Load : 59755
Hour : 14 Load : 93807
Hour : 15 Load : 93783
Hour : 16 Load : 84360
Hour : 17 Load : 114842
Hour : 18 Load : 75486
Hour : 19 Load : 84680
Hour : 20 Load : 89519
Hour : 21 Load : 88441
Hour : 22 Load : 66899
Hour : 23 Load : 80540
Hour : 24 Load : 4691
Initializing House 0
Initializing House 1
Initializing House 2
Initializing House 3
Initializing House 4
Initializing House 5
Initializing House 6
Initializing House 7
Initializing House 8
Initializing House 9
Initializing House 10
Initializing House 11
Initializing House 12
Initializing House 13
Initializing House 14
Initializing House 15
Initializing House 16
Initializing House 17
Initializing House 18
Initializing House 19
Initializing House 20
Initializing House 21
Initializing House 22
Initializing House 23
Initializing House 24
Initializing House 25
Initializing House 26
Initializing House 27
Initializing House 28
Initializing House 29
Initializing House 30
Initializing House 31
Initializing House 32
Initializing House 33
Initializing House 34
Initializing House 35
Initializing House 36
Initializing House 37
Initializing House 38
Initializing House 39
Initializing House 40
Initializing House 41
Initializing House 42
Initializing House 43
Initializing House 44
Initializing House 45
Initializing House 46
Initializing House 47
Initializing House 48
Initializing House 49
Initializing House 50
Initializing House 51
Initializing House 52
Initializing House 53
Initializing House 54
Initializing House 55
Initializing House 56
Initializing House 57
Initializing House 58
Initializing House 59
Initializing House 60
Initializing House 61
Initializing House 62
Initializing House 63
Initializing House 64
Initializing House 65
Initializing House 66
Initializing House 67
Initializing House 68
Initializing House 69
Initializing House 70
Initializing House 71
Initializing House 72
Initializing House 73
Initializing House 74
Initializing House 75
Initializing House 76
Initializing House 77
Initializing House 78
Initializing House 79
Initializing House 80
Initializing House 81
Initializing House 82
Initializing House 83
Initializing House 84
Initializing House 85
Initializing House 86
Initializing House 87
Initializing House 88
Initializing House 89
Initializing House 90
Initializing House 91
Initializing House 92
Initializing House 93
Initializing House 94
Initializing House 95
Initializing House 96
Initializing House 97
Initializing House 98
Initializing House 99
Scheduled
Day 0
Quarter : 1 Load : 7046
Quarter : 2 Load : 5956
Quarter : 3 Load : 5956
Quarter : 4 Load : 5956
Quarter : 5 Load : 5956
Quarter : 6 Load : 5956
Quarter : 7 Load : 5956
Quarter : 8 Load : 8819
Quarter : 9 Load : 11762
Quarter : 10 Load : 5806
Quarter : 11 Load : 9677
Quarter : 12 Load : 12576
Quarter : 13 Load : 12576
Quarter : 14 Load : 15366
Quarter : 15 Load : 18480
Quarter : 16 Load : 15617
Quarter : 17 Load : 18292
Quarter : 18 Load : 18292
Quarter : 19 Load : 15793
Quarter : 20 Load : 19822
Quarter : 21 Load : 20364
Quarter : 22 Load : 18029
Quarter : 23 Load : 17996
Quarter : 24 Load : 18422
Quarter : 25 Load : 22620
Quarter : 26 Load : 152962
Quarter : 27 Load : 122670
Quarter : 28 Load : 58295
Quarter : 29 Load : 43825
Quarter : 30 Load : 35109
Quarter : 31 Load : 31918
Quarter : 32 Load : 40700
Quarter : 33 Load : 22576
Quarter : 34 Load : 27028
Quarter : 35 Load : 27425
Quarter : 36 Load : 16816
Quarter : 37 Load : 19378
Quarter : 38 Load : 26083
Quarter : 39 Load : 22577
Quarter : 40 Load : 24690
Quarter : 41 Load : 29952
Quarter : 42 Load : 28212
Quarter : 43 Load : 36492
Quarter : 44 Load : 43167
Quarter : 45 Load : 28324
Quarter : 46 Load : 25536
Quarter : 47 Load : 38376
Quarter : 48 Load : 27647
Quarter : 49 Load : 27410
Quarter : 50 Load : 26599
Quarter : 51 Load : 26962
Quarter : 52 Load : 27920
Quarter : 53 Load : 23517
Quarter : 54 Load : 22000
Quarter : 55 Load : 24299
Quarter : 56 Load : 25011
Quarter : 57 Load : 39228
Quarter : 58 Load : 20244
Quarter : 59 Load : 25435
Quarter : 60 Load : 19287
Quarter : 61 Load : 17937
Quarter : 62 Load : 20677
Quarter : 63 Load : 21441
Quarter : 64 Load : 24216
Quarter : 65 Load : 19016
Quarter : 66 Load : 26704
Quarter : 67 Load : 31800
Quarter : 68 Load : 32752
Quarter : 69 Load : 19876
Quarter : 70 Load : 27054
Quarter : 71 Load : 27086
Quarter : 72 Load : 28284
Quarter : 73 Load : 16835
Quarter : 74 Load : 22865
Quarter : 75 Load : 34681
Quarter : 76 Load : 25456
Quarter : 77 Load : 36109
Quarter : 78 Load : 52331
Quarter : 79 Load : 30569
Quarter : 80 Load : 21626
Quarter : 81 Load : 28827
Quarter : 82 Load : 27878
Quarter : 83 Load : 36642
Quarter : 84 Load : 18784
Quarter : 85 Load : 21384
Quarter : 86 Load : 19176
Quarter : 87 Load : 18881
Quarter : 88 Load : 19823
Quarter : 89 Load : 19386
Quarter : 90 Load : 14199
Quarter : 91 Load : 21684
Quarter : 92 Load : 3948
Quarter : 93 Load : 2397
Quarter : 94 Load : 3819
Quarter : 95 Load : 3102
Quarter : 96 Load : 225
Day 1
Quarter : 1 Load : 7021
Quarter : 2 Load : 0
Quarter : 3 Load : 0
Quarter : 4 Load : 0
Quarter : 5 Load : 5169
Quarter : 6 Load : 8250
Quarter : 7 Load : 11864
Quarter : 8 Load : 11864
Quarter : 9 Load : 14807
Quarter : 10 Load : 14807
Quarter : 11 Load : 14807
Quarter : 12 Load : 24782
Quarter : 13 Load : 19613
Quarter : 14 Load : 16532
Quarter : 15 Load : 18993
Quarter : 16 Load : 18993
Quarter : 17 Load : 19667
Quarter : 18 Load : 23392
Quarter : 19 Load : 27293
Quarter : 20 Load : 17318
Quarter : 21 Load : 21004
Quarter : 22 Load : 21004
Quarter : 23 Load : 15447
Quarter : 24 Load : 15447
Quarter : 25 Load : 15447
Quarter : 26 Load : 184612
Quarter : 27 Load : 152000
Quarter : 28 Load : 67349
Quarter : 29 Load : 52201
Quarter : 30 Load : 30898
Quarter : 31 Load : 31220
Quarter : 32 Load : 28628
Quarter : 33 Load : 39050
Quarter : 34 Load : 24397
Quarter : 35 Load : 27061
Quarter : 36 Load : 28163
Quarter : 37 Load : 19946
Quarter : 38 Load : 30095
Quarter : 39 Load : 26538
Quarter : 40 Load : 32618
Quarter : 41 Load : 29660
Quarter : 42 Load : 16390
Quarter : 43 Load : 26807
Quarter : 44 Load : 45769
Quarter : 45 Load : 23453
Quarter : 46 Load : 22339
Quarter : 47 Load : 19390
Quarter : 48 Load : 20368
Quarter : 49 Load : 13375
Quarter : 50 Load : 13223
Quarter : 51 Load : 23099
Quarter : 52 Load : 15616
Quarter : 53 Load : 13708
Quarter : 54 Load : 17750
Quarter : 55 Load : 11864
Quarter : 56 Load : 17215
Quarter : 57 Load : 20193
Quarter : 58 Load : 11352
Quarter : 59 Load : 18322
Quarter : 60 Load : 30027
Quarter : 61 Load : 20674
Quarter : 62 Load : 17960
Quarter : 63 Load : 20591
Quarter : 64 Load : 20919
Quarter : 65 Load : 20775
Quarter : 66 Load : 21084
Quarter : 67 Load : 33186
Quarter : 68 Load : 18879
Quarter : 69 Load : 18333
Quarter : 70 Load : 31584
Quarter : 71 Load : 25630
Quarter : 72 Load : 30694
Quarter : 73 Load : 32771
Quarter : 74 Load : 28517
Quarter : 75 Load : 22401
Quarter : 76 Load : 21375
Quarter : 77 Load : 18445
Quarter : 78 Load : 18972
Quarter : 79 Load : 19570
Quarter : 80 Load : 21890
Quarter : 81 Load : 22084
Quarter : 82 Load : 16097
Quarter : 83 Load : 31247
Quarter : 84 Load : 17876
Quarter : 85 Load : 19449
Quarter : 86 Load : 24891
Quarter : 87 Load : 17242
Quarter : 88 Load : 17247
Quarter : 89 Load : 19081
Quarter : 90 Load : 28034
Quarter : 91 Load : 13043
Quarter : 92 Load : 4306
Quarter : 93 Load : 3146
Quarter : 94 Load : 2176
Quarter : 95 Load : 1056
Quarter : 96 Load : 707
Day 2
Quarter : 1 Load : 6782
Quarter : 2 Load : 3314
Quarter : 3 Load : 3314
Quarter : 4 Load : 6395
Quarter : 5 Load : 6395
Quarter : 6 Load : 10266
Quarter : 7 Load : 10266
Quarter : 8 Load : 13380
Quarter : 9 Load : 13380
Quarter : 10 Load : 10066
Quarter : 11 Load : 10066
Quarter : 12 Load : 6985
Quarter : 13 Load : 6985
Quarter : 14 Load : 3114
Quarter : 15 Load : 5384
Quarter : 16 Load : 8381
Quarter : 17 Load : 13528
Quarter : 18 Load : 14057
Quarter : 19 Load : 24977
Quarter : 20 Load : 25616
Quarter : 21 Load : 29850
Quarter : 22 Load : 29850
Quarter : 23 Load : 27580
Quarter : 24 Load : 21941
Quarter : 25 Load : 22604
Quarter : 26 Load : 198835
Quarter : 27 Load : 155959
Quarter : 28 Load : 64273
Quarter : 29 Load : 47850
Quarter : 30 Load : 27934
Quarter : 31 Load : 28460
Quarter : 32 Load : 29730
Quarter : 33 Load : 24059
Quarter : 34 Load : 16210
Quarter : 35 Load : 17957
Quarter : 36 Load : 23665
Quarter : 37 Load : 22672
Quarter : 38 Load : 23922
Quarter : 39 Load : 23834
Quarter : 40 Load : 24490
Quarter : 41 Load : 24849
Quarter : 42 Load : 28896
Quarter : 43 Load : 26553
Quarter : 44 Load : 36035
Quarter : 45 Load : 34274
Quarter : 46 Load : 22342
Quarter : 47 Load : 24607
Quarter : 48 Load : 22243
Quarter : 49 Load : 32208
Quarter : 50 Load : 15217
Quarter : 51 Load : 13110
Quarter : 52 Load : 15169
Quarter : 53 Load : 26140
Quarter : 54 Load : 24675
Quarter : 55 Load : 23539
Quarter : 56 Load : 20727
Quarter : 57 Load : 25433
Quarter : 58 Load : 34488
Quarter : 59 Load : 21794
Quarter : 60 Load : 23655
Quarter : 61 Load : 36383
Quarter : 62 Load : 22561
Quarter : 63 Load : 19649
Quarter : 64 Load : 19640
Quarter : 65 Load : 23245
Quarter : 66 Load : 25883
Quarter : 67 Load : 22282
Quarter : 68 Load : 17761
Quarter : 69 Load : 21285
Quarter : 70 Load : 27609
Quarter : 71 Load : 39188
Quarter : 72 Load : 22788
[...]
Quarter : 53 Load : 36707
Quarter : 54 Load : 26968
Quarter : 55 Load : 26707
Quarter : 56 Load : 19586
Quarter : 57 Load : 19317
Quarter : 58 Load : 17883
Quarter : 59 Load : 20648
Quarter : 60 Load : 75573
Quarter : 61 Load : 44496
Quarter : 62 Load : 33535
Quarter : 63 Load : 26228
Quarter : 64 Load : 45237
Quarter : 65 Load : 32985
Quarter : 66 Load : 21536
Quarter : 67 Load : 29656
Quarter : 68 Load : 44968
Quarter : 69 Load : 27587
Quarter : 70 Load : 40112
Quarter : 71 Load : 21159
Quarter : 72 Load : 17306
Quarter : 73 Load : 16681
Quarter : 74 Load : 20402
Quarter : 75 Load : 36531
Quarter : 76 Load : 33720
Quarter : 77 Load : 14590
Quarter : 78 Load : 23365
Quarter : 79 Load : 21182
Quarter : 80 Load : 20532
Quarter : 81 Load : 28301
Quarter : 82 Load : 24031
Quarter : 83 Load : 17384
Quarter : 84 Load : 18604
Quarter : 85 Load : 38742
Quarter : 86 Load : 25852
Quarter : 87 Load : 16431
Quarter : 88 Load : 13903
Quarter : 89 Load : 16478
Quarter : 90 Load : 15901
Quarter : 91 Load : 11619
Quarter : 92 Load : 8048
Quarter : 93 Load : 4287
Quarter : 94 Load : 4109
Quarter : 95 Load : 264
Quarter : 96 Load : 182
Day 1
Quarter : 1 Load : 6542
Quarter : 2 Load : 3329
Quarter : 3 Load : 3329
Quarter : 4 Load : 3329
Quarter : 5 Load : 3329
Quarter : 6 Load : 3329
Quarter : 7 Load : 3329
Quarter : 8 Load : 3329
Quarter : 9 Load : 3329
Quarter : 10 Load : 0
Quarter : 11 Load : 0
Quarter : 12 Load : 0
Quarter : 13 Load : 0
Quarter : 14 Load : 0
Quarter : 15 Load : 0
Quarter : 16 Load : 0
Quarter : 17 Load : 7600
Quarter : 18 Load : 10698
Quarter : 19 Load : 15597
Quarter : 20 Load : 15597
Quarter : 21 Load : 15597
Quarter : 22 Load : 15597
Quarter : 23 Load : 16157
Quarter : 24 Load : 16796
Quarter : 25 Load : 17330
Quarter : 26 Load : 283936
Quarter : 27 Load : 131203
Quarter : 28 Load : 61003
Quarter : 29 Load : 48940
Quarter : 30 Load : 22777
Quarter : 31 Load : 19948
Quarter : 32 Load : 19844
Quarter : 33 Load : 19543
Quarter : 34 Load : 21706
Quarter : 35 Load : 21187
Quarter : 36 Load : 19741
Quarter : 37 Load : 29752
Quarter : 38 Load : 21265
Quarter : 39 Load : 26846
Quarter : 40 Load : 63612
Quarter : 41 Load : 41130
Quarter : 42 Load : 23744
Quarter : 43 Load : 21654
Quarter : 44 Load : 36255
Quarter : 45 Load : 21855
Quarter : 46 Load : 26845
Quarter : 47 Load : 15765
Quarter : 48 Load : 18350
Quarter : 49 Load : 15640
Quarter : 50 Load : 16932
Quarter : 51 Load : 20464
Quarter : 52 Load : 19111
Quarter : 53 Load : 28307
Quarter : 54 Load : 23589
Quarter : 55 Load : 32508
Quarter : 56 Load : 32862
Quarter : 57 Load : 46625
Quarter : 58 Load : 25456
Quarter : 59 Load : 27033
Quarter : 60 Load : 21433
Quarter : 61 Load : 19446
Quarter : 62 Load : 15991
Quarter : 63 Load : 18930
Quarter : 64 Load : 25469
Quarter : 65 Load : 37020
Quarter : 66 Load : 27295
Quarter : 67 Load : 18233
Quarter : 68 Load : 27954
Quarter : 69 Load : 16557
Quarter : 70 Load : 14836
Quarter : 71 Load : 18550
Quarter : 72 Load : 24205
Quarter : 73 Load : 22893
Quarter : 74 Load : 30632
Quarter : 75 Load : 20365
Quarter : 76 Load : 21503
Quarter : 77 Load : 20296
Quarter : 78 Load : 40370
Quarter : 79 Load : 23298
Quarter : 80 Load : 17209
Quarter : 81 Load : 20317
Quarter : 82 Load : 21264
Quarter : 83 Load : 18444
Quarter : 84 Load : 21004
Quarter : 85 Load : 21377
Quarter : 86 Load : 38119
Quarter : 87 Load : 41792
Quarter : 88 Load : 18321
Quarter : 89 Load : 38512
Quarter : 90 Load : 18270
Quarter : 91 Load : 35864
Quarter : 92 Load : 4781
Quarter : 93 Load : 3057
Quarter : 94 Load : 860
Quarter : 95 Load : 879
Quarter : 96 Load : 85
Day 2
Quarter : 1 Load : 6320
Quarter : 2 Load : 0
Quarter : 3 Load : 0
Quarter : 4 Load : 0
Quarter : 5 Load : 0
Quarter : 6 Load : 0
Quarter : 7 Load : 0
Quarter : 8 Load : 0
Quarter : 9 Load : 0
Quarter : 10 Load : 0
Quarter : 11 Load : 3098
Quarter : 12 Load : 3098
Quarter : 13 Load : 6427
Quarter : 14 Load : 6427
Quarter : 15 Load : 6427
Quarter : 16 Load : 6427
Quarter : 17 Load : 10344
Quarter : 18 Load : 10344
Quarter : 19 Load : 11850
Quarter : 20 Load : 11850
Quarter : 21 Load : 8521
Quarter : 22 Load : 9005
Quarter : 23 Load : 9005
Quarter : 24 Load : 9005
Quarter : 25 Load : 9549
Quarter : 26 Load : 231534
Quarter : 27 Load : 168830
Quarter : 28 Load : 58222
Quarter : 29 Load : 61277
Quarter : 30 Load : 21653
Quarter : 31 Load : 33925
Quarter : 32 Load : 28975
Quarter : 33 Load : 19944
Quarter : 34 Load : 23505
Quarter : 35 Load : 38556
Quarter : 36 Load : 17987
Quarter : 37 Load : 12663
Quarter : 38 Load : 11591
Quarter : 39 Load : 27584
Quarter : 40 Load : 21411
Quarter : 41 Load : 25707
Quarter : 42 Load : 27703
Quarter : 43 Load : 23282
Quarter : 44 Load : 30489
Quarter : 45 Load : 21513
Quarter : 46 Load : 33391
Quarter : 47 Load : 36205
Quarter : 48 Load : 23982
Quarter : 49 Load : 28906
Quarter : 50 Load : 29138
Quarter : 51 Load : 44833
Quarter : 52 Load : 33448
Quarter : 53 Load : 23415
Quarter : 54 Load : 38558
Quarter : 55 Load : 25426
Quarter : 56 Load : 20586
Quarter : 57 Load : 18316
Quarter : 58 Load : 23133
Quarter : 59 Load : 22341
Quarter : 60 Load : 19660
Quarter : 61 Load : 19918
Quarter : 62 Load : 20397
Quarter : 63 Load : 20064
Quarter : 64 Load : 15095
Quarter : 65 Load : 16024
Quarter : 66 Load : 41853
Quarter : 67 Load : 24323
Quarter : 68 Load : 23668
Quarter : 69 Load : 22059
Quarter : 70 Load : 47682
Quarter : 71 Load : 29289
Quarter : 72 Load : 17106
Quarter : 73 Load : 17835
Quarter : 74 Load : 19076
Quarter : 75 Load : 30635
Quarter : 76 Load : 19569
Quarter : 77 Load : 18747
Quarter : 78 Load : 15967
Quarter : 79 Load : 19788
Quarter : 80 Load : 51565
Quarter : 81 Load : 21706
Quarter : 82 Load : 21400
Quarter : 83 Load : 21532
Quarter : 84 Load : 25514
Quarter : 85 Load : 29568
Quarter : 86 Load : 20142
Quarter : 87 Load : 18814
Quarter : 88 Load : 35128
Quarter : 89 Load : 24739
Quarter : 90 Load : 26127
Quarter : 91 Load : 12904
Quarter : 92 Load : 3730
Quarter : 93 Load : 3870
Quarter : 94 Load : 1723
Quarter : 95 Load : 3631
Quarter : 96 Load : 341
Day 3
Quarter : 1 Load : 7206
Quarter : 2 Load : 0
Quarter : 3 Load : 0
Quarter : 4 Load : 3098
Quarter : 5 Load : 3098
Quarter : 6 Load : 3098
Quarter : 7 Load : 6427
Quarter : 8 Load : 6427
Quarter : 9 Load : 6427
Quarter : 10 Load : 6427
Quarter : 11 Load : 6427
Quarter : 12 Load : 3329
Quarter : 13 Load : 3329
Quarter : 14 Load : 6124
Quarter : 15 Load : 2795
Quarter : 16 Load : 2795
Quarter : 17 Load : 5135
Quarter : 18 Load : 5696
Quarter : 19 Load : 8882
Quarter : 20 Load : 8882
Quarter : 21 Load : 8882
Quarter : 22 Load : 6087
Quarter : 23 Load : 6087
Quarter : 24 Load : 6605
Quarter : 25 Load : 7062
Quarter : 26 Load : 212294
Quarter : 27 Load : 144405
Quarter : 28 Load : 68682
Quarter : 29 Load : 56030
Quarter : 30 Load : 40413
Quarter : 31 Load : 21579
Quarter : 32 Load : 23446
Quarter : 33 Load : 21223
Quarter : 34 Load : 30823
Quarter : 35 Load : 20812
Quarter : 36 Load : 40137
Quarter : 37 Load : 27767
Quarter : 38 Load : 20821
Quarter : 39 Load : 18367
Quarter : 40 Load : 17996
Quarter : 41 Load : 19525
Quarter : 42 Load : 29702
Quarter : 43 Load : 42891
Quarter : 44 Load : 27072
Quarter : 45 Load : 55682
Quarter : 46 Load : 27780
Quarter : 47 Load : 22434
Quarter : 48 Load : 21127
Quarter : 49 Load : 38694
Quarter : 50 Load : 24650
Quarter : 51 Load : 20940
Quarter : 52 Load : 37277
Quarter : 53 Load : 40912
Quarter : 54 Load : 40359
Quarter : 55 Load : 26134
Quarter : 56 Load : 24571
Quarter : 57 Load : 22847
Quarter : 58 Load : 18125
Quarter : 59 Load : 27722
Quarter : 60 Load : 25219
Quarter : 61 Load : 25503
Quarter : 62 Load : 23635
Quarter : 63 Load : 13040
Quarter : 64 Load : 26037
Quarter : 65 Load : 10485
Quarter : 66 Load : 10590
Quarter : 67 Load : 36266
Quarter : 68 Load : 30632
Quarter : 69 Load : 16886
Quarter : 70 Load : 18798
Quarter : 71 Load : 15096
Quarter : 72 Load : 17603
Quarter : 73 Load : 35579
Quarter : 74 Load : 37141
Quarter : 75 Load : 33034
Quarter : 76 Load : 23166
Quarter : 77 Load : 34534
Quarter : 78 Load : 26133
Quarter : 79 Load : 23115
Quarter : 80 Load : 24115
Quarter : 81 Load : 19461
Quarter : 82 Load : 18896
Quarter : 83 Load : 27666
Quarter : 84 Load : 14483
Quarter : 85 Load : 40706
Quarter : 86 Load : 30304
Quarter : 87 Load : 43754
Quarter : 88 Load : 12035
Quarter : 89 Load : 32646
Quarter : 90 Load : 17933
Quarter : 91 Load : 19188
Quarter : 92 Load : 6342
Quarter : 93 Load : 3045
Quarter : 94 Load : 994
Quarter : 95 Load : 106
Quarter : 96 Load : 664
Day 4
Quarter : 1 Load : 7309
Quarter : 2 Load : 2795
Quarter : 3 Load : 2795
Quarter : 4 Load : 2795
Quarter : 5 Load : 2795
Quarter : 6 Load : 2795
Quarter : 7 Load : 2795
Quarter : 8 Load : 2795
Quarter : 9 Load : 2795
Quarter : 10 Load : 0
Quarter : 11 Load : 0
Quarter : 12 Load : 0
Quarter : 13 Load : 0
Quarter : 14 Load : 0
Quarter : 15 Load : 3098
Quarter : 16 Load : 3098
Quarter : 17 Load : 5999
Quarter : 18 Load : 9328
Quarter : 19 Load : 17714
Quarter : 20 Load : 17714
Quarter : 21 Load : 17714
Quarter : 22 Load : 17714
Quarter : 23 Load : 14616
Quarter : 24 Load : 14616
Quarter : 25 Load : 18033
Quarter : 26 Load : 227553
Quarter : 27 Load : 139845
Quarter : 28 Load : 65320
Quarter : 29 Load : 58256
Quarter : 30 Load : 52340
Quarter : 31 Load : 28136
Quarter : 32 Load : 32645
Quarter : 33 Load : 22803
Quarter : 34 Load : 48107
Quarter : 35 Load : 21199
Quarter : 36 Load : 33404
Quarter : 37 Load : 15608
Quarter : 38 Load : 22661
Quarter : 39 Load : 18643
Quarter : 40 Load : 28119
Quarter : 41 Load : 23934
Quarter : 42 Load : 37337
Quarter : 43 Load : 18283
Quarter : 44 Load : 16377
Quarter : 45 Load : 13837
Quarter : 46 Load : 26785
Quarter : 47 Load : 21061
Quarter : 48 Load : 20131
Quarter : 49 Load : 49779
Quarter : 50 Load : 28472
Quarter : 51 Load : 20041
Quarter : 52 Load : 30048
Quarter : 53 Load : 30481
Quarter : 54 Load : 21459
Quarter : 55 Load : 19394
Quarter : 56 Load : 21478
Quarter : 57 Load : 32383
Quarter : 58 Load : 26150
Quarter : 59 Load : 24710
Quarter : 60 Load : 21787
Quarter : 61 Load : 21069
Quarter : 62 Load : 31334
Quarter : 63 Load : 18100
Quarter : 64 Load : 32467
Quarter : 65 Load : 17188
Quarter : 66 Load : 20527
Quarter : 67 Load : 22331
Quarter : 68 Load : 23855
Quarter : 69 Load : 26524
Quarter : 70 Load : 24505
Quarter : 71 Load : 46136
Quarter : 72 Load : 39909
Quarter : 73 Load : 26789
Quarter : 74 Load : 38453
Quarter : 75 Load : 27313
Quarter : 76 Load : 24971
Quarter : 77 Load : 44959
Quarter : 78 Load : 15956
Quarter : 79 Load : 18795
Quarter : 80 Load : 19747
Quarter : 81 Load : 19407
Quarter : 82 Load : 16013
Quarter : 83 Load : 20239
Quarter : 84 Load : 19233
Quarter : 85 Load : 35586
Quarter : 86 Load : 23099
Quarter : 87 Load : 32160
Quarter : 88 Load : 42917
Quarter : 89 Load : 16087
Quarter : 90 Load : 11002
Quarter : 91 Load : 11367
Quarter : 92 Load : 5651
Quarter : 93 Load : 3273
Quarter : 94 Load : 2256
Quarter : 95 Load : 1000
Quarter : 96 Load : 183
Day 5
Quarter : 1 Load : 6608
Quarter : 2 Load : 0
Quarter : 3 Load : 0
Quarter : 4 Load : 0
Quarter : 5 Load : 0
Quarter : 6 Load : 0
Quarter : 7 Load : 0
Quarter : 8 Load : 0
Quarter : 9 Load : 0
Quarter : 10 Load : 0
Quarter : 11 Load : 0
Quarter : 12 Load : 0
Quarter : 13 Load : 0
Quarter : 14 Load : 3098
Quarter : 15 Load : 3098
Quarter : 16 Load : 3098
Quarter : 17 Load : 6034
Quarter : 18 Load : 6034
Quarter : 19 Load : 8919
Quarter : 20 Load : 8919
Quarter : 21 Load : 11714
Quarter : 22 Load : 8616
Quarter : 23 Load : 8616
Quarter : 24 Load : 9104
Quarter : 25 Load : 9104
Quarter : 26 Load : 283723
Quarter : 27 Load : 140826
Quarter : 28 Load : 60594
Quarter : 29 Load : 53215
Quarter : 30 Load : 32342
Quarter : 31 Load : 24604
Quarter : 32 Load : 20080
Quarter : 33 Load : 22272
Quarter : 34 Load : 28792
Quarter : 35 Load : 23661
Quarter : 36 Load : 21867
Quarter : 37 Load : 35256
Quarter : 38 Load : 36053
Quarter : 39 Load : 14871
Quarter : 40 Load : 18804
Quarter : 41 Load : 19848
Quarter : 42 Load : 21007
Quarter : 43 Load : 17438
Quarter : 44 Load : 32171
Quarter : 45 Load : 26152
Quarter : 46 Load : 24606
Quarter : 47 Load : 18717
Quarter : 48 Load : 18782
Quarter : 49 Load : 16510
Quarter : 50 Load : 19442
Quarter : 51 Load : 19615
Quarter : 52 Load : 21028
Quarter : 53 Load : 31911
Quarter : 54 Load : 25328
Quarter : 55 Load : 22219
Quarter : 56 Load : 24116
Quarter : 57 Load : 26549
Quarter : 58 Load : 38059
Quarter : 59 Load : 22347
Quarter : 60 Load : 24595
Quarter : 61 Load : 22311
Quarter : 62 Load : 35762
Quarter : 63 Load : 30091
Quarter : 64 Load : 31595
Quarter : 65 Load : 17395
Quarter : 66 Load : 20397
Quarter : 67 Load : 34456
Quarter : 68 Load : 25171
Quarter : 69 Load : 28919
Quarter : 70 Load : 35871
Quarter : 71 Load : 25355
Quarter : 72 Load : 32871
Quarter : 73 Load : 22787
Quarter : 74 Load : 34925
Quarter : 75 Load : 46309
Quarter : 76 Load : 28428
Quarter : 77 Load : 31946
Quarter : 78 Load : 32728
Quarter : 79 Load : 23823
Quarter : 80 Load : 31956
Quarter : 81 Load : 20745
Quarter : 82 Load : 35907
Quarter : 83 Load : 27379
Quarter : 84 Load : 28108
Quarter : 85 Load : 27314
Quarter : 86 Load : 19304
Quarter : 87 Load : 29231
Quarter : 88 Load : 16281
Quarter : 89 Load : 15332
Quarter : 90 Load : 13278
Quarter : 91 Load : 27459
Quarter : 92 Load : 5057
Quarter : 93 Load : 4060
Quarter : 94 Load : 3389
Quarter : 95 Load : 451
Quarter : 96 Load : 182
Day 6
Quarter : 1 Load : 7417
Quarter : 2 Load : 0
Quarter : 3 Load : 0
Quarter : 4 Load : 0
Quarter : 5 Load : 0
Quarter : 6 Load : 3329
Quarter : 7 Load : 3329
Quarter : 8 Load : 3329
Quarter : 9 Load : 3329
Quarter : 10 Load : 3329
Quarter : 11 Load : 3329
Quarter : 12 Load : 3329
Quarter : 13 Load : 3329
Quarter : 14 Load : 0
Quarter : 15 Load : 0
Quarter : 16 Load : 0
Quarter : 17 Load : 1985
Quarter : 18 Load : 1985
Quarter : 19 Load : 3064
Quarter : 20 Load : 3064
Quarter : 21 Load : 3064
Quarter : 22 Load : 3596
Quarter : 23 Load : 4586
Quarter : 24 Load : 4586
Quarter : 25 Load : 7381
Quarter : 26 Load : 230896
Quarter : 27 Load : 132878
Quarter : 28 Load : 60822
Quarter : 29 Load : 58325
Quarter : 30 Load : 31597
Quarter : 31 Load : 21608
Quarter : 32 Load : 25930
Quarter : 33 Load : 25181
Quarter : 34 Load : 32875
Quarter : 35 Load : 21854
Quarter : 36 Load : 13797
Quarter : 37 Load : 20811
Quarter : 38 Load : 31093
Quarter : 39 Load : 14392
Quarter : 40 Load : 18377
Quarter : 41 Load : 16330
Quarter : 42 Load : 31307
Quarter : 43 Load : 19918
Quarter : 44 Load : 15183
Quarter : 45 Load : 18554
Quarter : 46 Load : 32831
Quarter : 47 Load : 15547
Quarter : 48 Load : 19424
Quarter : 49 Load : 18969
Quarter : 50 Load : 16516
Quarter : 51 Load : 17080
Quarter : 52 Load : 9627
Quarter : 53 Load : 27226
Quarter : 54 Load : 21388
Quarter : 55 Load : 22176
Quarter : 56 Load : 32689
Quarter : 57 Load : 19669
Quarter : 58 Load : 15908
Quarter : 59 Load : 21351
Quarter : 60 Load : 20890
Quarter : 61 Load : 43048
Quarter : 62 Load : 13060
Quarter : 63 Load : 32698
Quarter : 64 Load : 17969
Quarter : 65 Load : 9002
Quarter : 66 Load : 21694
Quarter : 67 Load : 20128
Quarter : 68 Load : 24953
Quarter : 69 Load : 16668
Quarter : 70 Load : 32650
Quarter : 71 Load : 15632
Quarter : 72 Load : 15130
Quarter : 73 Load : 10999
Quarter : 74 Load : 25609
Quarter : 75 Load : 11763
Quarter : 76 Load : 15338
Quarter : 77 Load : 17805
Quarter : 78 Load : 15804
Quarter : 79 Load : 25338
Quarter : 80 Load : 29298
Quarter : 81 Load : 17713
Quarter : 82 Load : 31607
Quarter : 83 Load : 34637
Quarter : 84 Load : 19729
Quarter : 85 Load : 31259
Quarter : 86 Load : 30992
Quarter : 87 Load : 39693
Quarter : 88 Load : 11903
Quarter : 89 Load : 32190
Quarter : 90 Load : 22301
Quarter : 91 Load : 14345
Quarter : 92 Load : 6572
Quarter : 93 Load : 2471
Quarter : 94 Load : 4031
Quarter : 95 Load : 464
Quarter : 96 Load : 403
Day 0
Hour : 1 Load : 7430
Hour : 2 Load : 6196
Hour : 3 Load : 12392
Hour : 4 Load : 12854
Hour : 5 Load : 26642
Hour : 6 Load : 36201
Hour : 7 Load : 397328
Hour : 8 Load : 156267
Hour : 9 Load : 113171
Hour : 10 Load : 124484
Hour : 11 Load : 96021
Hour : 12 Load : 150075
Hour : 13 Load : 109989
Hour : 14 Load : 109968
Hour : 15 Load : 133421
Hour : 16 Load : 149496
Hour : 17 Load : 129145
Hour : 18 Load : 106164
Hour : 19 Load : 107334
Hour : 20 Load : 79669
Hour : 21 Load : 88320
Hour : 22 Load : 94928
Hour : 23 Load : 52046
Hour : 24 Load : 8842
Day 1
Hour : 1 Load : 16529
Hour : 2 Load : 13316
Hour : 3 Load : 3329
Hour : 4 Load : 0
Hour : 5 Load : 49492
Hour : 6 Load : 64147
Hour : 7 Load : 493472
Hour : 8 Load : 111509
Hour : 9 Load : 82177
Hour : 10 Load : 141475
Hour : 11 Load : 122783
Hour : 12 Load : 82815
Hour : 13 Load : 72147
Hour : 14 Load : 117266
Hour : 15 Load : 120547
Hour : 16 Load : 79836
Hour : 17 Load : 110502
Hour : 18 Load : 74148
Hour : 19 Load : 95393
Hour : 20 Load : 101173
Hour : 21 Load : 81029
Hour : 22 Load : 119609
Hour : 23 Load : 97427
Hour : 24 Load : 4881
Day 2
Hour : 1 Load : 6320
Hour : 2 Load : 0
Hour : 3 Load : 6196
Hour : 4 Load : 25708
Hour : 5 Load : 44388
Hour : 6 Load : 35536
Hour : 7 Load : 468135
Hour : 8 Load : 145830
Hour : 9 Load : 99992
Hour : 10 Load : 73249
Hour : 11 Load : 107181
Hour : 12 Load : 115091
Hour : 13 Load : 136325
Hour : 14 Load : 107985
Hour : 15 Load : 83450
Hour : 16 Load : 75474
Hour : 17 Load : 105868
Hour : 18 Load : 116136
Hour : 19 Load : 87115
Hour : 20 Load : 106067
Hour : 21 Load : 90152
Hour : 22 Load : 103652
Hour : 23 Load : 67500
Hour : 24 Load : 9565
Day 3
Hour : 1 Load : 10304
Hour : 2 Load : 19050
Hour : 3 Load : 22610
Hour : 4 Load : 15043
Hour : 5 Load : 28595
Hour : 6 Load : 27661
Hour : 7 Load : 432443
Hour : 8 Load : 141468
Hour : 9 Load : 112995
Hour : 10 Load : 84951
Hour : 11 Load : 119190
Hour : 12 Load : 127023
Hour : 13 Load : 121561
Hour : 14 Load : 131976
Hour : 15 Load : 93913
Hour : 16 Load : 88215
Hour : 17 Load : 87973
Hour : 18 Load : 68383
Hour : 19 Load : 128920
Hour : 20 Load : 107897
Hour : 21 Load : 80506
Hour : 22 Load : 126799
Hour : 23 Load : 76109
Hour : 24 Load : 4809
Day 4
Hour : 1 Load : 15694
Hour : 2 Load : 11180
Hour : 3 Load : 2795
Hour : 4 Load : 6196
Hour : 5 Load : 50755
Hour : 6 Load : 64660
Hour : 7 Load : 450751
Hour : 8 Load : 171377
Hour : 9 Load : 125513
Hour : 10 Load : 85031
Hour : 11 Load : 95931
Hour : 12 Load : 81814
Hour : 13 Load : 128340
Hour : 14 Load : 92812
Hour : 15 Load : 105030
Hour : 16 Load : 102970
Hour : 17 Load : 83901
Hour : 18 Load : 137074
Hour : 19 Load : 117526
Hour : 20 Load : 99457
Hour : 21 Load : 74892
Hour : 22 Load : 133762
Hour : 23 Load : 44107
Hour : 24 Load : 6712
Day 5
Hour : 1 Load : 6608
Hour : 2 Load : 0
Hour : 3 Load : 0
Hour : 4 Load : 9294
Hour : 5 Load : 29906
Hour : 6 Load : 38050
Hour : 7 Load : 494247
Hour : 8 Load : 130241
Hour : 9 Load : 96592
Hour : 10 Load : 104984
Hour : 11 Load : 90464
Hour : 12 Load : 88257
Hour : 13 Load : 76595
Hour : 14 Load : 103574
Hour : 15 Load : 111550
Hour : 16 Load : 119759
Hour : 17 Load : 97419
Hour : 18 Load : 123016
Hour : 19 Load : 132449
Hour : 20 Load : 120453
Hour : 21 Load : 112139
Hour : 22 Load : 92130
Hour : 23 Load : 61126
Hour : 24 Load : 8082
Day 6
Hour : 1 Load : 7417
Hour : 2 Load : 9987
Hour : 3 Load : 13316
Hour : 4 Load : 3329
Hour : 5 Load : 10098
Hour : 6 Load : 15832
Hour : 7 Load : 431977
Hour : 8 Load : 137460
Hour : 9 Load : 93707
Hour : 10 Load : 84673
Hour : 11 Load : 82738
Hour : 12 Load : 86356
Hour : 13 Load : 62192
Hour : 14 Load : 103479
Hour : 15 Load : 77818
Hour : 16 Load : 106775
Hour : 17 Load : 75777
Hour : 18 Load : 80080
Hour : 19 Load : 63709
Hour : 20 Load : 88245
Hour : 21 Load : 103686
Hour : 22 Load : 113847
Hour : 23 Load : 75408
Hour : 24 Load : 7369
End of initialization

]]></system-out>
  <system-err><![CDATA[--Output from testCreationAndSubscriptionToDefault--
--Output from testPowerConsumption--
--Output from testChangingSubscriptions--
--Output from testRevokingSubscriptions--
--Output from testTariffPublication--
]]></system-err>
</testsuite>
