<?xml version="1.0" encoding="UTF-8" ?>
<testsuites>
  <testsuite errors="0" failures="0" hostname="Anty-PC" id="0" name="CustomerServiceTests" package="powertac.household.customer" tests="1" time="9.218" timestamp="2011-05-20T13:16:11">
      <properties />

      <testcase classname="powertac.household.customer.CustomerServiceTests" name="testEvaluatingTariffs" time="9.202" />

      <system-out><![CDATA[--Output from testEvaluatingTariffs--
Number Of Subscriptions in DB: 2
Time Base: 2011-01-01T12:00:00.000Z
Time Base: 2011-01-01T12:00:00.000Z
Time Base: 2011-01-01T12:00:00.000Z
Time Base: 2011-01-01T12:00:00.000Z
Time Base: 2011-01-01T12:00:00.000Z
Time Base: 2011-01-01T12:00:00.000Z
Time Base: 2011-01-01T12:00:00.000Z
Time Base: 2011-01-01T12:00:00.000Z
]]></system-out>

      <system-err><![CDATA[--Output from testEvaluatingTariffs--
]]></system-err>

  </testsuite>
</testsuites>
